1.020261526107788
0.7271220684051514
0.7357897758483887
0.7358083724975586
0.7514622211456299
0.7493739128112793
0.7628397941589355
0.7516529560089111
0.7561845779418945
0.7790749073028564
0.8307638168334961
0.7645084857940674
0.7820737361907959
0.7690398693084717
0.7703864574432373
0.7684011459350586
0.8338978290557861
0.8444180488586426
0.8112831115722656
0.8154642581939697
0.8529796600341797
0.837895393371582
0.8500974178314209
0.828331470489502
0.8881444931030273
0.837731122970581
0.8367495536804199
0.8160426616668701
0.8095731735229492
0.8194072246551514
0.8790571689605713
0.8146846294403076
0.834740161895752
0.848233699798584
0.8554506301879883
0.8460321426391602
0.8383560180664062
0.886784553527832
0.8430263996124268
0.8327550888061523
0.8352105617523193
0.7987267971038818
0.8204941749572754
0.7826499938964844
0.8243062496185303
0.7502882480621338
0.7581205368041992
0.7363698482513428
0.7227118015289307
0.6939480304718018
0.7101213932037354
0.6917641162872314
0.6739368438720703
0.6594734191894531
0.6226677894592285
0.20659565925598145
0.04521322250366211
0.018558740615844727
0.006772756576538086
0.0026328563690185547
0.7028951644897461
0.764333963394165
0.7254784107208252
0.7263193130493164
0.7394258975982666
0.7441122531890869
0.7488443851470947
0.737363338470459
0.7417957782745361
0.762873649597168
0.8182528018951416
0.7530975341796875
0.772822380065918
0.7554309368133545
0.7566313743591309
0.7529215812683105
0.8186724185943604
0.7819080352783203
0.8522508144378662
0.8144505023956299
0.8466801643371582
0.8305730819702148
0.8384995460510254
0.822021484375
0.8721380233764648
0.8257498741149902
0.8247127532958984
0.806342363357544
0.8003151416778564
0.8088362216949463
0.8667600154876709
0.8144469261169434
0.8246629238128662
0.8364591598510742
0.8413152694702148
0.8326559066772461
0.8742074966430664
0.8199231624603271
0.8286709785461426
0.8180253505706787
0.8235065937042236
0.7846145629882812
0.8066813945770264
0.8260834217071533
0.7657809257507324
0.7380585670471191
0.7418465614318848
0.7248916625976562
0.7140891551971436
0.6862728595733643
0.6706440448760986
0.6759605407714844
0.6524362564086914
0.5279121398925781
0.07824110984802246
0.11340045928955078
0.022625446319580078
0.02017378807067871
0.005158185958862305
0.0026121139526367188
0.6954038143157959
0.7553987503051758
0.7175331115722656
0.7189023494720459
0.7350316047668457
0.7305359840393066
0.7401115894317627
0.729928731918335
0.7366642951965332
0.758394718170166
0.818397045135498
0.7568016052246094
0.776390790939331
0.7568204402923584
0.7598955631256104
0.7550923824310303
0.8207261562347412
0.7848513126373291
0.8504447937011719
0.8077688217163086
0.8438138961791992
0.8254549503326416
0.8338906764984131
0.8147397041320801
0.8681035041809082
0.8249106407165527
0.8249115943908691
0.8059358596801758
0.7963423728942871
0.8070516586303711
0.8209359645843506
0.8548524379730225
0.8222517967224121
0.8379085063934326
0.8441908359527588
0.8293247222900391
0.8212482929229736
0.869168758392334
0.8265907764434814
0.8168063163757324
0.8224809169769287
0.7846379280090332
0.8094820976257324
0.8178815841674805
0.7644920349121094
0.7392487525939941
0.74513840675354
0.7260119915008545
0.7160599231719971
0.6871483325958252
0.7040786743164062
0.6815659999847412
0.6633646488189697
0.6494462490081787
0.6150498390197754
0.20418477058410645
0.04469442367553711
0.018329381942749023
0.0067288875579833984
0.00258636474609375
0.7495028972625732
0.7118093967437744
0.7188868522644043
0.7182061672210693
0.7328524589538574
0.7328600883483887
0.7436134815216064
0.7306513786315918
0.7372641563415527
0.7594583034515381
0.8196840286254883
0.7531535625457764
0.7745649814605713
0.7561604976654053
0.7580204010009766
0.755295991897583
0.8175415992736816
0.8236804008483887
0.8000674247741699
0.8086726665496826
0.8484008312225342
0.8268425464630127
0.836719274520874
0.8203041553497314
0.878359317779541
0.8284728527069092
0.8277580738067627
0.811058521270752
0.8024890422821045
0.8106482028961182
0.8720579147338867
0.8065767288208008
0.8278887271881104
0.8403792381286621
0.8449647426605225
0.8363783359527588
0.8285157680511475
0.8732163906097412
0.8336441516876221
0.8208942413330078
0.8257913589477539
0.7884395122528076
0.8138401508331299
0.7742230892181396
0.8179552555084229
0.7414350509643555
0.7463033199310303
0.7279284000396729
0.71335768699646
0.6854782104492188
0.7031373977661133
0.6824758052825928
0.6664996147155762
0.6528904438018799
0.6147136688232422
0.20373964309692383
0.044595956802368164
0.018232107162475586
0.0066890716552734375
0.002603292465209961
0.6950356960296631
0.7580251693725586
0.7172300815582275
0.7179646492004395
0.731508731842041
0.7312777042388916
0.7432882785797119
0.7325456142425537
0.73779296875
0.7598226070404053
0.8193359375
0.7543151378631592
0.7759213447570801
0.7559137344360352
0.7580339908599854
0.7527148723602295
0.8198881149291992
0.7841148376464844
0.8494405746459961
0.802253246307373
0.8394520282745361
0.824120044708252
0.8349738121032715
0.8185734748840332
0.8737132549285889
0.8301889896392822
0.8240706920623779
0.8036537170410156
0.797694206237793
0.8054234981536865
0.8631241321563721
0.8010270595550537
0.8215668201446533
0.8341081142425537
0.8386240005493164
0.8326001167297363
0.8786122798919678
0.8285737037658691
0.8334553241729736
0.8197264671325684
0.8219842910766602
0.7843222618103027
0.8069055080413818
0.8193347454071045
0.765162467956543
0.7394096851348877
0.7451024055480957
0.7290301322937012
0.7132480144500732
0.6844666004180908
0.6728322505950928
0.6764545440673828
0.6530520915985107
0.5307719707489014
0.07799625396728516
0.11307883262634277
0.021175146102905273
0.018510103225708008
0.005202054977416992
0.002558469772338867
0.6943676471710205
0.7043964862823486
0.7659518718719482
0.718024730682373
0.7331705093383789
0.7322814464569092
0.7398464679718018
0.7285127639770508
0.7338099479675293
0.7558228969573975
0.8115382194519043
0.7530546188354492
0.7733566761016846
0.7545576095581055
0.7569692134857178
0.7522192001342773
0.818861722946167
0.7786259651184082
0.843926191329956
0.8033468723297119
0.8405320644378662
0.8206560611724854
0.8287410736083984
0.8167634010314941
0.8702023029327393
0.8284385204315186
0.824711799621582
0.80596923828125
0.8009963035583496
0.8040142059326172
0.8128697872161865
0.8533267974853516
0.8224318027496338
0.8384199142456055
0.8433201313018799
0.8360569477081299
0.8210275173187256
0.8663773536682129
0.8250555992126465
0.8168866634368896
0.8230340480804443
0.7839758396148682
0.8048174381256104
0.7682015895843506
0.809290885925293
0.734283447265625
0.7374515533447266
0.7209043502807617
0.7090363502502441
0.6836404800415039
0.6998755931854248
0.6769490242004395
0.6639678478240967
0.6466319561004639
0.6113436222076416
0.20160317420959473
0.04436755180358887
0.01810455322265625
0.0066661834716796875
0.0025768280029296875
0.6901664733886719
0.7005033493041992
0.7603328227996826
0.7137973308563232
0.7285151481628418
0.7249007225036621
0.7402489185333252
0.7281427383422852
0.7361791133880615
0.7558243274688721
0.7621190547943115
0.7948272228240967
0.7646815776824951
0.7452077865600586
0.7459580898284912
0.7455344200134277
0.810230016708374
0.7740609645843506
0.839801549911499
0.7995257377624512
0.8358039855957031
0.813969612121582
0.8256111145019531
0.8069696426391602
0.8121242523193359
0.8669908046722412
0.814239501953125
0.7962255477905273
0.7954351902008057
0.8038253784179688
0.8135707378387451
0.8409507274627686
0.819788932800293
0.8299152851104736
0.8321213722229004
0.8239290714263916
0.8173348903656006
0.8573148250579834
0.8216993808746338
0.8101885318756104
0.8156824111938477
0.7747476100921631
0.803678035736084
0.7683684825897217
0.7602193355560303
0.7836556434631348
0.7405469417572021
0.7108645439147949
0.7165477275848389
0.6998677253723145
0.6983492374420166
0.6747241020202637
0.6529459953308105
0.6278889179229736
0.6056158542633057
0.1537017822265625
0.03961825370788574
0.013651609420776367
0.005023002624511719
0.002574920654296875
0.6922004222869873
0.7012650966644287
0.7560684680938721
0.7110483646392822
0.7252683639526367
0.7249641418457031
0.7355420589447021
0.7281901836395264
0.7344505786895752
0.7553229331970215
0.7617325782775879
0.7987327575683594
0.7698545455932617
0.7510843276977539
0.7529785633087158
0.7513320446014404
0.8150472640991211
0.7734620571136475
0.8385045528411865
0.7973194122314453
0.8366057872772217
0.8177134990692139
0.8251626491546631
0.807039737701416
0.8138241767883301
0.8641819953918457
0.8105752468109131
0.7964200973510742
0.789717435836792
0.7999577522277832
0.8108110427856445
0.845949649810791
0.8186688423156738
0.8329102993011475
0.8331246376037598
0.8238863945007324
0.8135693073272705
0.8462193012237549
0.8064742088317871
0.8006021976470947
0.7922859191894531
0.7658689022064209
0.7465693950653076
0.7538411617279053
0.7513666152954102
0.7224624156951904
0.7953982353210449
0.7075786590576172
0.7132573127746582
0.6911473274230957
0.688539981842041
0.6649966239929199
0.6543560028076172
0.6363325119018555
0.60434889793396
0.15909361839294434
0.04282236099243164
0.018256425857543945
0.00673985481262207
0.0025908946990966797
0.690995454788208
0.6983656883239746
0.708153247833252
0.7555510997772217
0.7269067764282227
0.7270784378051758
0.7375965118408203
0.7282874584197998
0.7318012714385986
0.7554214000701904
0.7653372287750244
0.7468972206115723
0.8160512447357178
0.7516307830810547
0.7547445297241211
0.748967170715332
0.81085205078125
0.7706408500671387
0.7875237464904785
0.8442997932434082
0.8389768600463867
0.8206634521484375
0.8304505348205566
0.808525800704956
0.8138816356658936
0.8648436069488525
0.8187518119812012
0.8021337985992432
0.7960999011993408
0.8021671772003174
0.810962438583374
0.7929069995880127
0.8644547462463379
0.8280632495880127
0.8361585140228271
0.8249804973602295
0.8177845478057861
0.8077776432037354
0.8721814155578613
0.8154449462890625
0.8195827007293701
0.7828719615936279
0.8036887645721436
0.760653018951416
0.7517666816711426
0.7306637763977051
0.7844631671905518
0.7227022647857666
0.7118234634399414
0.6836962699890137
0.7011590003967285
0.6820690631866455
0.6644959449768066
0.646862268447876
0.6247086524963379
0.303769588470459
0.06375336647033691
0.01818537712097168
0.006740570068359375
0.002548694610595703
0.6904840469360352
0.7008707523345947
0.7089736461639404
0.7111320495605469
0.7770423889160156
0.7278549671173096
0.7391684055328369
0.7278494834899902
0.7336330413818359
0.7542355060577393
0.7639083862304688
0.7470777034759521
0.8129911422729492
0.7468926906585693
0.7494876384735107
0.7468173503875732
0.8081166744232178
0.7729067802429199
0.7873332500457764
0.8431472778320312
0.8387165069580078
0.8196249008178711
0.8285155296325684
0.815467357635498
0.8172998428344727
0.8153665065765381
0.8660538196563721
0.8033719062805176
0.791499137878418
0.8024489879608154
0.810460090637207
0.7965397834777832
0.8611414432525635
0.8299446105957031
0.83522629737854
0.8269667625427246
0.8191573619842529
0.8115954399108887
0.8211092948913574
0.8653385639190674
0.8241317272186279
0.7806715965270996
0.8035712242126465
0.7653141021728516
0.7597284317016602
0.7333378791809082
0.7828748226165771
0.7202422618865967
0.7060770988464355
0.6778974533081055
0.6615777015686035
0.6696081161499023
0.6429500579833984
0.5191998481750488
0.07722187042236328
0.10374808311462402
0.022324800491333008
0.019870519638061523
0.005089521408081055
0.0025954246520996094
