0.8838577270507812
0.6245815753936768
0.6352522373199463
0.6431484222412109
0.6531569957733154
0.6627838611602783
0.6625237464904785
0.6909661293029785
0.678002119064331
0.737539529800415
0.6973421573638916
0.7173421382904053
0.752861499786377
0.7751009464263916
0.7400209903717041
0.7534997463226318
0.8435401916503906
0.8116862773895264
0.8069889545440674
0.806499719619751
0.8093948364257812
0.8641719818115234
0.8009448051452637
0.8105428218841553
0.837744951248169
0.883228063583374
0.8140151500701904
0.806476354598999
0.8123445510864258
0.798314094543457
0.8037714958190918
0.8441743850708008
0.79366135597229
0.8019530773162842
0.8014914989471436
0.7774999141693115
0.8350906372070312
0.7731537818908691
0.7626738548278809
0.752974271774292
0.764141321182251
0.7438814640045166
0.7839517593383789
0.7226550579071045
0.7146601676940918
0.6938798427581787
0.6918935775756836
0.6668596267700195
0.6529116630554199
0.6441044807434082
0.6198227405548096
0.5966999530792236
0.6201446056365967
0.5554635524749756
0.40076756477355957
0.18010234832763672
0.03661775588989258
0.01363062858581543
0.004686117172241211
0.002391815185546875
0.6094908714294434
0.6159050464630127
0.6286277770996094
0.636605978012085
0.6431608200073242
0.6568002700805664
0.6564199924468994
0.6878323554992676
0.735405683517456
0.6924879550933838
0.6840200424194336
0.7018890380859375
0.7072479724884033
0.715350866317749
0.7978053092956543
0.7576215267181396
0.7398726940155029
0.7399091720581055
0.7142009735107422
0.7454559803009033
0.770871639251709
0.8117096424102783
0.7880821228027344
0.8088021278381348
0.7981216907501221
0.7986545562744141
0.8198504447937012
0.7798624038696289
0.7798550128936768
0.8017644882202148
0.8299398422241211
0.869945764541626
0.8083763122558594
0.8109397888183594
0.795048713684082
0.7855746746063232
0.8286283016204834
0.7781260013580322
0.795215368270874
0.7890090942382812
0.7762219905853271
0.7690215110778809
0.8029804229736328
0.7459187507629395
0.739520788192749
0.7146315574645996
0.6997928619384766
0.6694674491882324
0.6572420597076416
0.638685941696167
0.681779146194458
0.5957133769989014
0.5682134628295898
0.5514767169952393
0.4120509624481201
0.15789532661437988
0.05742955207824707
0.05507683753967285
0.018471717834472656
0.016148805618286133
0.006055116653442383
0.0023956298828125
0.6046192646026611
0.6125936508178711
0.6253998279571533
0.6333422660827637
0.6392667293548584
0.6497128009796143
0.6533000469207764
0.7310092449188232
0.6803476810455322
0.6866137981414795
0.6803104877471924
0.6972720623016357
0.7035856246948242
0.7088339328765869
0.7354483604431152
0.7038476467132568
0.7257184982299805
0.7627029418945312
0.7453441619873047
0.7358481884002686
0.7024908065795898
0.7959933280944824
0.7390596866607666
0.7571375370025635
0.7369494438171387
0.7835276126861572
0.7084474563598633
0.7795426845550537
0.7280066013336182
0.7300653457641602
0.7328450679779053
0.7421200275421143
0.676800012588501
0.7210898399353027
0.7722675800323486
0.8041036128997803
0.7943408489227295
0.7881286144256592
0.7647311687469482
0.797835111618042
0.6948704719543457
0.7226095199584961
0.6726856231689453
0.7025542259216309
0.6601173877716064
0.6727030277252197
0.6566324234008789
0.6462373733520508
0.6640195846557617
0.5964889526367188
0.5883316993713379
0.5620975494384766
0.5504293441772461
0.5277664661407471
0.44438910484313965
0.14984416961669922
0.03977012634277344
0.017255544662475586
0.004701375961303711
0.002362966537475586
0.6055762767791748
0.6130666732788086
0.6263995170593262
0.6333317756652832
0.6397926807403564
0.6505148410797119
0.6999742984771729
0.6780035495758057
0.6772079467773438
0.6861226558685303
0.681859016418457
0.6953079700469971
0.7032861709594727
0.7572436332702637
0.6884076595306396
0.7224738597869873
0.7223639488220215
0.7443430423736572
0.7456521987915039
0.7573916912078857
0.7873172760009766
0.7510488033294678
0.7458608150482178
0.7626018524169922
0.7778432369232178
0.7819216251373291
0.8326201438903809
0.7707304954528809
0.7996475696563721
0.7886362075805664
0.7823984622955322
0.8029799461364746
0.7653748989105225
0.7405602931976318
0.7757577896118164
0.7504580020904541
0.7906923294067383
0.8163628578186035
0.7780628204345703
0.7754507064819336
0.7752242088317871
0.7524313926696777
0.7523672580718994
0.7875230312347412
0.722160816192627
0.7081236839294434
0.7084450721740723
0.6940445899963379
0.6772909164428711
0.649648904800415
0.6177763938903809
0.6286089420318604
0.5599682331085205
0.5335073471069336
0.3595864772796631
0.05630898475646973
0.03988814353942871
0.008272647857666016
0.0060291290283203125
0.0023577213287353516
0.6032028198242188
0.61136794090271
0.6258435249328613
0.6340217590332031
0.6405971050262451
0.6503283977508545
0.6516735553741455
0.6782996654510498
0.7238397598266602
0.6864414215087891
0.6797549724578857
0.6967923641204834
0.703948974609375
0.7094337940216064
0.6866607666015625
0.7681717872619629
0.7211658954620361
0.7442765235900879
0.7453758716583252
0.7574422359466553
0.7359073162078857
0.798255205154419
0.746082067489624
0.7617218494415283
0.7780025005340576
0.7582302093505859
0.8212363719940186
0.7715718746185303
0.7998669147491455
0.7891411781311035
0.7824981212615967
0.7555229663848877
0.8160042762756348
0.7392652034759521
0.7754318714141846
0.7496731281280518
0.789973258972168
0.7656698226928711
0.8281176090240479
0.7796652317047119
0.7747902870178223
0.7538042068481445
0.7538478374481201
0.7387011051177979
0.7820954322814941
0.7129249572753906
0.7008237838745117
0.6762843132019043
0.6599440574645996
0.6416845321655273
0.6324198246002197
0.5961296558380127
0.5718085765838623
0.5505759716033936
0.4827125072479248
0.16157221794128418
0.03480172157287598
0.012122631072998047
0.004670381546020508
0.002362489700317383
0.6520438194274902
0.611161470413208
0.6245317459106445
0.633115291595459
0.6402978897094727
0.6484661102294922
0.6495816707611084
0.6790163516998291
0.6694290637969971
0.7303895950317383
0.6908483505249023
0.7111823558807373
0.7465837001800537
0.7700669765472412
0.7370574474334717
0.7474441528320312
0.8313229084014893
0.7980878353118896
0.798137903213501
0.8015940189361572
0.8042480945587158
0.8572876453399658
0.79445481300354
0.8020937442779541
0.8306963443756104
0.8762314319610596
0.8049657344818115
0.7968776226043701
0.8014309406280518
0.7770547866821289
0.7862467765808105
0.8453705310821533
0.8150796890258789
0.7997746467590332
0.7938523292541504
0.792515754699707
0.8232967853546143
0.7322957515716553
0.7335224151611328
0.7283060550689697
0.746955156326294
0.7248528003692627
0.7883014678955078
0.7024569511413574
0.6890265941619873
0.6677379608154297
0.6710085868835449
0.6517291069030762
0.6393742561340332
0.6289081573486328
0.6021265983581543
0.5799076557159424
0.5584943294525146
0.5415551662445068
0.34848570823669434
0.1560499668121338
0.028499841690063477
0.017501354217529297
0.005987882614135742
0.002312898635864258
0.6011757850646973
0.6096739768981934
0.6230161190032959
0.6314122676849365
0.637556791305542
0.6494333744049072
0.6479291915893555
0.6764800548553467
0.7209548950195312
0.6856536865234375
0.6782286167144775
0.6957674026489258
0.7019495964050293
0.7067854404449463
0.6848092079162598
0.7718703746795654
0.7204298973083496
0.7423162460327148
0.7445063591003418
0.7571272850036621
0.7347691059112549
0.7481644153594971
0.8133490085601807
0.7708892822265625
0.7871649265289307
0.7888190746307373
0.7975978851318359
0.861642599105835
0.8085153102874756
0.800032377243042
0.8122320175170898
0.7998390197753906
0.8374898433685303
0.7668240070343018
0.7708933353424072
0.7569868564605713
0.7535231113433838
0.7030272483825684
0.7830572128295898
0.7425599098205566
0.7422151565551758
0.7155897617340088
0.7186639308929443
0.7108149528503418
0.7818520069122314
0.7180685997009277
0.7108051776885986
0.6860218048095703
0.6433506011962891
0.6172075271606445
0.5902431011199951
0.5755178928375244
0.5584933757781982
0.536219596862793
0.20263957977294922
0.08025169372558594
0.03171038627624512
0.010532379150390625
0.008176088333129883
0.0046787261962890625
0.0023453235626220703
0.6023495197296143
0.6614398956298828
0.6235601902008057
0.6318917274475098
0.6385045051574707
0.6468460559844971
0.6492588520050049
0.6807289123535156
0.6799056529998779
0.6858296394348145
0.7282571792602539
0.6955556869506836
0.7028727531433105
0.7077140808105469
0.6868579387664795
0.7220983505249023
0.7190954685211182
0.7905697822570801
0.7443375587463379
0.7559244632720947
0.7351739406585693
0.7494339942932129
0.7646188735961914
0.8196265697479248
0.7871193885803223
0.7912960052490234
0.7972586154937744
0.8143882751464844
0.8578925132751465
0.8140547275543213
0.7871143817901611
0.7954306602478027
0.8019449710845947
0.8332006931304932
0.7834882736206055
0.7695732116699219
0.7704920768737793
0.7609169483184814
0.8402054309844971
0.7748012542724609
0.7580828666687012
0.7670907974243164
0.7537434101104736
0.707561731338501
0.727872371673584
0.7586052417755127
0.6986267566680908
0.6867167949676514
0.6654996871948242
0.6510324478149414
0.6300480365753174
0.5865812301635742
0.5733509063720703
0.5444798469543457
0.33666062355041504
0.11274886131286621
0.03547334671020508
0.018126249313354492
0.009460926055908203
0.004731416702270508
0.0023877620697021484
0.6027841567993164
0.6590576171875
0.6244118213653564
0.6322157382965088
0.6383612155914307
0.6465144157409668
0.6484091281890869
0.6765344142913818
0.6741716861724854
0.6855430603027344
0.7266099452972412
0.6954905986785889
0.7025585174560547
0.7082624435424805
0.686582088470459
0.7213835716247559
0.7658998966217041
0.7425839900970459
0.7441873550415039
0.7562670707702637
0.7339723110198975
0.745358943939209
0.7423772811889648
0.8173365592956543
0.7455461025238037
0.7310876846313477
0.7494080066680908
0.7211620807647705
0.801619291305542
0.7653651237487793
0.751835823059082
0.7575058937072754
0.7767045497894287
0.7505989074707031
0.8094632625579834
0.7319574356079102
0.739426851272583
0.7103352546691895
0.7185227870941162
0.6866412162780762
0.6900334358215332
0.6746835708618164
0.7659866809844971
0.7050237655639648
0.6974959373474121
0.6764302253723145
0.669658899307251
0.6521446704864502
0.6392710208892822
0.6288177967071533
0.6037404537200928
0.6398410797119141
0.564079999923706
0.542036771774292
0.4970836639404297
0.1837165355682373
0.03707146644592285
0.014856815338134766
0.004648447036743164
0.0022802352905273438
0.5996568202972412
0.6071639060974121
0.6214432716369629
0.6288282871246338
0.6359469890594482
0.6435933113098145
0.6437478065490723
0.7192845344543457
0.6701269149780273
0.6830325126647949
0.6745002269744873
0.6906282901763916
0.6977462768554688
0.7031517028808594
0.6829607486724854
0.7655899524688721
0.7155594825744629
0.7382187843322754
0.7378370761871338
0.7513244152069092
0.7672364711761475
0.8482682704925537
0.7956609725952148
0.815962553024292
0.7909924983978271
0.855215311050415
0.8263709545135498
0.8458223342895508
0.8186149597167969
0.8152835369110107
0.8610315322875977
0.8109335899353027
0.8034787178039551
0.8039116859436035
0.7914433479309082
0.8425931930541992
0.7671194076538086
0.7626793384552002
0.7526400089263916
0.7451479434967041
0.7421395778656006
0.7324299812316895
0.7694525718688965
0.715177059173584
0.721585750579834
0.7102296352386475
0.7046365737915039
0.687631368637085
0.6850860118865967
0.6894810199737549
0.6410651206970215
0.5932536125183105
0.5710878372192383
0.5478639602661133
0.45992469787597656
0.15346431732177734
0.03716683387756348
0.017720937728881836
0.004630088806152344
0.002340078353881836
