1.1254782676696777
0.8616194725036621
0.8782298564910889
0.8902180194854736
0.8941800594329834
0.9137568473815918
0.9147095680236816
0.9383063316345215
0.9406402111053467
0.9746630191802979
0.94313645362854
0.941586971282959
0.9445512294769287
0.9387414455413818
0.931786298751831
0.9493966102600098
0.9780435562133789
0.913867712020874
0.9244353771209717
0.9118239879608154
0.9406933784484863
0.9110090732574463
0.9169116020202637
0.9145760536193848
0.9547929763793945
0.8913273811340332
0.8883767127990723
0.9018950462341309
0.8971400260925293
0.9030237197875977
0.8863213062286377
0.896801233291626
0.8816573619842529
0.9309163093566895
0.881134033203125
0.8843777179718018
0.8819961547851562
0.8818387985229492
0.8729376792907715
0.8757374286651611
0.8620283603668213
0.8700437545776367
0.8520586490631104
0.915093183517456
0.8489184379577637
0.8668079376220703
0.8456909656524658
0.853208065032959
0.8357503414154053
0.8420133590698242
0.815025806427002
0.8220558166503906
0.7970638275146484
0.7908062934875488
0.7659268379211426
0.27445030212402344
0.0779120922088623
0.02453780174255371
0.008150100708007812
0.003080129623413086
0.8450794219970703
0.8564450740814209
0.9238874912261963
0.8861792087554932
0.8902096748352051
0.9099361896514893
0.9097862243652344
0.935847282409668
0.9395439624786377
0.927030086517334
0.9906904697418213
0.940180778503418
0.9425346851348877
0.9494061470031738
0.9169645309448242
0.9030146598815918
0.9103217124938965
0.9577484130859375
0.8946187496185303
0.8951878547668457
0.892714262008667
0.9056229591369629
0.9019370079040527
0.9079310894012451
0.9037818908691406
0.9054973125457764
0.961780309677124
0.9085628986358643
0.9024817943572998
0.9114029407501221
0.9109618663787842
0.9291012287139893
0.9171638488769531
0.8800327777862549
0.874896764755249
0.9275393486022949
0.8689968585968018
0.8653481006622314
0.8535447120666504
0.8491880893707275
0.8590116500854492
0.8548221588134766
0.8494467735290527
0.8358702659606934
0.832747220993042
0.8386983871459961
0.8252394199371338
0.8608808517456055
0.8195512294769287
0.8085923194885254
0.8016963005065918
0.7729504108428955
0.7557556629180908
0.31201601028442383
0.24277114868164062
0.06922173500061035
0.03654336929321289
0.011246919631958008
0.008130788803100586
0.0031278133392333984
0.8456568717956543
0.8534977436065674
0.8699982166290283
0.8823258876800537
0.8870587348937988
0.9055562019348145
0.9551832675933838
0.9309353828430176
0.932856559753418
0.9217426776885986
0.9372129440307617
0.9410045146942139
0.9381442070007324
0.994605541229248
0.912325382232666
0.8978140354156494
0.906334400177002
0.9033362865447998
0.8879780769348145
0.8885009288787842
0.8877456188201904
0.8971364498138428
0.9501569271087646
0.9008173942565918
0.8991541862487793
0.9002258777618408
0.9057276248931885
0.9018268585205078
0.898230791091919
0.904172420501709
0.9493465423583984
0.923123836517334
0.9124019145965576
0.8740627765655518
0.8721272945404053
0.8731560707092285
0.8630247116088867
0.8591799736022949
0.8495292663574219
0.8425338268280029
0.90403151512146
0.844937801361084
0.8464477062225342
0.8332347869873047
0.8294515609741211
0.8355429172515869
0.8265509605407715
0.8131473064422607
0.8056623935699463
0.8108158111572266
0.8077371120452881
0.7946376800537109
0.7720558643341064
0.7435834407806396
0.4666628837585449
0.08407831192016602
0.06230473518371582
0.01705336570739746
0.010472774505615234
0.006089925765991211
0.003084897994995117
0.8408465385437012
0.9001479148864746
0.8678493499755859
0.8817331790924072
0.8843626976013184
0.9029190540313721
0.9038712978363037
0.9279849529266357
0.9303665161132812
0.9670400619506836
0.9351696968078613
0.9324936866760254
0.9646010398864746
0.9718461036682129
0.9841105937957764
1.0198934078216553
0.9953224658966064
0.9799931049346924
1.0094516277313232
0.9972095489501953
1.0388846397399902
1.0612797737121582
1.0056040287017822
1.0098669528961182
1.0077378749847412
1.0307292938232422
1.0054826736450195
1.0552904605865479
1.009082317352295
0.9906594753265381
0.9825518131256104
0.9786815643310547
1.0119104385375977
1.0101220607757568
1.0227994918823242
1.0263671875
1.0007972717285156
1.0150597095489502
1.0489423274993896
0.9883050918579102
0.9756820201873779
0.9888415336608887
0.9676151275634766
0.9392566680908203
0.9701216220855713
0.9244363307952881
0.8981599807739258
0.9041213989257812
0.8635849952697754
0.8659577369689941
0.836428165435791
0.8048095703125
0.8001213073730469
0.7748112678527832
0.7407033443450928
0.20841240882873535
0.06320571899414062
0.021684885025024414
0.010906219482421875
0.006166934967041016
0.003143310546875
0.8416283130645752
0.8520429134368896
0.9219558238983154
0.8806662559509277
0.8844053745269775
0.9028587341308594
0.905231237411499
0.9287586212158203
0.9311215877532959
0.9672605991363525
0.9368917942047119
0.9363870620727539
0.9408705234527588
0.9466538429260254
0.9137582778930664
0.8976321220397949
0.9060683250427246
0.9545652866363525
0.8872096538543701
0.8882603645324707
0.8868649005889893
0.8977789878845215
0.8978569507598877
0.9015204906463623
0.9017431735992432
0.8995068073272705
0.9536998271942139
0.9018397331237793
0.898324728012085
0.9041953086853027
0.9020533561706543
0.9225060939788818
0.9113335609436035
0.8723397254943848
0.8692052364349365
0.9238612651824951
0.863584041595459
0.8579874038696289
0.8509936332702637
0.8436000347137451
0.8539445400238037
0.8440251350402832
0.845649003982544
0.8328244686126709
0.8283579349517822
0.8346982002258301
0.8230195045471191
0.8563992977142334
0.8188273906707764
0.8060271739959717
0.7984108924865723
0.7689273357391357
0.7520647048950195
0.30994677543640137
0.2625606060028076
0.06906747817993164
0.03626203536987305
0.01125788688659668
0.008181333541870117
0.0030651092529296875
0.8394303321838379
0.8499643802642822
0.8691110610961914
0.880073070526123
0.8848223686218262
0.9037415981292725
0.954355001449585
0.9293920993804932
0.9333288669586182
0.9186880588531494
0.9367210865020752
0.9332139492034912
0.938535213470459
0.9911973476409912
0.9116859436035156
0.896817684173584
0.9048147201538086
0.9042468070983887
0.8865737915039062
0.8884327411651611
0.8869438171386719
0.9461541175842285
0.8964955806732178
0.9007408618927002
0.8983099460601807
0.89906907081604
0.9041881561279297
0.9021122455596924
0.8976128101348877
0.90218186378479
0.9502830505371094
0.9216899871826172
0.9090592861175537
0.8720898628234863
0.8675224781036377
0.8726191520690918
0.8640515804290771
0.8581113815307617
0.8499433994293213
0.8877248764038086
0.8518154621124268
0.8411600589752197
0.8440039157867432
0.829188346862793
0.8269803524017334
0.8339810371398926
0.8193576335906982
0.8035533428192139
0.812161922454834
0.8013191223144531
0.7952075004577637
0.7669434547424316
0.7459421157836914
0.3093085289001465
0.24201679229736328
0.06861233711242676
0.0363156795501709
0.011135339736938477
0.008119344711303711
0.003092050552368164
0.8829147815704346
0.8465056419372559
0.8643383979797363
0.8747875690460205
0.8790733814239502
0.8976638317108154
0.8994755744934082
0.9242284297943115
0.9736709594726562
0.9164237976074219
0.9319891929626465
0.9287135601043701
0.9326934814453125
0.9390854835510254
0.9074666500091553
0.8926663398742676
0.9526400566101074
0.8999588489532471
0.8825900554656982
0.8857078552246094
0.8834848403930664
0.8943731784820557
0.8925750255584717
0.8969357013702393
0.9409716129302979
0.8952043056488037
0.9001672267913818
0.8981740474700928
0.8927619457244873
0.9018890857696533
0.896888256072998
0.9199745655059814
0.9091172218322754
0.9222121238708496
0.8670027256011963
0.8706164360046387
0.8624546527862549
0.8565375804901123
0.8493285179138184
0.8421440124511719
0.8514847755432129
0.8425095081329346
0.8424239158630371
0.8302862644195557
0.8741734027862549
0.8315296173095703
0.8201134204864502
0.8050615787506104
0.8136985301971436
0.8021395206451416
0.7949807643890381
0.7677936553955078
0.7472286224365234
0.3099057674407959
0.253237247467041
0.06880044937133789
0.03618049621582031
0.01118779182434082
0.008144140243530273
0.0031228065490722656
0.837017297744751
0.8479323387145996
0.8661401271820068
0.8766095638275146
0.9299442768096924
0.9012532234191895
0.903022050857544
0.9266691207885742
0.9284558296203613
0.9164273738861084
0.9340107440948486
0.930311918258667
0.9822559356689453
0.9405860900878906
0.9101533889770508
0.8952796459197998
0.903639554977417
0.9035742282867432
0.8833949565887451
0.8882813453674316
0.9332780838012695
0.8961751461029053
0.8953094482421875
0.9012057781219482
0.8971214294433594
0.9002172946929932
0.9034335613250732
0.8997840881347656
0.9418118000030518
0.9012875556945801
0.8984353542327881
0.9200825691223145
0.9070422649383545
0.8697299957275391
0.864971399307251
0.8691635131835938
0.8603909015655518
0.9050724506378174
0.8453018665313721
0.8407461643218994
0.8515472412109375
0.8426334857940674
0.8440711498260498
0.8311166763305664
0.8270995616912842
0.8317804336547852
0.8200094699859619
0.8056833744049072
0.8143496513366699
0.803208589553833
0.7986810207366943
0.8147320747375488
0.748119592666626
0.3094215393066406
0.2533762454986572
0.06859922409057617
0.03621387481689453
0.011090993881225586
0.008048772811889648
0.003087282180786133
0.8384740352630615
0.8480496406555176
0.8664541244506836
0.8771116733551025
0.8820343017578125
0.9015293121337891
0.9026350975036621
0.9728114604949951
0.9309403896331787
0.9137604236602783
0.9310734272003174
0.9306459426879883
0.9349393844604492
0.9405958652496338
0.9102163314819336
0.9411463737487793
0.899904727935791
0.8982064723968506
0.8826367855072021
0.8834061622619629
0.8825821876525879
0.8918163776397705
0.8913707733154297
0.9402387142181396
0.8934803009033203
0.8936195373535156
0.8991551399230957
0.8969242572784424
0.8921878337860107
0.8982758522033691
0.8962903022766113
0.9177179336547852
0.9551682472229004
0.8684329986572266
0.8631985187530518
0.8672478199005127
0.859201192855835
0.8541719913482666
0.8448679447174072
0.8374142646789551
0.8489103317260742
0.8406345844268799
0.8867268562316895
0.827796459197998
0.8240993022918701
0.8315775394439697
0.8218152523040771
0.8088984489440918
0.8095731735229492
0.7976632118225098
0.7997660636901855
0.7847883701324463
0.7778193950653076
0.7591984272003174
0.5704319477081299
0.10844683647155762
0.08212947845458984
0.018614768981933594
0.007972240447998047
0.0030906200408935547
0.8348960876464844
0.8454482555389404
0.8633501529693604
0.923464298248291
0.8789730072021484
0.8986201286315918
0.9001648426055908
0.9234330654144287
0.926100492477417
0.9152002334594727
0.9784786701202393
0.9292812347412109
0.9326817989349365
0.9379334449768066
0.9064037799835205
0.8913302421569824
0.8995866775512695
0.8974509239196777
0.9322342872619629
0.884035587310791
0.8833534717559814
0.8924434185028076
0.8932626247406006
0.8953936100006104
0.8949675559997559
0.8950626850128174
0.8997600078582764
0.9469106197357178
0.8928189277648926
0.8987216949462891
0.897911787033081
0.9171407222747803
0.9066684246063232
0.8683993816375732
0.8645703792572021
0.8677692413330078
0.9089274406433105
0.8556687831878662
0.8463311195373535
0.839317798614502
0.8506805896759033
0.840224027633667
0.842642068862915
0.8298954963684082
0.8261332511901855
0.8300571441650391
0.8203363418579102
0.8041162490844727
0.8124892711639404
0.8504133224487305
0.7963178157806396
0.7656755447387695
0.7494781017303467
0.3087646961212158
0.2593722343444824
0.06855273246765137
0.03617238998413086
0.011047840118408203
0.008062362670898438
0.0030574798583984375
