1.090137243270874
0.7681221961975098
0.7804622650146484
0.7889161109924316
0.8501291275024414
0.8205828666687012
0.8437314033508301
0.860588788986206
0.906376838684082
0.8840358257293701
0.9360699653625488
0.9124817848205566
0.9395284652709961
0.9655604362487793
0.9464612007141113
0.9186716079711914
0.9101555347442627
0.9797861576080322
0.9249732494354248
0.9064896106719971
0.9685211181640625
0.9002654552459717
1.0348498821258545
0.9719417095184326
1.041167974472046
0.984992504119873
1.0474727153778076
1.0363459587097168
1.1218936443328857
1.0575618743896484
1.0717387199401855
0.9884457588195801
1.035668134689331
0.9496960639953613
1.0730774402618408
0.87473464012146
1.0273840427398682
0.8636844158172607
1.0227980613708496
0.9647693634033203
1.0026366710662842
0.8874924182891846
0.9405460357666016
0.8535258769989014
0.8872640132904053
0.7793631553649902
0.7644684314727783
0.7405514717102051
0.6908156871795654
0.6855335235595703
0.6727695465087891
0.6618282794952393
0.6074426174163818
0.5714802742004395
0.20513606071472168
0.11223769187927246
0.038969993591308594
0.02321767807006836
0.01102304458618164
0.008509159088134766
0.0025839805603027344
0.7399265766143799
0.7589740753173828
0.7693724632263184
0.7822055816650391
0.8572506904602051
0.8137784004211426
0.8368949890136719
0.8535940647125244
0.9003608226776123
0.8774995803833008
0.9321281909942627
0.9077720642089844
0.9521777629852295
0.974738359451294
0.9656898975372314
0.9803662300109863
0.953425407409668
1.045746088027954
0.9170527458190918
1.0264883041381836
1.0076870918273926
1.0018830299377441
1.0615668296813965
0.9496200084686279
0.9854185581207275
0.9252650737762451
0.9016566276550293
0.9000563621520996
1.0724284648895264
0.9098119735717773
0.9847309589385986
0.8993642330169678
0.9170339107513428
0.935589075088501
0.906810998916626
0.9657840728759766
0.9086735248565674
0.9860329627990723
0.8662292957305908
0.9039838314056396
0.9263396263122559
0.9143517017364502
0.8587064743041992
0.8717641830444336
0.7634871006011963
0.7912402153015137
0.7472379207611084
0.7446520328521729
0.7291433811187744
0.7136034965515137
0.7006001472473145
0.6700491905212402
0.6591129302978516
0.6154210567474365
0.3460807800292969
0.0795285701751709
0.0452578067779541
0.009000778198242188
0.006539344787597656
0.002529621124267578
0.7350621223449707
0.7575533390045166
0.7641885280609131
0.7761249542236328
0.8002150058746338
0.8053295612335205
0.8817768096923828
0.8464164733886719
0.8939075469970703
0.8706367015838623
0.9254412651062012
0.9034688472747803
0.9489870071411133
0.9713823795318604
0.959265947341919
0.9754180908203125
0.9940941333770752
1.0335280895233154
0.9967331886291504
1.030322551727295
1.0123825073242188
1.020064353942871
1.0429601669311523
0.9661273956298828
1.0600244998931885
0.9897093772888184
1.0829646587371826
1.023984670639038
1.0424230098724365
0.9351847171783447
1.0110528469085693
0.8643240928649902
0.9898290634155273
0.9056062698364258
0.9481573104858398
0.8433949947357178
0.8908147811889648
0.8182337284088135
0.908912181854248
0.8246312141418457
0.9158918857574463
0.7848365306854248
0.7253837585449219
0.785775899887085
0.7103211879730225
0.7536149024963379
0.7348408699035645
0.7331933975219727
0.7103409767150879
0.7044191360473633
0.6578845977783203
0.6555793285369873
0.6088058948516846
0.4638988971710205
0.07340812683105469
0.08221983909606934
0.021634578704833984
0.01912093162536621
0.006571292877197266
0.002526998519897461
0.7372610569000244
0.7532758712768555
0.7638537883758545
0.7754523754119873
0.7987344264984131
0.8078546524047852
0.8311817646026611
0.8460488319396973
0.8944056034088135
0.9226474761962891
0.9254961013793945
0.8999714851379395
0.9463601112365723
0.9675474166870117
0.9621584415435791
0.9748091697692871
0.9476103782653809
0.9792356491088867
0.9120917320251465
0.9898598194122314
1.0665876865386963
0.9804933071136475
1.0253875255584717
0.947441816329956
1.0544030666351318
0.9880881309509277
1.0399272441864014
0.8358941078186035
0.8795902729034424
0.848426103591919
0.9136245250701904
0.8973062038421631
0.9378988742828369
0.870917558670044
1.000410795211792
0.8772439956665039
0.9750411510467529
0.8597047328948975
0.9233918190002441
0.8951938152313232
0.8962585926055908
0.9238626956939697
0.8850302696228027
0.9044091701507568
0.879481315612793
0.9202775955200195
0.7877812385559082
0.8285510540008545
0.7792353630065918
0.7603962421417236
0.7188184261322021
0.6943285465240479
0.6408801078796387
0.38025331497192383
0.06346511840820312
0.13598179817199707
0.01720905303955078
0.014704227447509766
0.005103588104248047
0.002610445022583008
0.7343740463256836
0.7537946701049805
0.7645230293273926
0.7772247791290283
0.7984156608581543
0.7889082431793213
0.8627736568450928
0.8214020729064941
0.8527774810791016
0.8097560405731201
0.8902709484100342
0.8768682479858398
0.899125337600708
0.9124112129211426
0.8864767551422119
0.9471354484558105
0.9255168437957764
0.957547664642334
0.8874104022979736
0.8581020832061768
0.8725426197052002
0.8548250198364258
0.8696813583374023
0.871497392654419
0.9546120166778564
0.8383471965789795
0.9930787086486816
0.8751327991485596
0.9916343688964844
0.9065217971801758
0.9853370189666748
0.9050943851470947
0.9968757629394531
0.8888320922851562
0.962226390838623
0.9232423305511475
0.9038832187652588
0.8295409679412842
0.8590669631958008
0.8126735687255859
0.8072760105133057
0.7862882614135742
0.8645288944244385
0.7656166553497314
0.8540859222412109
0.7787373065948486
0.8050971031188965
0.741847038269043
0.7057783603668213
0.6557879447937012
0.6607570648193359
0.6238107681274414
0.6045269966125488
0.27503347396850586
0.19609498977661133
0.12588858604431152
0.05206155776977539
0.019121885299682617
0.008841753005981445
0.004984855651855469
0.0025784969329833984
0.733879804611206
0.8041582107543945
0.764930248260498
0.7780196666717529
0.7979006767272949
0.8079040050506592
0.8273894786834717
0.8411223888397217
0.8908178806304932
0.8693983554840088
0.9223120212554932
0.899836540222168
0.9461386203765869
0.9665098190307617
0.9588587284088135
1.0303311347961426
0.9950511455535889
0.9711487293243408
0.9912512302398682
0.9598374366760254
1.0193560123443604
1.023167610168457
1.0378131866455078
1.005237340927124
1.0483505725860596
1.1263673305511475
1.0481865406036377
0.9740326404571533
1.0358383655548096
0.9506101608276367
1.0192604064941406
0.9270303249359131
0.9786648750305176
0.8508939743041992
0.9598679542541504
0.8105466365814209
1.001769781112671
0.7934598922729492
0.8061418533325195
0.7582719326019287
0.7295606136322021
0.738750696182251
0.7209711074829102
0.7479233741760254
0.7103977203369141
0.7213692665100098
0.6985132694244385
0.7078075408935547
0.6789207458496094
0.6836307048797607
0.6741440296173096
0.6774423122406006
0.6210482120513916
0.43976688385009766
0.05736899375915527
0.10124635696411133
0.015812158584594727
0.013068199157714844
0.005064487457275391
0.002537965774536133
0.7339861392974854
0.7497220039367676
0.7622594833374023
0.772036075592041
0.7953813076019287
0.8039178848266602
0.8758068084716797
0.8428945541381836
0.8931727409362793
0.8677346706390381
0.9218385219573975
0.8974502086639404
0.9436635971069336
0.9668159484863281
0.9580447673797607
0.9719424247741699
0.945880651473999
0.9745464324951172
0.9657993316650391
0.9868314266204834
0.992621898651123
0.9759104251861572
1.0214593410491943
0.9466876983642578
1.055483102798462
0.9848752021789551
1.0342342853546143
0.9563190937042236
1.1083228588104248
1.0184385776519775
1.0378868579864502
0.9368331432342529
1.0320508480072021
0.9341838359832764
0.988055944442749
0.9427039623260498
0.9597322940826416
0.9285216331481934
0.92732834815979
0.8879945278167725
0.9499483108520508
0.8890316486358643
0.8611104488372803
0.8905582427978516
0.8809449672698975
0.8368372917175293
0.8165080547332764
0.7988896369934082
0.7385759353637695
0.68949294090271
0.6857173442840576
0.6545717716217041
0.6139042377471924
0.5584657192230225
0.2898387908935547
0.07320356369018555
0.03950762748718262
0.012569665908813477
0.010165929794311523
0.0050160884857177734
0.0025713443756103516
0.7329399585723877
0.7519407272338867
0.7631659507751465
0.7749416828155518
0.7961721420288086
0.8547275066375732
0.8278505802154541
0.8434503078460693
0.8903765678405762
0.86785888671875
0.9200649261474609
0.8999216556549072
0.9259223937988281
0.9505929946899414
0.930701494216919
0.9055993556976318
0.8950011730194092
0.9058635234832764
0.9622976779937744
0.8964214324951172
0.9586787223815918
0.8893210887908936
1.0029151439666748
0.8750340938568115
1.0278193950653076
0.9265360832214355
1.001020908355713
0.9293708801269531
0.9837808609008789
0.9484851360321045
1.0190470218658447
0.8114361763000488
1.0259108543395996
0.886418342590332
1.0520200729370117
0.8171336650848389
0.992621660232544
0.8382279872894287
0.9688911437988281
0.8084275722503662
0.8701767921447754
0.7778904438018799
0.8570456504821777
0.7481541633605957
0.7327122688293457
0.7581448554992676
0.7115583419799805
0.7470595836639404
0.6948070526123047
0.7140829563140869
0.6708290576934814
0.6703901290893555
0.6359477043151855
0.6135964393615723
0.22416400909423828
0.11544227600097656
0.02333688735961914
0.020998001098632812
0.005018711090087891
0.0025343894958496094
0.732201099395752
0.7492721080780029
0.7613387107849121
0.7724733352661133
0.7932615280151367
0.8031048774719238
0.8259215354919434
0.8430073261260986
0.8910012245178223
0.8679261207580566
0.9729504585266113
0.8972582817077637
0.9247791767120361
0.9488682746887207
0.9303042888641357
0.9059875011444092
0.8963396549224854
0.9085650444030762
0.9060883522033691
0.8966097831726074
0.9598526954650879
0.8900747299194336
1.0816516876220703
0.9595420360565186
1.0265755653381348
0.9707350730895996
1.052710771560669
0.9716391563415527
1.0749258995056152
1.0340521335601807
1.074296236038208
1.0279226303100586
1.11600661277771
0.9939804077148438
0.9984352588653564
1.001859188079834
0.9526128768920898
0.9942982196807861
0.9168877601623535
0.9493846893310547
0.9358701705932617
0.939828634262085
0.8567931652069092
0.9374418258666992
0.7632238864898682
0.768235445022583
0.739267110824585
0.7087080478668213
0.7086493968963623
0.6695184707641602
0.6636571884155273
0.6229324340820312
0.5928542613983154
0.5661699771881104
0.30958986282348633
0.07695937156677246
0.0389862060546875
0.013451576232910156
0.008609533309936523
0.004796504974365234
0.0024840831756591797
0.7262852191925049
0.7462599277496338
0.7552626132965088
0.767810583114624
0.7884583473205566
0.7959678173065186
0.8210361003875732
0.8350996971130371
0.8859057426452637
0.8616459369659424
0.9687519073486328
0.8907113075256348
0.935849666595459
0.9554922580718994
0.9476776123046875
0.9636204242706299
0.9384315013885498
0.9678575992584229
0.9010379314422607
1.0120110511779785
0.989189863204956
1.0483369827270508
1.0481393337249756
0.9395713806152344
0.9725813865661621
0.9120564460754395
0.9237205982208252
0.9554224014282227
0.9177365303039551
0.877281904220581
1.0053706169128418
0.8940081596374512
1.100724458694458
1.0152859687805176
1.0481956005096436
0.9934258460998535
0.995267391204834
0.9379091262817383
0.9549705982208252
0.8987224102020264
0.9021425247192383
0.8507447242736816
0.8190622329711914
0.794428825378418
0.86496901512146
0.7635116577148438
0.785759449005127
0.7464847564697266
0.7533860206604004
0.7168490886688232
0.6872966289520264
0.6598284244537354
0.6066405773162842
0.35631799697875977
0.05298185348510742
0.0558168888092041
0.02230668067932129
0.01293802261352539
0.004966020584106445
0.002464771270751953
