0.8722572326660156
0.6191191673278809
0.6223952770233154
0.6235928535461426
0.6326713562011719
0.6248772144317627
0.615537166595459
0.6436614990234375
0.6518945693969727
0.6517183780670166
0.7117519378662109
0.6538772583007812
0.6715123653411865
0.6716639995574951
0.6863253116607666
0.6765365600585938
0.6791749000549316
0.6834456920623779
0.7252480983734131
0.681910514831543
0.7045719623565674
0.6933114528656006
0.6773030757904053
0.6785590648651123
0.677976131439209
0.7483484745025635
0.6687097549438477
0.6841585636138916
0.6877789497375488
0.6900672912597656
0.6913111209869385
0.7070772647857666
0.7443068027496338
0.6772997379302979
0.6801795959472656
0.6718368530273438
0.6744410991668701
0.667334794998169
0.6576251983642578
0.6462187767028809
0.6541318893432617
0.7012922763824463
0.6417882442474365
0.6302340030670166
0.6252069473266602
0.6169919967651367
0.6039013862609863
0.5996534824371338
0.586733341217041
0.5816507339477539
0.5686237812042236
0.5616304874420166
0.5401864051818848
0.578467845916748
0.33788251876831055
0.17627477645874023
0.04323387145996094
0.04301285743713379
0.010780096054077148
0.005929470062255859
0.002371072769165039
0.5991687774658203
0.6108484268188477
0.6154227256774902
0.6142637729644775
0.6212689876556396
0.6150417327880859
0.6053009033203125
0.6332166194915771
0.6357433795928955
0.6855819225311279
0.6574699878692627
0.6513881683349609
0.6642262935638428
0.6594176292419434
0.6751964092254639
0.6666972637176514
0.671872615814209
0.7278764247894287
0.6701891422271729
0.6752643585205078
0.6972296237945557
0.6934659481048584
0.6812038421630859
0.6810393333435059
0.7286202907562256
0.7028586864471436
0.6664526462554932
0.6776494979858398
0.6820337772369385
0.6846351623535156
0.6848852634429932
0.7508163452148438
0.6953487396240234
0.6745188236236572
0.671694278717041
0.661574125289917
0.6644463539123535
0.6605925559997559
0.6462500095367432
0.6359663009643555
0.6985843181610107
0.6487100124359131
0.6367058753967285
0.6260955333709717
0.6198906898498535
0.6208548545837402
0.6058189868927002
0.6002898216247559
0.5845510959625244
0.5730562210083008
0.5646896362304688
0.6146903038024902
0.5451276302337646
0.24039936065673828
0.11187911033630371
0.12897706031799316
0.0359647274017334
0.03331255912780762
0.009572029113769531
0.006867170333862305
0.0046234130859375
0.002327442169189453
0.5964093208312988
0.6098003387451172
0.6084911823272705
0.6116034984588623
0.6202213764190674
0.6162822246551514
0.6062567234039307
0.6334729194641113
0.6844644546508789
0.6388051509857178
0.6538290977478027
0.6459536552429199
0.658822774887085
0.6583256721496582
0.6708896160125732
0.666557788848877
0.7179505825042725
0.6785011291503906
0.6669998168945312
0.6708245277404785
0.6957898139953613
0.690406322479248
0.6743147373199463
0.7243330478668213
0.6711125373840332
0.6760110855102539
0.685579776763916
0.6859240531921387
0.6698207855224609
0.6650805473327637
0.6616911888122559
0.7350718975067139
0.6553430557250977
0.6447515487670898
0.6418111324310303
0.6226699352264404
0.6494200229644775
0.6410903930664062
0.6355559825897217
0.6386690139770508
0.6716992855072021
0.6020104885101318
0.6143896579742432
0.6043245792388916
0.6120665073394775
0.5931112766265869
0.6058120727539062
0.6055417060852051
0.5658042430877686
0.5763137340545654
0.5520031452178955
0.553471565246582
0.5369994640350342
0.5356552600860596
0.5710701942443848
0.2821927070617676
0.045502424240112305
0.03533148765563965
0.00926971435546875
0.0069599151611328125
0.5896453857421875
0.6011214256286621
0.6056873798370361
0.6088299751281738
0.6153359413146973
0.6093921661376953
0.5982649326324463
0.6243810653686523
0.6318702697753906
0.678999662399292
0.6467654705047607
0.6421687602996826
0.6595938205718994
0.6591548919677734
0.674044132232666
0.6649432182312012
0.670189619064331
0.722747802734375
0.6629490852355957
0.667896032333374
0.6890382766723633
0.6802933216094971
0.6648101806640625
0.6659839153289795
0.7186710834503174
0.6951210498809814
0.6622698307037354
0.676102876663208
0.6811327934265137
0.6831943988800049
0.684157133102417
0.7493882179260254
0.6887259483337402
0.6687624454498291
0.6665139198303223
0.6555724143981934
0.6590530872344971
0.6570868492126465
0.6458320617675781
0.6855244636535645
0.6380140781402588
0.6353669166564941
0.6294305324554443
0.6192595958709717
0.6146819591522217
0.6122899055480957
0.5963263511657715
0.5892894268035889
0.5774152278900146
0.56606125831604
0.5585689544677734
0.6087605953216553
0.5391561985015869
0.24041461944580078
0.11045527458190918
0.11470508575439453
0.025162935256958008
0.01297616958618164
0.00918722152709961
0.006873607635498047
0.004598855972290039
0.0023009777069091797
0.5926711559295654
0.6030280590057373
0.6102452278137207
0.6120736598968506
0.6196839809417725
0.611821174621582
0.6022183895111084
0.6273558139801025
0.679706335067749
0.632591724395752
0.6473183631896973
0.6402087211608887
0.6535265445709229
0.6518585681915283
0.6663124561309814
0.6583902835845947
0.7157449722290039
0.6757709980010986
0.6639304161071777
0.6670703887939453
0.6901259422302246
0.6826410293579102
0.6665420532226562
0.715252161026001
0.6678695678710938
0.6917204856872559
0.6552760601043701
0.6704616546630859
0.6804449558258057
0.6817784309387207
0.683415412902832
0.750417947769165
0.6871700286865234
0.6694986820220947
0.6703226566314697
0.6580166816711426
0.6611824035644531
0.65397047996521
0.6423389911651611
0.6954832077026367
0.6395444869995117
0.641448974609375
0.6386470794677734
0.6450612545013428
0.6219813823699951
0.6278822422027588
0.6012849807739258
0.5906326770782471
0.5793378353118896
0.6208932399749756
0.5699443817138672
0.5524599552154541
0.5374577045440674
0.5177936553955078
0.29778623580932617
0.20738601684570312
0.04872536659240723
0.030463695526123047
0.010973930358886719
0.004588603973388672
0.0022792816162109375
0.5884425640106201
0.5992827415466309
0.6040029525756836
0.6068058013916016
0.6134340763092041
0.6076061725616455
0.598149299621582
0.6728787422180176
0.6327412128448486
0.6282293796539307
0.6440813541412354
0.6401879787445068
0.6539428234100342
0.651911735534668
0.6722230911254883
0.7119152545928955
0.6702268123626709
0.6742804050445557
0.6649608612060547
0.6681256294250488
0.692385196685791
0.6868793964385986
0.7199618816375732
0.6735634803771973
0.6694841384887695
0.6721282005310059
0.6787056922912598
0.6783251762390137
0.6621863842010498
0.6583726406097412
0.7026095390319824
0.6778557300567627
0.6520876884460449
0.6418800354003906
0.6390047073364258
0.6202800273895264
0.6476273536682129
0.6381731033325195
0.6805732250213623
0.6365444660186768
0.6168301105499268
0.5955018997192383
0.6114811897277832
0.59922194480896
0.6037137508392334
0.5900874137878418
0.606914758682251
0.6022803783416748
0.5664083957672119
0.6239132881164551
0.5506229400634766
0.5511603355407715
0.5350720882415771
0.5338664054870605
0.5219476222991943
0.2836141586303711
0.04523062705993652
0.03555631637573242
0.00927591323852539
0.006939888000488281
0.5908052921295166
0.6032567024230957
0.6070539951324463
0.6107571125030518
0.6195385456085205
0.6107332706451416
0.6520061492919922
0.6275763511657715
0.6325070858001709
0.6300373077392578
0.6453328132629395
0.6392652988433838
0.6539549827575684
0.6531426906585693
0.6678791046142578
0.7114748954772949
0.6688249111175537
0.673516035079956
0.6576199531555176
0.6639833450317383
0.685020923614502
0.6846332550048828
0.7162570953369141
0.6657347679138184
0.6673221588134766
0.7106478214263916
0.7128705978393555
0.7039995193481445
0.7295188903808594
0.7685432434082031
0.7315938472747803
0.7094531059265137
0.7104029655456543
0.7052359580993652
0.7014532089233398
0.7221558094024658
0.6842114925384521
0.6768333911895752
0.6614866256713867
0.6523182392120361
0.6443696022033691
0.6400327682495117
0.637772798538208
0.6412439346313477
0.6791908740997314
0.6091444492340088
0.5954928398132324
0.5962729454040527
0.5814225673675537
0.58172607421875
0.5658385753631592
0.5461995601654053
0.5470936298370361
0.5269761085510254
0.44132161140441895
0.2173011302947998
0.04123950004577637
0.029108762741088867
0.013275623321533203
0.005854368209838867
0.002314329147338867
0.5880305767059326
0.6017811298370361
0.6526834964752197
0.6117920875549316
0.6174333095550537
0.6122639179229736
0.6010453701019287
0.6261754035949707
0.6339151859283447
0.6313180923461914
0.651179313659668
0.6441135406494141
0.7044417858123779
0.6555900573730469
0.6698071956634521
0.6624197959899902
0.6666364669799805
0.6705405712127686
0.6617164611816406
0.7125680446624756
0.6887626647949219
0.685166597366333
0.6670410633087158
0.6684529781341553
0.6659295558929443
0.6852197647094727
0.6992056369781494
0.6731235980987549
0.6765239238739014
0.6804203987121582
0.6784629821777344
0.6957850456237793
0.683255672454834
0.6601884365081787
0.7091255187988281
0.6505215167999268
0.653184175491333
0.6482133865356445
0.6380770206451416
0.627877950668335
0.6504349708557129
0.6398072242736816
0.6846904754638672
0.6409668922424316
0.6353769302368164
0.6275372505187988
0.6029093265533447
0.609483003616333
0.5944905281066895
0.580071210861206
0.5602226257324219
0.5514063835144043
0.5319082736968994
0.5289239883422852
0.551062822341919
0.3002753257751465
0.04395294189453125
0.031215906143188477
0.00805974006652832
0.005875825881958008
0.0022814273834228516
0.5834910869598389
0.5950336456298828
0.604203462600708
0.6057326793670654
0.6142013072967529
0.6091134548187256
0.5996859073638916
0.6255300045013428
0.629859447479248
0.6748847961425781
0.6436214447021484
0.6379759311676025
0.6527097225189209
0.6502904891967773
0.6669023036956787
0.6552236080169678
0.65987229347229
0.716639518737793
0.6605243682861328
0.6660435199737549
0.6864819526672363
0.683074951171875
0.6657021045684814
0.6697714328765869
0.7164525985717773
0.6929092407226562
0.6577780246734619
0.6712701320648193
0.6777575016021729
0.6783952713012695
0.6806416511535645
0.7413365840911865
0.6852943897247314
0.6669416427612305
0.6674184799194336
0.6550636291503906
0.6538782119750977
0.6478662490844727
0.6379258632659912
0.7001159191131592
0.6396238803863525
0.6255741119384766
0.6090340614318848
0.6073811054229736
0.605400800704956
0.5942637920379639
0.5897090435028076
0.5813624858856201
0.569779634475708
0.551823616027832
0.5480008125305176
0.5280957221984863
0.5712735652923584
0.5118999481201172
0.32485008239746094
0.21958374977111816
0.0399775505065918
0.027824878692626953
0.008251667022705078
0.00587153434753418
0.002355813980102539
0.5887467861175537
0.6002609729766846
0.6021022796630859
0.6057050228118896
0.6135654449462891
0.6077775955200195
0.5925741195678711
0.6240048408508301
0.6277620792388916
0.6747729778289795
0.6422946453094482
0.6422989368438721
0.6540374755859375
0.655329704284668
0.6680946350097656
0.658977746963501
0.7118926048278809
0.6664307117462158
0.6561779975891113
0.6613795757293701
0.6841363906860352
0.6809115409851074
0.6644704341888428
0.6638767719268799
0.7165572643280029
0.6889982223510742
0.6527764797210693
0.6687479019165039
0.6792967319488525
0.6736564636230469
0.6747651100158691
0.7383484840393066
0.678412914276123
0.6596529483795166
0.659489631652832
0.6503105163574219
0.6538643836975098
0.6460456848144531
0.6321654319763184
0.6744546890258789
0.6350717544555664
0.6359446048736572
0.6280643939971924
0.6169812679290771
0.6105406284332275
0.6068651676177979
0.5903160572052002
0.584280252456665
0.5744478702545166
0.570836067199707
0.558117151260376
0.5885119438171387
0.5354461669921875
0.5178999900817871
0.3503456115722656
0.19815397262573242
0.043591976165771484
0.03339123725891113
0.010504722595214844
0.004475831985473633
0.002278566360473633
