1.0661094188690186
0.8273618221282959
0.857438325881958
0.877448320388794
0.917834997177124
0.8918008804321289
0.9014227390289307
0.9321346282958984
0.9360146522521973
0.9268500804901123
0.9865620136260986
0.9916067123413086
0.9883489608764648
1.0189564228057861
1.0349586009979248
1.0176780223846436
1.0158071517944336
1.0792922973632812
0.9903016090393066
1.0232548713684082
0.9801154136657715
0.9685654640197754
0.9828023910522461
1.0317294597625732
1.0625851154327393
1.0615930557250977
1.0845532417297363
1.0397369861602783
1.1508293151855469
0.9531104564666748
1.0389952659606934
0.9560108184814453
1.0682237148284912
0.8928594589233398
1.0472996234893799
0.921989917755127
1.0112850666046143
0.9326672554016113
0.9862148761749268
0.920051097869873
0.9713068008422852
0.9389827251434326
0.9338486194610596
0.8953907489776611
0.9170634746551514
0.8661453723907471
0.8415536880493164
0.879425048828125
0.8338406085968018
0.8559863567352295
0.7735199928283691
0.7591302394866943
0.7567694187164307
0.7028253078460693
0.5907180309295654
0.20613813400268555
0.0646049976348877
0.019371986389160156
0.007172584533691406
0.002680540084838867
0.8082890510559082
0.8239707946777344
0.8531205654144287
0.8734972476959229
0.875812292098999
0.9099929332733154
0.9839067459106445
0.9617595672607422
0.9630634784698486
1.0156936645507812
0.9483835697174072
0.9759654998779297
0.9620778560638428
0.934849739074707
0.8584372997283936
0.9052839279174805
0.8968920707702637
0.9354081153869629
0.9209549427032471
0.9009642601013184
1.0183086395263672
0.9071488380432129
0.9491288661956787
0.913074254989624
0.9757635593414307
0.9639124870300293
1.0031623840332031
0.9531667232513428
0.990077018737793
0.9687976837158203
0.9999716281890869
1.0039410591125488
0.9890527725219727
1.064647912979126
1.0119073390960693
0.953941822052002
0.9788496494293213
0.900071382522583
0.999309778213501
0.8957598209381104
0.9638164043426514
0.9684007167816162
0.9317338466644287
0.897913932800293
0.9115533828735352
0.8712618350982666
0.9416728019714355
0.8674511909484863
0.8964693546295166
0.7819898128509521
0.7476427555084229
0.7367303371429443
0.6843268871307373
0.6227362155914307
0.1060633659362793
0.1386420726776123
0.02177596092224121
0.01917886734008789
0.0070230960845947266
0.002674102783203125
0.798832893371582
0.8121554851531982
0.843590497970581
0.8677148818969727
0.8639571666717529
0.9131124019622803
0.9221868515014648
0.9132115840911865
0.9329864978790283
0.9006762504577637
0.925574541091919
0.935645341873169
0.9374690055847168
0.948286771774292
1.0811207294464111
0.9288673400878906
1.0520246028900146
0.9800035953521729
1.1158859729766846
0.9865522384643555
1.1422691345214844
0.961101770401001
1.082482099533081
1.0311717987060547
1.086085557937622
0.966198205947876
1.0877196788787842
1.0060641765594482
1.0736236572265625
0.9999136924743652
1.0858650207519531
1.0383315086364746
1.0632131099700928
0.9630684852600098
1.137685775756836
0.9933581352233887
1.0449612140655518
0.9835186004638672
1.0219357013702393
0.9629318714141846
0.9907419681549072
0.8838167190551758
0.8949077129364014
0.8342227935791016
0.8019559383392334
0.7938950061798096
0.8414649963378906
0.7760787010192871
0.8764967918395996
0.7770822048187256
0.765578031539917
0.7543160915374756
0.7096743583679199
0.5724649429321289
0.08066487312316895
0.14670825004577637
0.018657922744750977
0.015939950942993164
0.005296468734741211
0.002688884735107422
0.7961103916168213
0.809485912322998
0.840489387512207
0.8632001876831055
0.863107442855835
0.8993539810180664
0.9202656745910645
0.9502787590026855
0.9508090019226074
1.0049428939819336
0.9352855682373047
0.9640264511108398
0.9456300735473633
0.9952566623687744
0.9982461929321289
0.977057695388794
0.9044189453125
1.0370419025421143
0.9879269599914551
1.022096872329712
1.0006589889526367
0.9618220329284668
0.9691863059997559
0.983433723449707
1.042051076889038
1.0012001991271973
1.0238018035888672
0.9813132286071777
1.00921630859375
0.9780027866363525
0.9859232902526855
1.0110578536987305
0.9715051651000977
0.9574928283691406
0.9649484157562256
1.045032024383545
1.0255622863769531
0.9583835601806641
0.9547061920166016
0.9296705722808838
0.9434633255004883
0.8958375453948975
0.9100134372711182
0.8380002975463867
0.8868153095245361
0.8112649917602539
0.833815336227417
0.802725076675415
0.78904128074646
0.770352840423584
0.7601654529571533
0.7256414890289307
0.697613000869751
0.689948320388794
0.6244103908538818
0.2606849670410156
0.054198265075683594
0.017719507217407227
0.008998632431030273
0.005222320556640625
0.0026366710662841797
0.7934279441833496
0.8603346347808838
0.8407299518585205
0.8637077808380127
0.8666691780090332
0.9023427963256836
0.922152042388916
0.951740026473999
0.9502878189086914
1.005627155303955
0.9373505115509033
0.964318037033081
0.9490141868591309
0.9284665584564209
0.8550612926483154
0.9566283226013184
0.8913528919219971
0.9296040534973145
0.9179928302764893
0.9147610664367676
0.9181244373321533
0.8817648887634277
0.8909816741943359
0.9192409515380859
0.9383184909820557
1.0018413066864014
0.9861676692962646
0.9789645671844482
0.9384565353393555
1.008760929107666
0.891554594039917
0.9215738773345947
0.8631546497344971
0.9079294204711914
0.8815131187438965
0.8680152893066406
0.8296701908111572
0.9331023693084717
0.8812947273254395
0.9483566284179688
0.9310421943664551
0.930091381072998
0.9357836246490479
0.8970592021942139
0.8635170459747314
0.8766536712646484
0.8455374240875244
0.8237481117248535
0.8297388553619385
0.7972235679626465
0.7730984687805176
0.7409555912017822
0.7147386074066162
0.686133623123169
0.5971429347991943
0.2217421531677246
0.04629206657409668
0.020786523818969727
0.0053157806396484375
0.002644062042236328
0.7930946350097656
0.8086631298065186
0.8375391960144043
0.861640214920044
0.8618354797363281
0.8964269161224365
0.9220519065856934
0.9498817920684814
0.9496567249298096
1.050849437713623
0.9341275691986084
0.9611237049102783
0.9439516067504883
0.9257256984710693
0.8537747859954834
0.8986752033233643
0.8907160758972168
0.9293158054351807
0.9166803359985352
0.9561581611633301
0.9180657863616943
0.9867684841156006
0.9419853687286377
1.0997107028961182
0.9237852096557617
1.025024175643921
0.9312229156494141
1.0743944644927979
0.9310903549194336
1.0364055633544922
0.9621260166168213
1.058861494064331
0.9276292324066162
1.0864076614379883
0.9703736305236816
1.1252408027648926
0.9724435806274414
0.9950745105743408
0.9236137866973877
0.9218790531158447
0.9046807289123535
0.9022922515869141
0.9207818508148193
0.8317728042602539
0.8215939998626709
0.7965192794799805
0.8201904296875
0.7717218399047852
0.7552945613861084
0.7538192272186279
0.7162888050079346
0.6930220127105713
0.6232376098632812
0.5414829254150391
0.35895252227783203
0.12466645240783691
0.061554908752441406
0.017858028411865234
0.008840084075927734
0.002711057662963867
0.844205379486084
0.8098523616790771
0.8385984897613525
0.8603367805480957
0.8616104125976562
0.8946642875671387
0.9190037250518799
0.9468207359313965
0.9470295906066895
0.9978866577148438
0.9303429126739502
0.9593422412872314
0.940889835357666
0.9214403629302979
0.9010870456695557
0.968219518661499
0.8949422836303711
1.0365548133850098
0.9775199890136719
1.0238926410675049
0.9593110084533691
0.9997127056121826
0.9052300453186035
0.9994444847106934
0.8839068412780762
0.8699131011962891
0.8876395225524902
0.8513984680175781
0.8796370029449463
0.8425896167755127
0.8163948059082031
0.8562800884246826
0.8237905502319336
0.8648509979248047
0.8594255447387695
0.8852982521057129
0.8605551719665527
0.8936467170715332
0.8807570934295654
0.8598785400390625
0.8748641014099121
0.8605830669403076
0.8615677356719971
0.8347177505493164
0.837700366973877
0.8740837574005127
0.8536744117736816
0.8210539817810059
0.830409049987793
0.7836172580718994
0.8000938892364502
0.7211923599243164
0.6955363750457764
0.4118506908416748
0.08629250526428223
0.136124849319458
0.03333783149719238
0.03049015998840332
0.005282402038574219
0.002768993377685547
0.7922801971435547
0.807236909866333
0.8342852592468262
0.8559682369232178
0.8580589294433594
0.893822193145752
0.9165170192718506
0.944674015045166
0.9434161186218262
0.9973263740539551
0.9781429767608643
0.9584047794342041
0.9395506381988525
0.9205608367919922
0.8473169803619385
0.8957517147064209
0.8862078189849854
0.9267003536224365
0.9108524322509766
0.9508523941040039
0.9140143394470215
0.9830877780914307
0.938788890838623
1.0964035987854004
0.9185922145843506
1.0586011409759521
0.9193508625030518
1.080596923828125
0.962425947189331
1.1015241146087646
0.9153695106506348
1.0827701091766357
0.9099838733673096
1.0280940532684326
0.9285905361175537
1.0781967639923096
0.8662397861480713
0.9990434646606445
0.9091525077819824
0.9966378211975098
0.9120821952819824
0.9191477298736572
0.8847813606262207
0.9173934459686279
0.9205119609832764
0.8518359661102295
0.9161844253540039
0.8377373218536377
0.8753197193145752
0.7808301448822021
0.8209412097930908
0.807105302810669
0.7283556461334229
0.6910912990570068
0.6333029270172119
0.15785455703735352
0.062200307846069336
0.02277398109436035
0.009390592575073242
0.006871700286865234
0.002615213394165039
0.7921128273010254
0.8082594871520996
0.8375475406646729
0.8592212200164795
0.859795093536377
0.8933532238006592
0.9177525043487549
0.9442605972290039
0.9480717182159424
1.0000982284545898
0.9301369190216064
0.958179235458374
0.9406063556671143
1.0463330745697021
0.9728672504425049
0.9706528186798096
0.9608018398284912
0.9136221408843994
0.9798760414123535
0.893108606338501
0.9884703159332275
0.8978064060211182
1.0541622638702393
0.9771976470947266
1.045395851135254
0.9767410755157471
1.0222523212432861
0.9627964496612549
1.0434494018554688
0.9668238162994385
0.9890046119689941
0.9967677593231201
0.9782934188842773
1.0105085372924805
0.9550416469573975
1.0527973175048828
0.9500038623809814
1.1045057773590088
0.9422633647918701
1.001601219177246
0.950423002243042
0.9580659866333008
0.8966262340545654
0.9470608234405518
0.8971290588378906
0.9237470626831055
0.8578827381134033
0.8714165687561035
0.8249633312225342
0.8030283451080322
0.7657413482666016
0.7438311576843262
0.6979303359985352
0.6766843795776367
0.6313934326171875
0.1806635856628418
0.05417466163635254
0.019286632537841797
0.010793924331665039
0.0051021575927734375
0.0026330947875976562
0.842961311340332
0.8055868148803711
0.8352344036102295
0.858311653137207
0.857677698135376
0.8923296928405762
0.9171321392059326
0.9446487426757812
0.944019079208374
0.9981932640075684
0.9298970699310303
0.9569637775421143
0.9391458034515381
0.9200751781463623
0.8989336490631104
0.8955767154693604
0.8859679698944092
0.9251675605773926
0.9109659194946289
0.9109394550323486
0.9146418571472168
0.8792335987091064
0.8902738094329834
0.9141342639923096
0.9337449073791504
0.9973850250244141
0.9764270782470703
0.9916529655456543
0.979689359664917
0.9898614883422852
0.900113582611084
0.9488725662231445
0.8974263668060303
0.9956564903259277
0.9233734607696533
0.9326133728027344
0.8620462417602539
0.8575313091278076
0.876941442489624
0.8637881278991699
0.8745431900024414
0.9320425987243652
0.8724162578582764
0.955275297164917
0.8098537921905518
0.8409912586212158
0.7788498401641846
0.8055715560913086
0.7826006412506104
0.7623941898345947
0.7563991546630859
0.7563512325286865
0.7249934673309326
0.7016868591308594
0.5095095634460449
0.21108531951904297
0.05663442611694336
0.020463943481445312
0.0068628787994384766
0.002622365951538086
