1.3522651195526123
1.0524797439575195
1.0572330951690674
1.073993444442749
1.082268476486206
1.08650803565979
1.0986027717590332
1.104133129119873
1.1195616722106934
1.1574232578277588
1.1325440406799316
1.1131336688995361
1.1400179862976074
1.1187682151794434
1.1393210887908936
1.1243724822998047
1.1817419528961182
1.114363670349121
1.124356746673584
1.1204111576080322
1.138258695602417
1.110140323638916
1.148935317993164
1.1846883296966553
1.1411070823669434
1.0962309837341309
1.1365690231323242
1.0878713130950928
1.1364541053771973
1.078340768814087
1.1737072467803955
1.0961627960205078
1.1379258632659912
1.0955026149749756
1.1527180671691895
1.1291265487670898
1.1460566520690918
1.1490592956542969
1.1232030391693115
1.0758123397827148
1.0703740119934082
1.0576860904693604
1.0940802097320557
1.0537827014923096
1.0614211559295654
1.023090124130249
1.011995553970337
1.0598058700561523
1.015120267868042
0.99503493309021
0.9932034015655518
0.9803884029388428
0.960787296295166
0.9554712772369385
0.49292874336242676
0.5802950859069824
0.1706860065460205
0.10154604911804199
0.024692058563232422
0.00916743278503418
0.003385305404663086
1.0194988250732422
1.0305125713348389
1.0378000736236572
1.06003999710083
1.0610496997833252
1.1141870021820068
1.080030918121338
1.0843441486358643
1.0973796844482422
1.090038776397705
1.1141819953918457
1.0938694477081299
1.182271957397461
1.1075870990753174
1.1262760162353516
1.1155211925506592
1.1165411472320557
1.1036162376403809
1.1125926971435547
1.160322904586792
1.1221256256103516
1.096513271331787
1.135345697402954
1.1171441078186035
1.1265790462493896
1.0799157619476318
1.1717400550842285
1.0734002590179443
1.1202235221862793
1.060429334640503
1.1100153923034668
1.0795929431915283
1.120837926864624
1.0785536766052246
1.1887786388397217
1.1164298057556152
1.1303791999816895
1.0841038227081299
1.102762222290039
1.0650215148925781
1.0617148876190186
1.0970776081085205
1.0867929458618164
1.049452543258667
1.0491304397583008
1.0366580486297607
1.0219147205352783
1.0254695415496826
1.0274379253387451
1.0092096328735352
1.0153803825378418
0.982935905456543
0.9651544094085693
0.9994668960571289
0.3554110527038574
0.22322654724121094
0.04326772689819336
0.021636247634887695
0.006717205047607422
0.0033922195434570312
1.0153443813323975
1.0227713584899902
1.0318763256072998
1.049748420715332
1.0606844425201416
1.0685367584228516
1.0776946544647217
1.0824859142303467
1.1441152095794678
1.0883738994598389
1.1123993396759033
1.093714714050293
1.126025676727295
1.107039213180542
1.1268138885498047
1.1643037796020508
1.113269329071045
1.0992710590362549
1.110060691833496
1.1051857471466064
1.1188287734985352
1.0896601676940918
1.1836559772491455
1.1216351985931396
1.1242024898529053
1.0807933807373047
1.1185965538024902
1.073242425918579
1.1195924282073975
1.1119658946990967
1.1092205047607422
1.0824267864227295
1.1246349811553955
1.0853557586669922
1.1413636207580566
1.1183595657348633
1.1807537078857422
1.0882270336151123
1.105736255645752
1.0703129768371582
1.0642180442810059
1.0538513660430908
1.0897526741027832
1.0549275875091553
1.0518784523010254
1.0933923721313477
1.0214204788208008
1.0175321102142334
1.0290184020996094
1.004732370376587
1.0082831382751465
0.9945216178894043
0.9821865558624268
0.9720649719238281
0.9060976505279541
0.2754535675048828
0.06386327743530273
0.028498411178588867
0.009136199951171875
0.003401041030883789
1.013791799545288
1.0195281505584717
1.0288939476013184
1.0973992347717285
1.059319019317627
1.0633339881896973
1.077500820159912
1.0800189971923828
1.092120885848999
1.0845320224761963
1.1115260124206543
1.1592919826507568
1.1226656436920166
1.099916934967041
1.1166107654571533
1.0802946090698242
1.1304848194122314
1.0974221229553223
1.1890177726745605
1.1030340194702148
1.1305468082427979
1.084038496017456
1.095623254776001
1.063251256942749
1.093411922454834
1.1234245300292969
1.108053207397461
1.1147956848144531
1.1253166198730469
1.1282947063446045
1.1430180072784424
1.147829294204712
1.1691780090332031
1.0903925895690918
1.1347229480743408
1.1164555549621582
1.1100409030914307
1.0829482078552246
1.0922510623931885
1.1248748302459717
1.0889911651611328
1.0715012550354004
1.0783636569976807
1.0473568439483643
1.061152458190918
1.0302984714508057
1.0499670505523682
1.0317280292510986
1.08091139793396
1.0193183422088623
1.0038211345672607
0.966094970703125
0.9459373950958252
0.7861213684082031
0.298539400100708
0.10540533065795898
0.05922245979309082
0.017798662185668945
0.014567375183105469
0.006626129150390625
0.0033576488494873047
1.0025725364685059
1.0110177993774414
1.019317865371704
1.0405387878417969
1.0460493564605713
1.1005215644836426
1.0674901008605957
1.0744926929473877
1.0831975936889648
1.077812671661377
1.1002190113067627
1.0801186561584473
1.114978551864624
1.1479873657226562
1.1136460304260254
1.1034772396087646
1.1069555282592773
1.0933098793029785
1.097228765487671
1.141597032546997
1.1055057048797607
1.08204984664917
1.1216402053833008
1.105980634689331
1.1120052337646484
1.0715901851654053
1.1565873622894287
1.0669372081756592
1.1104559898376465
1.0711238384246826
1.100773811340332
1.04136061668396
1.1203091144561768
1.0564014911651611
1.1588456630706787
1.0540244579315186
1.1136188507080078
1.070108413696289
1.105046272277832
1.0501015186309814
1.065551519393921
1.1000590324401855
1.043771743774414
1.0250911712646484
1.0354177951812744
1.0124244689941406
1.006910800933838
1.0060980319976807
1.001657485961914
0.9866480827331543
0.980743408203125
0.9628527164459229
0.9532830715179443
0.861616849899292
0.4629783630371094
0.0962831974029541
0.09038686752319336
0.017688274383544922
0.014314889907836914
0.006588935852050781
0.003314971923828125
1.0475995540618896
1.0098450183868408
1.021409034729004
1.0373649597167969
1.048811435699463
1.047748327255249
1.063220739364624
1.0701279640197754
1.0824620723724365
1.1224689483642578
1.1014370918273926
1.0955064296722412
1.1143639087677002
1.0897178649902344
1.1060280799865723
1.0688178539276123
1.1624135971069336
1.0853455066680908
1.1247563362121582
1.0871806144714355
1.1170454025268555
1.070263147354126
1.0837147235870361
1.1015241146087646
1.083650827407837
1.05891752243042
1.1014440059661865
1.1068294048309326
1.1130282878875732
1.1210341453552246
1.1862807273864746
1.1400108337402344
1.1122679710388184
1.1102557182312012
1.1233878135681152
1.1241815090179443
1.1508569717407227
1.0915193557739258
1.0842783451080322
1.078810453414917
1.0888237953186035
1.074206829071045
1.0884919166564941
1.0632283687591553
1.1256005764007568
1.0471556186676025
1.0500712394714355
1.0278022289276123
1.0312621593475342
1.0149321556091309
1.0047602653503418
0.9847266674041748
0.9719042778015137
0.885845422744751
0.4047849178314209
0.10479450225830078
0.07674574851989746
0.024246692657470703
0.01168203353881836
0.006602048873901367
0.0033118724822998047
0.9989566802978516
1.008007287979126
1.0149037837982178
1.0855321884155273
1.0436615943908691
1.0509090423583984
1.061342477798462
1.0681655406951904
1.08353853225708
1.0751850605010986
1.1456351280212402
1.0820446014404297
1.1117849349975586
1.0955126285552979
1.1086163520812988
1.0972974300384521
1.0981252193450928
1.1399593353271484
1.0958728790283203
1.093109130859375
1.1049776077270508
1.0773522853851318
1.1181700229644775
1.1030666828155518
1.157283067703247
1.0654535293579102
1.1078884601593018
1.0650579929351807
1.1050612926483154
1.0684113502502441
1.1001977920532227
1.091585636138916
1.1202280521392822
1.054004430770874
1.1054449081420898
1.0466883182525635
1.1086788177490234
1.0614359378814697
1.1019272804260254
1.0998921394348145
1.0664010047912598
1.0538156032562256
1.0431041717529297
1.0178802013397217
1.0311260223388672
1.0083286762237549
1.0015323162078857
0.9971976280212402
0.9927017688751221
1.0283329486846924
0.9765303134918213
0.9624769687652588
0.9502575397491455
0.8620831966400146
0.4710533618927002
0.11210942268371582
0.07233047485351562
0.017597198486328125
0.014362812042236328
0.006546974182128906
0.003398895263671875
0.997821569442749
1.004286527633667
1.0165977478027344
1.0341331958770752
1.0411958694458008
1.0473904609680176
1.0613057613372803
1.1147980690002441
1.084805965423584
1.0784192085266113
1.1002686023712158
1.0938284397125244
1.1092581748962402
1.1332600116729736
1.101374864578247
1.0707628726959229
1.1135835647583008
1.0833110809326172
1.112729549407959
1.0854136943817139
1.1652309894561768
1.06679105758667
1.07798171043396
1.048893690109253
1.073441505432129
1.053260326385498
1.0945980548858643
1.1037275791168213
1.1626231670379639
1.1175975799560547
1.1096932888031006
1.081005573272705
1.1051440238952637
1.0663208961486816
1.0735116004943848
1.0875391960144043
1.0956175327301025
1.0623199939727783
1.1017072200775146
1.0777521133422852
1.0835492610931396
1.073096752166748
1.1172053813934326
1.0685019493103027
1.0567502975463867
1.0230400562286377
1.0424680709838867
1.015019178390503
1.0151169300079346
0.9949564933776855
0.9869811534881592
0.967566728591919
0.9609899520874023
0.9312112331390381
0.40906858444213867
0.07148146629333496
0.07429957389831543
0.017563819885253906
0.014325380325317383
0.0065441131591796875
0.0033257007598876953
1.0459754467010498
1.008298635482788
1.0123672485351562
1.0318119525909424
1.0409560203552246
1.0447683334350586
1.0601487159729004
1.0637640953063965
1.0737667083740234
1.1151723861694336
1.0949783325195312
1.077207326889038
1.1077160835266113
1.0864880084991455
1.105769395828247
1.138664960861206
1.0951077938079834
1.0806159973144531
1.090325117111206
1.0873117446899414
1.1013727188110352
1.0718026161193848
1.1633098125457764
1.100830078125
1.1072440147399902
1.062046766281128
1.101322889328003
1.0556395053863525
1.1003358364105225
1.1108803749084473
1.0931174755096436
1.032869577407837
1.1124038696289062
1.0467884540557861
1.099247694015503
1.0418212413787842
1.1056902408599854
1.11063814163208
1.1010322570800781
1.0457348823547363
1.0627813339233398
1.046525478363037
1.034989595413208
1.0135748386383057
1.0242466926574707
1.0025782585144043
1.0456717014312744
0.9986345767974854
0.9940462112426758
0.9795429706573486
0.9786739349365234
0.9610002040863037
0.9450910091400146
0.8574161529541016
0.4667396545410156
0.09832644462585449
0.09036660194396973
0.017621278762817383
0.01432180404663086
0.006580829620361328
0.0032727718353271484
0.9949300289154053
1.0065374374389648
1.010213851928711
1.0316228866577148
1.0895099639892578
1.045447587966919
1.0607693195343018
1.0648488998413086
1.077589511871338
1.0709967613220215
1.0944011211395264
1.0760924816131592
1.158231496810913
1.090198040008545
1.108757495880127
1.0949978828430176
1.0966758728027344
1.0830590724945068
1.1399319171905518
1.0887320041656494
1.102717638015747
1.0750377178192139
1.1160452365875244
1.101844310760498
1.1072571277618408
1.1090824604034424
1.1010990142822266
1.0573358535766602
1.1033728122711182
1.0419416427612305
1.0886783599853516
1.0617907047271729
1.150449275970459
1.0658833980560303
1.1199595928192139
1.0721542835235596
1.0755615234375
1.042146921157837
1.0640144348144531
1.0509107112884521
1.068749189376831
1.1038954257965088
1.0541815757751465
1.0363264083862305
1.0492961406707764
1.0242664813995361
1.0303826332092285
1.0080156326293945
1.0146329402923584
1.0028574466705322
0.9840211868286133
1.0230414867401123
0.9699757099151611
0.9427070617675781
0.5016756057739258
0.20072269439697266
0.03173065185546875
0.028265953063964844
0.006665468215942383
0.0033376216888427734
