1.379981279373169
1.0761048793792725
1.0844616889953613
1.0917694568634033
1.0943105220794678
1.1065621376037598
1.1158955097198486
1.1191232204437256
1.1283085346221924
1.1878337860107422
1.18271803855896
1.1687712669372559
1.2046704292297363
1.1529161930084229
1.2152292728424072
1.1774311065673828
1.2829005718231201
1.199977159500122
1.2181494235992432
1.2327563762664795
1.245074987411499
1.274425983428955
1.2084498405456543
1.2329871654510498
1.2295341491699219
1.1938116550445557
1.2669885158538818
1.217836856842041
1.2248015403747559
1.167271375656128
1.225273847579956
1.1498310565948486
1.2641065120697021
1.1505060195922852
1.210209608078003
1.188236951828003
1.1520178318023682
1.1423068046569824
1.1412382125854492
1.192448377609253
1.0942482948303223
1.1119990348815918
1.0756051540374756
1.114335060119629
1.0732364654541016
1.0563347339630127
1.0598037242889404
1.0786223411560059
1.064901351928711
1.0990891456604004
1.0350885391235352
1.025364875793457
0.9982903003692627
0.9643471240997314
0.49871158599853516
0.15651893615722656
0.05699777603149414
0.030268192291259766
0.018522262573242188
0.01509714126586914
0.006838798522949219
0.0034170150756835938
1.0402653217315674
1.0489780902862549
1.0567820072174072
1.0640497207641602
1.073441982269287
1.084334373474121
1.0940830707550049
1.1495540142059326
1.1108407974243164
1.1203186511993408
1.1610631942749023
1.1445579528808594
1.1789319515228271
1.1864938735961914
1.2002735137939453
1.1688320636749268
1.2133212089538574
1.1819658279418945
1.2024669647216797
1.269587755203247
1.223160743713379
1.211007833480835
1.1832640171051025
1.2135438919067383
1.2582416534423828
1.1734986305236816
1.1979413032531738
1.1974542140960693
1.2045300006866455
1.1434829235076904
1.2556283473968506
1.128453016281128
1.1945087909698486
1.1388931274414062
1.1991281509399414
1.1775877475738525
1.1941659450531006
1.1330504417419434
1.1330618858337402
1.1339361667633057
1.0820422172546387
1.092144250869751
1.0540404319763184
1.0918364524841309
1.0533194541931152
1.089217185974121
1.0426971912384033
1.0615806579589844
1.054140329360962
1.0327095985412598
1.0258381366729736
1.0159051418304443
0.9830262660980225
0.9529905319213867
0.49979376792907715
0.15466809272766113
0.05626535415649414
0.0299069881439209
0.018503189086914062
0.014919281005859375
0.006822347640991211
0.003391742706298828
1.030031681060791
1.0398991107940674
1.046994924545288
1.1060388088226318
1.0664629936218262
1.0756545066833496
1.0891332626342773
1.0933456420898438
1.1001276969909668
1.1100831031799316
1.1525070667266846
1.1913092136383057
1.1757326126098633
1.132878065109253
1.2005999088287354
1.164372444152832
1.2282402515411377
1.234541654586792
1.2160258293151855
1.2029385566711426
1.2078626155853271
1.167372226715088
1.2606801986694336
1.18985915184021
1.20766019821167
1.1859354972839355
1.2171542644500732
1.1708292961120605
1.2505297660827637
1.2010760307312012
1.2052030563354492
1.1798548698425293
1.1735749244689941
1.1660091876983643
1.2096905708312988
1.1766016483306885
1.1557672023773193
1.1290607452392578
1.1446926593780518
1.0907227993011475
1.1705303192138672
1.0692219734191895
1.1175081729888916
1.1010386943817139
1.093843936920166
1.0773286819458008
1.0744681358337402
1.084392786026001
1.0755460262298584
1.0934712886810303
1.0509443283081055
1.0269310474395752
0.99397873878479
0.956632137298584
0.3737053871154785
0.05960869789123535
0.06762218475341797
0.01544499397277832
0.012042045593261719
0.0034532546997070312
1.0309197902679443
1.037628173828125
1.0478324890136719
1.0582568645477295
1.0604221820831299
1.0763757228851318
1.0875048637390137
1.1443040370941162
1.1033954620361328
1.1127169132232666
1.1530005931854248
1.1403849124908447
1.176098108291626
1.1752569675445557
1.198495626449585
1.165630578994751
1.227254867553711
1.178593635559082
1.2107031345367432
1.2540702819824219
1.2091045379638672
1.1740589141845703
1.2135818004608154
1.1856927871704102
1.2540969848632812
1.1897425651550293
1.2147958278656006
1.1695475578308105
1.19744873046875
1.2037115097045898
1.2539539337158203
1.1841011047363281
1.1795721054077148
1.165677547454834
1.1544640064239502
1.1693394184112549
1.2027244567871094
1.1296825408935547
1.151515007019043
1.095026969909668
1.124328851699829
1.0659565925598145
1.1121258735656738
1.0944347381591797
1.1417803764343262
1.0776371955871582
1.0737817287445068
1.0862147808074951
1.0685672760009766
1.0374557971954346
1.041743278503418
1.0150024890899658
0.9835972785949707
0.9503128528594971
0.3864164352416992
0.05955910682678223
0.0675041675567627
0.015390634536743164
0.011998653411865234
0.0034377574920654297
1.029240369796753
1.0867300033569336
1.0441386699676514
1.0536472797393799
1.0513653755187988
1.0639164447784424
1.077911138534546
1.079160213470459
1.0891096591949463
1.0979313850402832
1.1917474269866943
1.1322355270385742
1.162947416305542
1.1111631393432617
1.1787872314453125
1.146207571029663
1.2606348991394043
1.1686079502105713
1.1939735412597656
1.1560864448547363
1.1900219917297363
1.1830060482025146
1.1903152465820312
1.1433348655700684
1.2234303951263428
1.1678240299224854
1.1727468967437744
1.2420687675476074
1.192342758178711
1.1877961158752441
1.128244161605835
1.1503314971923828
1.1279470920562744
1.1832058429718018
1.12845778465271
1.1188089847564697
1.1121723651885986
1.1504290103912354
1.1016755104064941
1.1675028800964355
1.1085107326507568
1.1238653659820557
1.116525411605835
1.0918166637420654
1.0942416191101074
1.101811170578003
1.0597889423370361
1.0498969554901123
1.0931947231292725
1.0568854808807373
1.029980182647705
1.0089137554168701
0.9909956455230713
0.965205192565918
0.7551426887512207
0.14265704154968262
0.07134222984313965
0.012464761734008789
0.009236574172973633
0.0034143924713134766
1.0197746753692627
1.0268948078155518
1.0367844104766846
1.0432631969451904
1.048811912536621
1.110260009765625
1.099118709564209
1.099715232849121
1.1274502277374268
1.0998454093933105
1.132333755493164
1.0937907695770264
1.1547155380249023
1.121950626373291
1.1220424175262451
1.092271089553833
1.1263082027435303
1.103759527206421
1.1165380477905273
1.089268445968628
1.1555538177490234
1.0787184238433838
1.142221450805664
1.0976603031158447
1.1630847454071045
1.0745210647583008
1.1279780864715576
1.1258854866027832
1.16312837600708
1.1265285015106201
1.1783740520477295
1.149735450744629
1.1766595840454102
1.1948459148406982
1.1784133911132812
1.1770415306091309
1.1786651611328125
1.1514666080474854
1.195136547088623
1.1853249073028564
1.1672849655151367
1.1082334518432617
1.1711764335632324
1.087007761001587
1.1495068073272705
1.0600993633270264
1.1183655261993408
1.0902187824249268
1.032583236694336
1.0193202495574951
1.0101516246795654
0.9944496154785156
0.9800548553466797
0.9580745697021484
0.6166260242462158
0.14415812492370605
0.07161402702331543
0.017853260040283203
0.014657258987426758
0.00661778450012207
0.003371715545654297
1.0200600624084473
1.0300211906433105
1.0378940105438232
1.0463378429412842
1.048203706741333
1.115060567855835
1.0788166522979736
1.0810966491699219
1.08693528175354
1.0981099605560303
1.142594337463379
1.1311376094818115
1.2124483585357666
1.1143434047698975
1.1794989109039307
1.1468925476074219
1.2047841548919678
1.182135820388794
1.2425987720489502
1.154787302017212
1.1826362609863281
1.1796417236328125
1.1676111221313477
1.221907377243042
1.1496644020080566
1.1464064121246338
1.1524434089660645
1.13618803024292
1.138852596282959
1.1275179386138916
1.214827537536621
1.139228343963623
1.1788787841796875
1.1457407474517822
1.144124984741211
1.13246488571167
1.2098486423492432
1.0971589088439941
1.1584804058074951
1.0954680442810059
1.1318550109863281
1.1297452449798584
1.1203587055206299
1.1524052619934082
1.109788179397583
1.0817008018493652
1.085944652557373
1.0559873580932617
1.0476553440093994
1.0125746726989746
1.0114898681640625
0.9943466186523438
0.9691152572631836
0.9369864463806152
0.3767712116241455
0.241807222366333
0.060135841369628906
0.02704167366027832
0.011930227279663086
0.006676435470581055
0.0034377574920654297
1.0697534084320068
1.0339710712432861
1.0403673648834229
1.0470893383026123
1.0562107563018799
1.0667262077331543
1.0767278671264648
1.0828018188476562
1.1041576862335205
1.1462633609771729
1.1236066818237305
1.141991138458252
1.1345889568328857
1.1284875869750977
1.1230385303497314
1.114177942276001
1.2066397666931152
1.1519200801849365
1.1405937671661377
1.121748447418213
1.1392924785614014
1.113023281097412
1.2025203704833984
1.1366705894470215
1.1212577819824219
1.143108606338501
1.1341469287872314
1.1456830501556396
1.166433334350586
1.1338791847229004
1.0787303447723389
1.126936912536621
1.1297597885131836
1.113795280456543
1.1159002780914307
1.1123576164245605
1.1409080028533936
1.1053931713104248
1.0840237140655518
1.090679407119751
1.0691072940826416
1.073279857635498
1.0649149417877197
1.0681917667388916
1.1254873275756836
1.0521190166473389
1.0789947509765625
1.0497734546661377
1.0341284275054932
1.0324203968048096
1.0255413055419922
1.0095722675323486
0.9878668785095215
0.9663574695587158
0.4403548240661621
0.2465989589691162
0.04808354377746582
0.023895978927612305
0.0067234039306640625
0.0033855438232421875
1.0157151222229004
1.0750086307525635
1.0359594821929932
1.0455458164215088
1.0479094982147217
1.0624113082885742
1.0875356197357178
1.0796916484832764
1.099604845046997
1.0897243022918701
1.1766507625579834
1.1071031093597412
1.1098394393920898
1.1250932216644287
1.1243500709533691
1.106379747390747
1.1435189247131348
1.1234545707702637
1.0989561080932617
1.1900529861450195
1.1147761344909668
1.1620125770568848
1.105414628982544
1.226524829864502
1.096738576889038
1.1649868488311768
1.1506080627441406
1.1624388694763184
1.1455557346343994
1.2111005783081055
1.151212453842163
1.1681315898895264
1.138833999633789
1.1424179077148438
1.1154005527496338
1.1815855503082275
1.1083641052246094
1.14186692237854
1.1241812705993652
1.1073024272918701
1.123880386352539
1.1884238719940186
1.1269149780273438
1.1201493740081787
1.124624252319336
1.0772969722747803
1.1010370254516602
1.0632176399230957
1.091186285018921
1.043060302734375
1.0952534675598145
1.0115296840667725
0.9827935695648193
0.965294599533081
0.607558012008667
0.17078208923339844
0.05937910079956055
0.030496597290039062
0.01813530921936035
0.014714956283569336
0.006669521331787109
0.003438234329223633
1.0181140899658203
1.026838779449463
1.0339641571044922
1.0413756370544434
1.0464177131652832
1.0562093257904053
1.118849277496338
1.079432487487793
1.0892736911773682
1.0991160869598389
1.135960340499878
1.1235804557800293
1.1582577228546143
1.1611814498901367
1.184870958328247
1.1687312126159668
1.2015314102172852
1.1638915538787842
1.186572551727295
1.2497642040252686
1.206028938293457
1.1929125785827637
1.167442798614502
1.1997184753417969
1.2413461208343506
1.159987449645996
1.18330979347229
1.1844236850738525
1.1828603744506836
1.125441074371338
1.2355804443359375
1.1185646057128906
1.1820931434631348
1.128765344619751
1.1854302883148193
1.1665232181549072
1.1288549900054932
1.1714603900909424
1.1203417778015137
1.1143803596496582
1.0670485496520996
1.0738866329193115
1.0406670570373535
1.0752534866333008
1.0358362197875977
1.0674171447753906
1.0280404090881348
1.0447967052459717
1.0364100933074951
1.0147795677185059
1.0072393417358398
0.9988183975219727
0.97039794921875
0.9425334930419922
0.4968891143798828
0.15284085273742676
0.05557870864868164
0.029620647430419922
0.018125057220458984
0.01482534408569336
0.006726741790771484
0.0034139156341552734
