0.9132587909698486
0.6792771816253662
0.6962590217590332
0.7179176807403564
0.7648382186889648
0.7541050910949707
0.756023645401001
0.8041689395904541
0.7460181713104248
0.8390223979949951
0.7748017311096191
0.8394370079040527
0.8241539001464844
0.863898515701294
0.8288869857788086
0.8564739227294922
0.8280551433563232
0.9116673469543457
0.785747766494751
0.8661997318267822
0.7856886386871338
0.8558857440948486
0.8060626983642578
0.8744449615478516
0.8374652862548828
0.8593325614929199
0.8328845500946045
0.8844404220581055
0.8743581771850586
0.9060604572296143
1.0198256969451904
0.9243104457855225
0.8606472015380859
0.8808615207672119
0.8576197624206543
0.8563711643218994
0.8600728511810303
0.8419132232666016
0.8332738876342773
0.8253898620605469
0.7961156368255615
0.805572509765625
0.9159395694732666
0.7842133045196533
0.8374061584472656
0.7607862949371338
0.7140867710113525
0.7392077445983887
0.7177083492279053
0.7049076557159424
0.6788337230682373
0.6620430946350098
0.6266543865203857
0.5878939628601074
0.5307462215423584
0.1558525562286377
0.04510927200317383
0.01581287384033203
0.00600886344909668
0.0023937225341796875
0.6673989295959473
0.6778049468994141
0.6955349445343018
0.7203025817871094
0.7297220230102539
0.7536139488220215
0.8074588775634766
0.8000178337097168
0.7391881942749023
0.8330581188201904
0.7693560123443604
0.8316843509674072
0.8209974765777588
0.8570032119750977
0.822758674621582
0.849743127822876
0.8228106498718262
0.8509349822998047
0.8459362983703613
1.0189874172210693
0.8779900074005127
0.9039204120635986
0.9067776203155518
0.9094319343566895
0.9334743022918701
0.903892993927002
0.8952348232269287
0.8868343830108643
0.8744409084320068
0.8872265815734863
0.9639909267425537
0.8932292461395264
0.8857181072235107
0.928555965423584
0.9037294387817383
0.9380354881286621
0.872514009475708
0.87152099609375
0.7996904850006104
0.8611505031585693
0.900752067565918
0.9766128063201904
0.8962068557739258
0.852236270904541
0.8338367938995361
0.7471845149993896
0.7971518039703369
0.6803328990936279
0.661994218826294
0.639216423034668
0.5822854042053223
0.6073625087738037
0.5597989559173584
0.5485203266143799
0.2996838092803955
0.1240079402923584
0.03268122673034668
0.0172269344329834
0.0047245025634765625
0.0023996829986572266
0.6627070903778076
0.6758825778961182
0.6937954425811768
0.715756893157959
0.7221171855926514
0.7977094650268555
0.7510244846343994
0.7984848022460938
0.736760139465332
0.8300244808197021
0.7669615745544434
0.8308382034301758
0.7824265956878662
0.8309586048126221
0.7886760234832764
0.8341219425201416
0.786613941192627
0.8299410343170166
0.7447295188903809
0.9284167289733887
0.8731837272644043
0.830388069152832
0.8888106346130371
0.8477535247802734
0.8790731430053711
0.8349549770355225
0.8809254169464111
0.8450520038604736
0.8587653636932373
0.8158624172210693
0.8802764415740967
0.8601651191711426
0.8681597709655762
0.8250696659088135
0.8424217700958252
0.8248791694641113
0.8224887847900391
0.825533390045166
0.8349361419677734
0.795356273651123
0.7615089416503906
0.7594435214996338
0.758089542388916
0.7259905338287354
0.7782304286956787
0.7783453464508057
0.7298386096954346
0.6817803382873535
0.6885764598846436
0.659346342086792
0.6565418243408203
0.6208333969116211
0.5691943168640137
0.5318644046783447
0.49939703941345215
0.09288263320922852
0.040935516357421875
0.011433601379394531
0.009161949157714844
0.0045773983001708984
0.002357006072998047
0.6566321849822998
0.6683130264282227
0.6832940578460693
0.7075653076171875
0.7187714576721191
0.7436883449554443
0.7470016479492188
0.8157906532287598
0.7602779865264893
0.8682963848114014
0.7561545372009277
0.8056721687316895
0.7692227363586426
0.8993594646453857
0.7906103134155273
0.8908710479736328
0.7939667701721191
0.9004371166229248
0.8463945388793945
0.8758103847503662
0.8076632022857666
0.8698501586914062
0.9339034557342529
0.8814115524291992
0.8477623462677002
0.8955364227294922
0.8326418399810791
0.8714885711669922
0.8537747859954834
0.8298695087432861
0.7828717231750488
0.7928798198699951
0.7754232883453369
0.8958091735839844
0.889836311340332
0.9454593658447266
0.8456220626831055
0.9476318359375
0.8496155738830566
0.9270360469818115
0.8097624778747559
0.8737022876739502
0.7453663349151611
0.7572512626647949
0.7617578506469727
0.73439621925354
0.7011642456054688
0.8300008773803711
0.7296907901763916
0.7068138122558594
0.6415433883666992
0.6184206008911133
0.5768711566925049
0.5568149089813232
0.3090333938598633
0.14454364776611328
0.028710603713989258
0.014801740646362305
0.004646778106689453
0.0023877620697021484
0.6548912525177002
0.6679055690765381
0.6828160285949707
0.7068126201629639
0.7166626453399658
0.7401299476623535
0.7466700077056885
0.8153393268585205
0.7608683109283447
0.8195712566375732
0.7579360008239746
0.8547699451446533
0.7680766582489014
0.8965542316436768
0.7925126552581787
0.8901457786560059
0.7928686141967773
0.898343563079834
0.8441870212554932
0.8745026588439941
0.8082678318023682
0.8684587478637695
0.8791749477386475
1.0454530715942383
0.9068310260772705
0.9814178943634033
0.9772131443023682
1.002709150314331
0.9521141052246094
0.9669108390808105
0.919095516204834
0.9707813262939453
1.023766040802002
0.934546947479248
0.8913862705230713
0.9396958351135254
0.9049746990203857
0.9248747825622559
0.896052360534668
0.9538061618804932
0.8613944053649902
0.9234530925750732
0.8547518253326416
0.9535422325134277
0.7772738933563232
0.8381931781768799
0.721123456954956
0.7635517120361328
0.6663758754730225
0.6699783802032471
0.6891615390777588
0.6380605697631836
0.6031732559204102
0.563356876373291
0.4487595558166504
0.1286306381225586
0.03927779197692871
0.015443086624145508
0.005854606628417969
0.0023567676544189453
0.6567800045013428
0.667043924331665
0.6861801147460938
0.7107830047607422
0.7196044921875
0.7416336536407471
0.745941162109375
0.8646342754364014
0.7611520290374756
0.8167660236358643
0.7548956871032715
0.8034484386444092
0.7687301635742188
0.8977804183959961
0.7928829193115234
0.8883485794067383
0.7956392765045166
0.8990950584411621
0.8452730178833008
0.9287984371185303
0.8066599369049072
0.8663923740386963
0.873776912689209
0.9869730472564697
0.9053373336791992
0.9848394393920898
0.9513516426086426
0.9964966773986816
0.9079446792602539
0.9334197044372559
0.9309306144714355
0.9776859283447266
0.8921458721160889
0.9868955612182617
0.8916211128234863
0.9763138294219971
0.8624267578125
0.9213287830352783
0.8101601600646973
0.8643734455108643
0.7562975883483887
0.8229992389678955
0.7557401657104492
0.7149779796600342
0.741318941116333
0.7412092685699463
0.7606058120727539
0.6900167465209961
0.7301723957061768
0.6502587795257568
0.6136369705200195
0.6017341613769531
0.5460414886474609
0.5458686351776123
0.24922394752502441
0.1056671142578125
0.03076624870300293
0.028414011001586914
0.011701583862304688
0.00937199592590332
0.00465846061706543
0.0023539066314697266
0.6522457599639893
0.6651496887207031
0.6802794933319092
0.7077093124389648
0.7140536308288574
0.7396814823150635
0.7914283275604248
0.7895317077636719
0.7293658256530762
0.8223762512207031
0.758284330368042
0.8224377632141113
0.8104162216186523
0.846907377243042
0.8118183612823486
0.8405616283416748
0.8117778301239014
0.839256763458252
0.8218321800231934
0.9095942974090576
0.8122401237487793
0.8645904064178467
0.8282022476196289
0.8105645179748535
0.8727405071258545
0.8246045112609863
0.8982198238372803
0.8499724864959717
0.8619952201843262
0.8465938568115234
0.8605964183807373
0.9506843090057373
0.8441164493560791
0.9062356948852539
0.8894639015197754
0.8910477161407471
0.8783950805664062
0.9086978435516357
0.9019417762756348
0.9044430255889893
0.883779764175415
0.8873906135559082
0.8907132148742676
0.8106696605682373
0.7457578182220459
0.7342555522918701
0.707660436630249
0.6974084377288818
0.7040128707885742
0.6525354385375977
0.6335816383361816
0.610736608505249
0.5797061920166016
0.5543298721313477
0.39259886741638184
0.15380287170410156
0.031881093978881836
0.012943267822265625
0.004697561264038086
0.0023658275604248047
0.6542336940765381
0.6654453277587891
0.6835734844207764
0.7064166069030762
0.7157831192016602
0.7406392097473145
0.7447690963745117
0.8388352394104004
0.7299580574035645
0.8228182792663574
0.7602055072784424
0.8236207962036133
0.7783515453338623
0.8227982521057129
0.7831840515136719
0.8272833824157715
0.784182071685791
0.8264775276184082
0.7402088642120361
0.8692381381988525
0.9225080013275146
0.8251383304595947
0.8830358982086182
0.8333203792572021
0.8473453521728516
0.8799688816070557
0.856452465057373
0.84576416015625
0.8386118412017822
0.8345499038696289
0.8465633392333984
0.8995585441589355
0.8765506744384766
0.8388552665710449
0.7869913578033447
0.8222479820251465
0.7627882957458496
0.7476150989532471
0.709343433380127
0.7265329360961914
0.7027626037597656
0.7312667369842529
0.7012310028076172
0.659315824508667
0.6705663204193115
0.7076277732849121
0.663576602935791
0.6539781093597412
0.6431066989898682
0.691239595413208
0.6350982189178467
0.6118261814117432
0.5815811157226562
0.5484659671783447
0.3395998477935791
0.08119845390319824
0.040491580963134766
0.014210700988769531
0.005897998809814453
0.0023736953735351562
0.655078649520874
0.6654901504516602
0.6816706657409668
0.7053406238555908
0.7137959003448486
0.7395520210266113
0.7431857585906982
0.7904007434844971
0.7409579753875732
0.7429940700531006
0.7391800880432129
0.7475454807281494
0.7372024059295654
0.7928493022918701
0.7572176456451416
0.7901797294616699
0.8304393291473389
0.8517413139343262
0.8735966682434082
0.894305944442749
0.9295175075531006
0.9562554359436035
0.9277427196502686
0.9489400386810303
1.012678623199463
0.9188435077667236
0.9516518115997314
0.9402859210968018
0.892859935760498
0.9262847900390625
0.8756842613220215
0.9281027317047119
0.8057682514190674
0.9406116008758545
0.7782919406890869
0.9950802326202393
0.8003191947937012
0.8059303760528564
0.7378137111663818
0.8394289016723633
0.7493679523468018
0.733271598815918
0.7267346382141113
0.8007426261901855
0.7396805286407471
0.7739026546478271
0.6863172054290771
0.7291326522827148
0.6907627582550049
0.6384775638580322
0.6060235500335693
0.581812858581543
0.548041582107544
0.5227096080780029
0.1654665470123291
0.12903261184692383
0.026022911071777344
0.015528440475463867
0.004658699035644531
0.002365589141845703
0.6546745300292969
0.6668059825897217
0.6827878952026367
0.7079129219055176
0.7150075435638428
0.7397994995117188
0.7441809177398682
0.8122894763946533
0.7579870223999023
0.8179514408111572
0.7564895153045654
0.80413818359375
0.7696866989135742
0.8983454704284668
0.8428142070770264
0.886920690536499
0.7899086475372314
0.8965702056884766
0.8433263301849365
0.872230052947998
0.8050267696380615
0.8666372299194336
0.8762097358703613
0.978043794631958
0.938589334487915
1.0307164192199707
0.9228355884552002
0.976508617401123
0.8725967407226562
0.8952229022979736
0.842843770980835
0.8707289695739746
0.8619396686553955
0.8738572597503662
0.8786342144012451
0.839827299118042
0.8455908298492432
0.8726208209991455
0.8451552391052246
0.7423887252807617
0.7353479862213135
0.7003693580627441
0.7557625770568848
0.7612545490264893
0.7861135005950928
0.7439770698547363
0.728924036026001
0.6895744800567627
0.6719982624053955
0.6119287014007568
0.6099855899810791
0.6025521755218506
0.594423770904541
0.5581700801849365
0.5046586990356445
0.16301679611206055
0.034877777099609375
0.01605701446533203
0.004694223403930664
0.0023832321166992188
