1.08833909034729
0.7969229221343994
0.810492992401123
0.8174171447753906
0.8178412914276123
0.8301913738250732
0.833319902420044
0.8471438884735107
0.8571069240570068
0.9052486419677734
0.8641262054443359
0.8466396331787109
0.8664867877960205
0.8511168956756592
0.8603017330169678
0.8549706935882568
0.9036815166473389
0.8566083908081055
0.8570778369903564
0.8835420608520508
0.8381118774414062
0.8581845760345459
0.8962404727935791
0.8641846179962158
0.9749777317047119
0.8431379795074463
0.8916738033294678
0.8099682331085205
0.8305611610412598
0.810283899307251
0.795454740524292
0.8284661769866943
0.8670821189880371
0.8388962745666504
0.8486218452453613
0.8220717906951904
0.8197596073150635
0.8012325763702393
0.9059257507324219
0.8906822204589844
0.9857518672943115
0.8851752281188965
0.902158260345459
0.8331830501556396
0.8925566673278809
0.8165857791900635
0.8567624092102051
0.7982590198516846
0.7811827659606934
0.8298981189727783
0.7599697113037109
0.755347490310669
0.7374210357666016
0.7185437679290771
0.5031313896179199
0.1212763786315918
0.059819698333740234
0.018685579299926758
0.00749516487121582
0.0027968883514404297
0.7702889442443848
0.783287763595581
0.7995560169219971
0.8068521022796631
0.8078405857086182
0.820357084274292
0.8781499862670898
0.8423383235931396
0.8510806560516357
0.8510692119598389
0.8652162551879883
0.8442990779876709
0.8618664741516113
0.8481240272521973
0.9086320400238037
0.855076789855957
0.8504078388214111
0.8527672290802002
0.8484296798706055
0.8727602958679199
0.8287897109985352
0.9016933441162109
0.8972048759460449
0.8589930534362793
0.9171533584594727
0.839268684387207
0.8865923881530762
0.8044371604919434
0.8275611400604248
0.8606390953063965
0.7940804958343506
0.828026294708252
0.8129501342773438
0.8338360786437988
0.846851110458374
0.8156735897064209
0.8155663013458252
0.7942113876342773
0.9492552280426025
0.885345458984375
0.9307420253753662
0.8773908615112305
0.8918256759643555
0.8246095180511475
0.9284534454345703
0.7952876091003418
0.8364346027374268
0.7821388244628906
0.7817044258117676
0.760561466217041
0.7349624633789062
0.7385168075561523
0.7014455795288086
0.35074305534362793
0.09454584121704102
0.06846857070922852
0.027663230895996094
0.01675891876220703
0.0055239200592041016
0.0027778148651123047
0.7631235122680664
0.7760462760925293
0.7944416999816895
0.8576838970184326
0.807711124420166
0.8181548118591309
0.8154506683349609
0.8303215503692627
0.8387515544891357
0.8399820327758789
0.8488271236419678
0.8829889297485352
0.8552384376525879
0.836437463760376
0.8438003063201904
0.8424680233001709
0.8370287418365479
0.8455121517181396
0.8384056091308594
0.9182062149047852
0.8253257274627686
0.8466997146606445
0.8814618587493896
0.8452737331390381
0.9018328189849854
0.8261470794677734
0.9270484447479248
0.7934849262237549
0.8158025741577148
0.7988481521606445
0.7789373397827148
0.813068151473999
0.7988502979278564
0.8192894458770752
0.8312251567840576
0.859095573425293
0.8101563453674316
0.7919254302978516
0.8942892551422119
0.8748571872711182
0.9212477207183838
0.8713071346282959
0.8837110996246338
0.8730819225311279
0.8755419254302979
0.8172574043273926
0.8342990875244141
0.7831871509552002
0.7987749576568604
0.7701306343078613
0.758303165435791
0.727623462677002
0.7024884223937988
0.5496585369110107
0.17155241966247559
0.10468101501464844
0.03926825523376465
0.015133380889892578
0.005475759506225586
0.002734661102294922
0.8118727207183838
0.7765297889709473
0.791611909866333
0.798722505569458
0.7999117374420166
0.8126416206359863
0.8154842853546143
0.8313889503479004
0.886552095413208
0.8474256992340088
0.8515443801879883
0.8324618339538574
0.8516170978546143
0.8349945545196533
0.8432226181030273
0.8440263271331787
0.89131760597229
0.8416421413421631
0.841381311416626
0.866642951965332
0.8183941841125488
0.839202880859375
0.8806149959564209
0.8946335315704346
0.9065139293670654
0.8306894302368164
0.8929905891418457
0.8053193092346191
0.8243880271911621
0.7931442260742188
0.789966344833374
0.7905793190002441
0.843055009841919
0.7879700660705566
0.8381819725036621
0.8064193725585938
0.924389123916626
0.8086369037628174
0.9143109321594238
0.8967962265014648
0.903972864151001
0.852067232131958
0.8764500617980957
0.8371696472167969
0.8363926410675049
0.8525564670562744
0.8222882747650146
0.8710572719573975
0.7872400283813477
0.7798397541046143
0.7586343288421631
0.7371313571929932
0.7091727256774902
0.6890525817871094
0.2894144058227539
0.13797259330749512
0.052459716796875
0.01841115951538086
0.005518913269042969
0.0027780532836914062
0.7573180198669434
0.7698616981506348
0.7869153022766113
0.7962355613708496
0.7976069450378418
0.8643107414245605
0.8175439834594727
0.834599494934082
0.8404877185821533
0.8393838405609131
0.8466424942016602
0.8292086124420166
0.8970839977264404
0.8372013568878174
0.8439631462097168
0.8417913913726807
0.8361079692840576
0.8394269943237305
0.836284875869751
0.8632152080535889
0.8714239597320557
0.841489315032959
0.8792858123779297
0.846160888671875
0.9035792350769043
0.8292520046234131
0.8753557205200195
0.8440418243408203
0.8153302669525146
0.7961335182189941
0.7790489196777344
0.8117992877960205
0.8016397953033447
0.8216919898986816
0.8325920104980469
0.8072021007537842
0.8036558628082275
0.8424444198608398
0.8964672088623047
0.880448579788208
0.926652193069458
0.8741648197174072
0.886885404586792
0.8197612762451172
0.9323992729187012
0.8037302494049072
0.8403854370117188
0.7851648330688477
0.7657678127288818
0.7724823951721191
0.7511610984802246
0.7396178245544434
0.7193529605865479
0.7023460865020752
0.4315164089202881
0.14740967750549316
0.03632616996765137
0.021823406219482422
0.005529642105102539
0.002753019332885742
0.760460615158081
0.8223586082458496
0.7945592403411865
0.8003444671630859
0.7975897789001465
0.8089683055877686
0.8127527236938477
0.8281865119934082
0.8377244472503662
0.8912093639373779
0.8528189659118652
0.8336350917816162
0.8527545928955078
0.8377642631530762
0.8490297794342041
0.8418846130371094
0.8375141620635986
0.8936936855316162
0.8381786346435547
0.8634226322174072
0.8196957111358643
0.8358924388885498
0.8739626407623291
0.8420977592468262
0.9515373706817627
0.8227524757385254
0.8766043186187744
0.7912054061889648
0.8112766742706299
0.7940819263458252
0.7782728672027588
0.8110227584838867
0.8478572368621826
0.8197910785675049
0.833411455154419
0.8063039779663086
0.8025534152984619
0.7848865985870361
0.8870270252227783
0.875471830368042
0.9702315330505371
0.8669593334197998
0.8801901340484619
0.8126049041748047
0.8718037605285645
0.7957298755645752
0.8365674018859863
0.7784459590911865
0.8123621940612793
0.7687218189239502
0.7456972599029541
0.7344207763671875
0.7130978107452393
0.6944389343261719
0.42844510078430176
0.14924955368041992
0.035665035247802734
0.02154684066772461
0.005454301834106445
0.0026764869689941406
0.7536296844482422
0.7671105861663818
0.7862262725830078
0.7935218811035156
0.7911741733551025
0.804619550704956
0.8617627620697021
0.8242099285125732
0.8377847671508789
0.8400321006774902
0.844412088394165
0.8218820095062256
0.842179536819458
0.8776781558990479
0.8417670726776123
0.838538408279419
0.8332743644714355
0.84210205078125
0.8391437530517578
0.8618342876434326
0.8185441493988037
0.8895936012268066
0.8766241073608398
0.8403892517089844
0.8968043327331543
0.8225126266479492
0.8688037395477295
0.7884376049041748
0.8617982864379883
0.7973353862762451
0.7802212238311768
0.8136951923370361
0.7994747161865234
0.8196897506713867
0.8294820785522461
0.8042006492614746
0.8017139434814453
0.7842967510223389
0.9384059906005859
0.8727433681488037
0.9203763008117676
0.869800329208374
0.8850634098052979
0.8169729709625244
0.9148044586181641
0.8123352527618408
0.8332586288452148
0.7835483551025391
0.7952609062194824
0.7671623229980469
0.7560346126556396
0.7232394218444824
0.6982059478759766
0.5474276542663574
0.17079496383666992
0.10404133796691895
0.03909444808959961
0.015046119689941406
0.00545811653137207
0.002727508544921875
0.7568860054016113
0.7704319953918457
0.8381626605987549
0.8000624179840088
0.79776930809021
0.8082036972045898
0.8095684051513672
0.8238205909729004
0.833343505859375
0.8369452953338623
0.8940536975860596
0.8324267864227295
0.8471806049346924
0.8341934680938721
0.843785285949707
0.8404028415679932
0.8372046947479248
0.8416988849639893
0.8896646499633789
0.8655128479003906
0.8186731338500977
0.839367151260376
0.8784358501434326
0.8464655876159668
0.9033541679382324
0.8772425651550293
0.8949449062347412
0.8048808574676514
0.8222289085388184
0.7908244132995605
0.7877566814422607
0.786137580871582
0.7892694473266602
0.7871541976928711
0.8871514797210693
0.8038403987884521
0.9209153652191162
0.8026523590087891
0.9146647453308105
0.8473103046417236
0.899960994720459
0.8950004577636719
0.8686327934265137
0.8306493759155273
0.837770938873291
0.855158805847168
0.8227663040161133
0.8124899864196777
0.7825348377227783
0.7735350131988525
0.8057243824005127
0.7340762615203857
0.7078766822814941
0.687525749206543
0.27338123321533203
0.13751721382141113
0.05225563049316406
0.018251419067382812
0.005439043045043945
0.002783060073852539
0.7594048976898193
0.7702934741973877
0.7857227325439453
0.7946295738220215
0.7960724830627441
0.8085711002349854
0.8118832111358643
0.8774993419647217
0.8372101783752441
0.838623046875
0.8509714603424072
0.8314125537872314
0.84991455078125
0.8340985774993896
0.8932380676269531
0.8431675434112549
0.837205171585083
0.8428652286529541
0.8396432399749756
0.8632686138153076
0.8182041645050049
0.8393228054046631
0.932528018951416
0.8462381362915039
0.900010347366333
0.822962760925293
0.8709864616394043
0.7919502258300781
0.8157494068145752
0.8440814018249512
0.7801568508148193
0.8117263317108154
0.796607255935669
0.8165090084075928
0.8310587406158447
0.8054482936859131
0.8003368377685547
0.7824523448944092
0.8859753608703613
0.9257986545562744
0.9203488826751709
0.8697021007537842
0.8856251239776611
0.8193979263305664
0.8748128414154053
0.798086404800415
0.8907418251037598
0.7797067165374756
0.7651686668395996
0.7583589553833008
0.7441599369049072
0.7375390529632568
0.7146599292755127
0.6963901519775391
0.4913456439971924
0.11873054504394531
0.058531999588012695
0.01824665069580078
0.007226467132568359
0.002751588821411133
0.7533721923828125
0.7672820091247559
0.7838125228881836
0.8423609733581543
0.7988021373748779
0.8122546672821045
0.8128724098205566
0.826709508895874
0.8342747688293457
0.836583137512207
0.8440606594085693
0.8777046203613281
0.848456621170044
0.8337826728820801
0.8456132411956787
0.841571569442749
0.8326046466827393
0.8388040065765381
0.8353102207183838
0.9145407676696777
0.8151566982269287
0.8366446495056152
0.8751358985900879
0.8392288684844971
0.8936340808868408
0.8172140121459961
0.9177744388580322
0.7894909381866455
0.8098504543304443
0.7938432693481445
0.7752635478973389
0.813528299331665
0.7955524921417236
0.8130595684051514
0.8271274566650391
0.8543002605438232
0.8017227649688721
0.7849881649017334
0.8869445323944092
0.8687794208526611
0.9125938415527344
0.8627762794494629
0.9296729564666748
0.7966132164001465
0.8569207191467285
0.7521908283233643
0.7336511611938477
0.7572617530822754
0.7429115772247314
0.7597846984863281
0.7319180965423584
0.7382607460021973
0.7042312622070312
0.6951444149017334
0.5627930164337158
0.17217636108398438
0.043750762939453125
0.01643991470336914
0.00545048713684082
0.002713918685913086
