0.8722572326660156
0.6191191673278809
0.6223952770233154
0.6235928535461426
0.6326713562011719
0.6248772144317627
0.615537166595459
0.6436614990234375
0.6518945693969727
0.6517183780670166
0.7117519378662109
0.6538772583007812
0.6715123653411865
0.6716639995574951
0.6863253116607666
0.6765365600585938
0.6791749000549316
0.6834456920623779
0.7252480983734131
0.681910514831543
0.7045719623565674
0.6933114528656006
0.6773030757904053
0.6785590648651123
0.677976131439209
0.7483484745025635
0.6687097549438477
0.6841585636138916
0.6877789497375488
0.6900672912597656
0.6913111209869385
0.7070772647857666
0.7443068027496338
0.6772997379302979
0.6801795959472656
0.6718368530273438
0.6744410991668701
0.667334794998169
0.6576251983642578
0.6462187767028809
0.6541318893432617
0.7012922763824463
0.6417882442474365
0.6302340030670166
0.6252069473266602
0.6169919967651367
0.6039013862609863
0.5996534824371338
0.586733341217041
0.5816507339477539
0.5686237812042236
0.5616304874420166
0.5401864051818848
0.578467845916748
0.33788251876831055
0.17627477645874023
0.04323387145996094
0.04301285743713379
0.010780096054077148
0.005929470062255859
0.002371072769165039
0.5991687774658203
0.6108484268188477
0.6154227256774902
0.6142637729644775
0.6212689876556396
0.6150417327880859
0.6053009033203125
0.6332166194915771
0.6357433795928955
0.6855819225311279
0.6574699878692627
0.6513881683349609
0.6642262935638428
0.6594176292419434
0.6751964092254639
0.6666972637176514
0.671872615814209
0.7278764247894287
0.6701891422271729
0.6752643585205078
0.6972296237945557
0.6934659481048584
0.6812038421630859
0.6810393333435059
0.7286202907562256
0.7028586864471436
0.6664526462554932
0.6776494979858398
0.6820337772369385
0.6846351623535156
0.6848852634429932
0.7508163452148438
0.6953487396240234
0.6745188236236572
0.671694278717041
0.661574125289917
0.6644463539123535
0.6605925559997559
0.6462500095367432
0.6359663009643555
0.6985843181610107
0.6487100124359131
0.6367058753967285
0.6260955333709717
0.6198906898498535
0.6208548545837402
0.6058189868927002
0.6002898216247559
0.5845510959625244
0.5730562210083008
0.5646896362304688
0.6146903038024902
0.5451276302337646
0.24039936065673828
0.11187911033630371
0.12897706031799316
0.0359647274017334
0.03331255912780762
0.009572029113769531
0.006867170333862305
0.0046234130859375
0.002327442169189453
0.5964093208312988
0.6098003387451172
0.6084911823272705
0.6116034984588623
0.6202213764190674
0.6162822246551514
0.6062567234039307
0.6334729194641113
0.6844644546508789
0.6388051509857178
0.6538290977478027
0.6459536552429199
0.658822774887085
0.6583256721496582
0.6708896160125732
0.666557788848877
0.7179505825042725
0.6785011291503906
0.6669998168945312
0.6708245277404785
0.6957898139953613
0.690406322479248
0.6743147373199463
0.7243330478668213
0.6711125373840332
0.6760110855102539
0.685579776763916
0.6859240531921387
0.6698207855224609
0.6650805473327637
0.6616911888122559
0.7350718975067139
0.6553430557250977
0.6447515487670898
0.6418111324310303
0.6226699352264404
0.6494200229644775
0.6410903930664062
0.6355559825897217
0.6386690139770508
0.6716992855072021
0.6020104885101318
0.6143896579742432
0.6043245792388916
0.6120665073394775
0.5931112766265869
0.6058120727539062
0.6055417060852051
0.5658042430877686
0.5763137340545654
0.5520031452178955
0.553471565246582
0.5369994640350342
0.5356552600860596
0.5710701942443848
0.2821927070617676
0.045502424240112305
0.03533148765563965
0.00926971435546875
0.0069599151611328125
0.5896453857421875
0.6011214256286621
0.6056873798370361
0.6088299751281738
0.6153359413146973
0.6093921661376953
0.5982649326324463
0.6243810653686523
0.6318702697753906
0.678999662399292
0.6467654705047607
0.6421687602996826
0.6595938205718994
0.6591548919677734
0.674044132232666
0.6649432182312012
0.670189619064331
0.722747802734375
0.6629490852355957
0.667896032333374
0.6890382766723633
0.6802933216094971
0.6648101806640625
0.6659839153289795
0.7186710834503174
0.6951210498809814
0.6622698307037354
0.676102876663208
0.6811327934265137
0.6831943988800049
0.684157133102417
0.7493882179260254
0.6887259483337402
0.6687624454498291
0.6665139198303223
0.6555724143981934
0.6590530872344971
0.6570868492126465
0.6458320617675781
0.6855244636535645
0.6380140781402588
0.6353669166564941
0.6294305324554443
0.6192595958709717
0.6146819591522217
0.6122899055480957
0.5963263511657715
0.5892894268035889
0.5774152278900146
0.56606125831604
0.5585689544677734
0.6087605953216553
0.5391561985015869
0.24041461944580078
0.11045527458190918
0.11470508575439453
0.025162935256958008
0.01297616958618164
0.00918722152709961
0.006873607635498047
0.004598855972290039
0.0023009777069091797
0.5926711559295654
0.6030280590057373
0.6102452278137207
0.6120736598968506
0.6196839809417725
0.611821174621582
0.6022183895111084
0.6273558139801025
0.679706335067749
0.632591724395752
0.6473183631896973
0.6402087211608887
0.6535265445709229
0.6518585681915283
0.6663124561309814
0.6583902835845947
0.7157449722290039
0.6757709980010986
0.6639304161071777
0.6670703887939453
0.6901259422302246
0.6826410293579102
0.6665420532226562
0.715252161026001
0.6678695678710938
0.6917204856872559
0.6552760601043701
0.6704616546630859
0.6804449558258057
0.6817784309387207
0.683415412902832
0.750417947769165
0.6871700286865234
0.6694986820220947
0.6703226566314697
0.6580166816711426
0.6611824035644531
0.65397047996521
0.6423389911651611
0.6954832077026367
0.6395444869995117
0.641448974609375
0.6386470794677734
0.6450612545013428
0.6219813823699951
0.6278822422027588
0.6012849807739258
0.5906326770782471
0.5793378353118896
0.6208932399749756
0.5699443817138672
0.5524599552154541
0.5374577045440674
0.5177936553955078
0.29778623580932617
0.20738601684570312
0.04872536659240723
0.030463695526123047
0.010973930358886719
0.004588603973388672
0.0022792816162109375
0.5884425640106201
0.5992827415466309
0.6040029525756836
0.6068058013916016
0.6134340763092041
0.6076061725616455
0.598149299621582
0.6728787422180176
0.6327412128448486
0.6282293796539307
0.6440813541412354
0.6401879787445068
0.6539428234100342
0.651911735534668
0.6722230911254883
0.7119152545928955
0.6702268123626709
0.6742804050445557
0.6649608612060547
0.6681256294250488
0.692385196685791
0.6868793964385986
0.7199618816375732
0.6735634803771973
0.6694841384887695
0.6721282005310059
0.6787056922912598
0.6783251762390137
0.6621863842010498
0.6583726406097412
0.7026095390319824
0.6778557300567627
0.6520876884460449
0.6418800354003906
0.6390047073364258
0.6202800273895264
0.6476273536682129
0.6381731033325195
0.6805732250213623
0.6365444660186768
0.6168301105499268
0.5955018997192383
0.6114811897277832
0.59922194480896
0.6037137508392334
0.5900874137878418
0.606914758682251
0.6022803783416748
0.5664083957672119
0.6239132881164551
0.5506229400634766
0.5511603355407715
0.5350720882415771
0.5338664054870605
0.5219476222991943
0.2836141586303711
0.04523062705993652
0.03555631637573242
0.00927591323852539
0.006939888000488281
0.5908052921295166
0.6032567024230957
0.6070539951324463
0.6107571125030518
0.6195385456085205
0.6107332706451416
0.6520061492919922
0.6275763511657715
0.6325070858001709
0.6300373077392578
0.6453328132629395
0.6392652988433838
0.6539549827575684
0.6531426906585693
0.6678791046142578
0.7114748954772949
0.6688249111175537
0.673516035079956
0.6576199531555176
0.6639833450317383
0.685020923614502
0.6846332550048828
0.7162570953369141
0.6657347679138184
0.6673221588134766
0.7106478214263916
0.7128705978393555
0.7039995193481445
0.7295188903808594
0.7685432434082031
0.7315938472747803
0.7094531059265137
0.7104029655456543
0.7052359580993652
0.7014532089233398
0.7221558094024658
0.6842114925384521
0.6768333911895752
0.6614866256713867
0.6523182392120361
0.6443696022033691
0.6400327682495117
0.637772798538208
0.6412439346313477
0.6791908740997314
0.6091444492340088
0.5954928398132324
0.5962729454040527
0.5814225673675537
0.58172607421875
0.5658385753631592
0.5461995601654053
0.5470936298370361
0.5269761085510254
0.44132161140441895
0.2173011302947998
0.04123950004577637
0.029108762741088867
0.013275623321533203
0.005854368209838867
0.002314329147338867
0.5880305767059326
0.6017811298370361
0.6526834964752197
0.6117920875549316
0.6174333095550537
0.6122639179229736
0.6010453701019287
0.6261754035949707
0.6339151859283447
0.6313180923461914
0.651179313659668
0.6441135406494141
0.7044417858123779
0.6555900573730469
0.6698071956634521
0.6624197959899902
0.6666364669799805
0.6705405712127686
0.6617164611816406
0.7125680446624756
0.6887626647949219
0.685166597366333
0.6670410633087158
0.6684529781341553
0.6659295558929443
0.6852197647094727
0.6992056369781494
0.6731235980987549
0.6765239238739014
0.6804203987121582
0.6784629821777344
0.6957850456237793
0.683255672454834
0.6601884365081787
0.7091255187988281
0.6505215167999268
0.653184175491333
0.6482133865356445
0.6380770206451416
0.627877950668335
0.6504349708557129
0.6398072242736816
0.6846904754638672
0.6409668922424316
0.6353769302368164
0.6275372505187988
0.6029093265533447
0.609483003616333
0.5944905281066895
0.580071210861206
0.5602226257324219
0.5514063835144043
0.5319082736968994
0.5289239883422852
0.551062822341919
0.3002753257751465
0.04395294189453125
0.031215906143188477
0.00805974006652832
0.005875825881958008
0.0022814273834228516
0.5834910869598389
0.5950336456298828
0.604203462600708
0.6057326793670654
0.6142013072967529
0.6091134548187256
0.5996859073638916
0.6255300045013428
0.629859447479248
0.6748847961425781
0.6436214447021484
0.6379759311676025
0.6527097225189209
0.6502904891967773
0.6669023036956787
0.6552236080169678
0.65987229347229
0.716639518737793
0.6605243682861328
0.6660435199737549
0.6864819526672363
0.683074951171875
0.6657021045684814
0.6697714328765869
0.7164525985717773
0.6929092407226562
0.6577780246734619
0.6712701320648193
0.6777575016021729
0.6783952713012695
0.6806416511535645
0.7413365840911865
0.6852943897247314
0.6669416427612305
0.6674184799194336
0.6550636291503906
0.6538782119750977
0.6478662490844727
0.6379258632659912
0.7001159191131592
0.6396238803863525
0.6255741119384766
0.6090340614318848
0.6073811054229736
0.605400800704956
0.5942637920379639
0.5897090435028076
0.5813624858856201
0.569779634475708
0.551823616027832
0.5480008125305176
0.5280957221984863
0.5712735652923584
0.5118999481201172
0.32485008239746094
0.21958374977111816
0.0399775505065918
0.027824878692626953
0.008251667022705078
0.00587153434753418
0.002355813980102539
0.5887467861175537
0.6002609729766846
0.6021022796630859
0.6057050228118896
0.6135654449462891
0.6077775955200195
0.5925741195678711
0.6240048408508301
0.6277620792388916
0.6747729778289795
0.6422946453094482
0.6422989368438721
0.6540374755859375
0.655329704284668
0.6680946350097656
0.658977746963501
0.7118926048278809
0.6664307117462158
0.6561779975891113
0.6613795757293701
0.6841363906860352
0.6809115409851074
0.6644704341888428
0.6638767719268799
0.7165572643280029
0.6889982223510742
0.6527764797210693
0.6687479019165039
0.6792967319488525
0.6736564636230469
0.6747651100158691
0.7383484840393066
0.678412914276123
0.6596529483795166
0.659489631652832
0.6503105163574219
0.6538643836975098
0.6460456848144531
0.6321654319763184
0.6744546890258789
0.6350717544555664
0.6359446048736572
0.6280643939971924
0.6169812679290771
0.6105406284332275
0.6068651676177979
0.5903160572052002
0.584280252456665
0.5744478702545166
0.570836067199707
0.558117151260376
0.5885119438171387
0.5354461669921875
0.5178999900817871
0.3503456115722656
0.19815397262573242
0.043591976165771484
0.03339123725891113
0.010504722595214844
0.004475831985473633
0.002278566360473633
1.096583366394043
0.8393259048461914
0.8529901504516602
0.863755464553833
0.8703141212463379
0.8754417896270752
0.8806095123291016
0.8978941440582275
0.8988132476806641
0.920461893081665
0.868337869644165
0.8627974987030029
0.8795537948608398
0.8943328857421875
0.8723747730255127
0.8815178871154785
0.8880157470703125
0.8645353317260742
0.9366939067840576
0.8785033226013184
0.8988907337188721
0.8714447021484375
0.8717410564422607
0.8663320541381836
0.8650462627410889
0.8747158050537109
0.902536153793335
0.8636319637298584
0.879493236541748
0.8750965595245361
0.882155179977417
0.8727822303771973
0.8745763301849365
0.8733782768249512
0.919846773147583
0.9533345699310303
0.913325309753418
0.9264833927154541
0.9352126121520996
0.918769359588623
0.9324038028717041
0.8998730182647705
0.9711213111877441
0.9084830284118652
0.8996708393096924
0.874398946762085
0.8724422454833984
0.8708794116973877
0.87367844581604
0.8290650844573975
0.8340315818786621
0.8487451076507568
0.7715439796447754
0.7556078433990479
0.5738198757171631
0.1795034408569336
0.05666470527648926
0.021630525588989258
0.009881734848022461
0.002912282943725586
0.8124170303344727
0.8249788284301758
0.8390064239501953
0.8488953113555908
0.855966329574585
0.8614459037780762
0.8665661811828613
0.9313459396362305
0.891441822052002
0.8720595836639404
0.8700218200683594
0.866379976272583
0.8803877830505371
0.8973021507263184
0.8736093044281006
0.8853843212127686
0.9420285224914551
0.8674566745758057
0.888840913772583
0.8772997856140137
0.8965287208557129
0.86366868019104
0.8693499565124512
0.8656294345855713
0.9117226600646973
0.866527795791626
0.8414521217346191
0.8503658771514893
0.8652501106262207
0.8631627559661865
0.8696908950805664
0.8632285594940186
0.8646829128265381
0.9134631156921387
0.9126031398773193
0.8971374034881592
0.908461332321167
0.9244570732116699
0.9328210353851318
0.8967339992523193
0.9771854877471924
0.8748762607574463
0.9146273136138916
0.8807106018066406
0.8971211910247803
0.8724057674407959
0.9017319679260254
0.8384864330291748
0.8396053314208984
0.8631772994995117
0.8031587600708008
0.7865684032440186
0.7519345283508301
0.5992538928985596
0.08635067939758301
0.1217341423034668
0.02435755729675293
0.02163529396057129
0.005747795104980469
0.002861499786376953
0.8049170970916748
0.820000171661377
0.8300166130065918
0.840965747833252
0.8469159603118896
0.8519542217254639
0.8569049835205078
0.9268856048583984
0.88047194480896
0.8615744113922119
0.8587017059326172
0.8530099391937256
0.8699331283569336
0.889728307723999
0.8634469509124756
0.9229001998901367
0.8799810409545898
0.8566515445709229
0.876624345779419
0.8616476058959961
0.8772685527801514
0.8530347347259521
0.857043981552124
0.9051730632781982
0.8563909530639648
0.867828369140625
0.8405425548553467
0.8483500480651855
0.8633701801300049
0.8614969253540039
0.8664505481719971
0.8588364124298096
0.9076704978942871
0.8585326671600342
0.9030930995941162
0.8865151405334473
0.9027018547058105
0.9124383926391602
0.9181070327758789
0.949333906173706
0.927161693572998
0.8955307006835938
0.9069550037384033
0.8950819969177246
0.8823657035827637
0.8735697269439697
0.8502335548400879
0.8157773017883301
0.8538711071014404
0.7810125350952148
0.7681334018707275
0.7622237205505371
0.7474253177642822
0.5441229343414307
0.15830516815185547
0.19285988807678223
0.06754374504089355
0.045825958251953125
0.012618064880371094
0.009786128997802734
0.0028421878814697266
0.8060197830200195
0.8198742866516113
0.8342504501342773
0.8435153961181641
0.8527944087982178
0.8560731410980225
0.9079749584197998
0.8789787292480469
0.882878303527832
0.8601455688476562
0.8582782745361328
0.8524370193481445
0.8697075843811035
0.8853902816772461
0.86283278465271
0.9246864318847656
0.878964900970459
0.8572754859924316
0.8797340393066406
0.8672266006469727
0.8841981887817383
0.8565561771392822
0.8630208969116211
0.9042537212371826
0.8542523384094238
0.8616430759429932
0.8371474742889404
0.8478398323059082
0.8581998348236084
0.8555243015289307
0.8628091812133789
0.8539655208587646
0.9062323570251465
0.8564591407775879
0.9022707939147949
0.8838100433349609
0.8985698223114014
0.9110536575317383
0.9182727336883545
0.951042890548706
0.9204373359680176
0.8935346603393555
0.9101943969726562
0.8956999778747559
0.8705434799194336
0.8358118534088135
0.8283431529998779
0.8303532600402832
0.8628501892089844
0.7917201519012451
0.7793118953704834
0.7757751941680908
0.7547285556793213
0.7400434017181396
0.5265300273895264
0.07717132568359375
0.05120658874511719
0.014909744262695312
0.012084484100341797
0.005710601806640625
0.0029451847076416016
0.8062374591827393
0.8180675506591797
0.8285050392150879
0.8366358280181885
0.8461558818817139
0.8508455753326416
0.9105148315429688
0.8832123279571533
0.8812339305877686
0.862062931060791
0.859140157699585
0.8549296855926514
0.8650112152099609
0.8799362182617188
0.9074783325195312
0.8691933155059814
0.8712844848632812
0.8499581813812256
0.8698701858520508
0.8604247570037842
0.8755848407745361
0.8505270481109619
0.9069933891296387
0.8569824695587158
0.8506011962890625
0.8591985702514648
0.8339176177978516
0.8434498310089111
0.8556134700775146
0.8538482189178467
0.8606123924255371
0.901740550994873
0.8575344085693359
0.8618514537811279
0.9106760025024414
0.8895747661590576
0.8992552757263184
0.9189472198486328
0.9229862689971924
0.9495465755462646
0.9183156490325928
0.8875977993011475
0.9096441268920898
0.8969900608062744
0.8834466934204102
0.8763134479522705
0.9035682678222656
0.8176252841949463
0.79966139793396
0.7803311347961426
0.766770601272583
0.7583463191986084
0.741339921951294
0.5588622093200684
0.15742897987365723
0.1920757293701172
0.06756973266601562
0.04552936553955078
0.012649774551391602
0.00984334945678711
0.002839326858520508
0.8048694133758545
0.8182353973388672
0.8312153816223145
0.8410348892211914
0.8515393733978271
0.9048862457275391
0.8596172332763672
0.8753910064697266
0.8756566047668457
0.8554995059967041
0.8538532257080078
0.8440909385681152
0.8602986335754395
0.9244616031646729
0.8601257801055908
0.868783712387085
0.8755621910095215
0.8527660369873047
0.874521017074585
0.8639006614685059
0.8809857368469238
0.8543152809143066
0.9106426239013672
0.8497190475463867
0.8471775054931641
0.8537783622741699
0.8312418460845947
0.8411548137664795
0.8531284332275391
0.8486449718475342
0.8544168472290039
0.8973925113677979
0.8535525798797607
0.8574416637420654
0.8986179828643799
0.8784794807434082
0.8905785083770752
0.9063155651092529
0.9122626781463623
0.9478819370269775
0.9207124710083008
0.8893153667449951
0.9044210910797119
0.8875689506530762
0.8747775554656982
0.8675267696380615
0.8917536735534668
0.8100600242614746
0.7919268608093262
0.7736895084381104
0.7611150741577148
0.7561299800872803
0.7411336898803711
0.5528860092163086
0.15695714950561523
0.19138073921203613
0.06723785400390625
0.045421600341796875
0.012563705444335938
0.009766578674316406
0.0028710365295410156
0.7985668182373047
0.8101716041564941
0.8234884738922119
0.83420729637146
0.8411908149719238
0.8990445137023926
0.8584661483764648
0.8733079433441162
0.8761241436004639
0.8548734188079834
0.8572604656219482
0.8500185012817383
0.8651320934295654
0.9291150569915771
0.8599984645843506
0.8691785335540771
0.8767571449279785
0.8499462604522705
0.8663537502288818
0.8590528964996338
0.8759722709655762
0.8961689472198486
0.8582828044891357
0.8504741191864014
0.8506979942321777
0.8582348823547363
0.8359363079071045
0.8452854156494141
0.860584020614624
0.8531181812286377
0.9080560207366943
0.8548738956451416
0.8582005500793457
0.859459400177002
0.9061808586120605
0.8852372169494629
0.8966729640960693
0.9141626358032227
0.9708917140960693
0.8885831832885742
0.902947187423706
0.8972475528717041
0.9035651683807373
0.8862833976745605
0.8627800941467285
0.8268873691558838
0.8229618072509766
0.8811719417572021
0.8114674091339111
0.7906177043914795
0.7753653526306152
0.772087574005127
0.7500298023223877
0.7351863384246826
0.534996509552002
0.07674336433410645
0.05298614501953125
0.014828920364379883
0.012018918991088867
0.0056915283203125
0.002867460250854492
0.799626350402832
0.811826229095459
0.825021505355835
0.8361718654632568
0.8429811000823975
0.8956584930419922
0.8579626083374023
0.8726089000701904
0.8725061416625977
0.8542888164520264
0.854215145111084
0.8484647274017334
0.8669507503509521
0.9310789108276367
0.8595824241638184
0.8653748035430908
0.8664693832397461
0.8444559574127197
0.8663585186004639
0.8538846969604492
0.8715388774871826
0.8959813117980957
0.856053352355957
0.8510951995849609
0.8476769924163818
0.8540329933166504
0.8295204639434814
0.84218430519104
0.8546719551086426
0.8506081104278564
0.9030430316925049
0.8476893901824951
0.8493585586547852
0.8485076427459717
0.8960261344909668
0.8796525001525879
0.889106035232544
0.9046921730041504
0.9683413505554199
0.9012970924377441
0.920940637588501
0.8881018161773682
0.9064781665802002
0.8903696537017822
0.8796513080596924
0.9049429893493652
0.833831787109375
0.8176431655883789
0.8050792217254639
0.7822132110595703
0.7607824802398682
0.748319149017334
0.595942497253418
0.6191251277923584
0.15881657600402832
0.2254955768585205
0.04961681365966797
0.05332779884338379
0.01036214828491211
0.007481098175048828
0.002819061279296875
0.7927510738372803
0.8056578636169434
0.8174593448638916
0.8280651569366455
0.885753870010376
0.8476788997650146
0.8533296585083008
0.8633010387420654
0.8641724586486816
0.8460721969604492
0.8414332866668701
0.8366186618804932
0.8555119037628174
0.9233686923980713
0.852149248123169
0.8642821311950684
0.8662986755371094
0.8466215133666992
0.8693728446960449
0.8583319187164307
0.875138521194458
0.8928227424621582
0.8487932682037354
0.8453083038330078
0.8429279327392578
0.853018045425415
0.8242483139038086
0.8332281112670898
0.8460605144500732
0.8915650844573975
0.8561704158782959
0.8488523960113525
0.8516898155212402
0.8535583019256592
0.9005706310272217
0.8800735473632812
0.8920338153839111
0.9515030384063721
0.916048526763916
0.9016318321228027
0.909254789352417
0.879361629486084
0.8948183059692383
0.8838708400726318
0.8715975284576416
0.9185447692871094
0.8886926174163818
0.8388931751251221
0.8290390968322754
0.8002772331237793
0.7675986289978027
0.7608871459960938
0.7263245582580566
0.48497438430786133
0.16157174110412598
0.07662487030029297
0.04583573341369629
0.015238285064697266
0.005555629730224609
0.0027997493743896484
0.7942781448364258
0.804783821105957
0.8172891139984131
0.87516188621521
0.8385884761810303
0.8446576595306396
0.8492476940155029
0.863379716873169
0.8615455627441406
0.8448457717895508
0.8448221683502197
0.8419115543365479
0.9085874557495117
0.8747501373291016
0.8500611782073975
0.8617770671844482
0.8598737716674805
0.8393115997314453
0.8617963790893555
0.8494203090667725
0.9120867252349854
0.8409905433654785
0.845466136932373
0.84303879737854
0.8445510864257812
0.849372386932373
0.823378324508667
0.8336446285247803
0.8462998867034912
0.8934385776519775
0.8536109924316406
0.8446667194366455
0.8458349704742432
0.8498883247375488
0.8947038650512695
0.8761029243469238
0.8861291408538818
0.9481687545776367
0.9167730808258057
0.8997466564178467
0.9184420108795166
0.8859238624572754
0.9032289981842041
0.8864350318908691
0.922806978225708
0.8693993091583252
0.8444085121154785
0.8117930889129639
0.7910487651824951
0.7709839344024658
0.7566139698028564
0.7544918060302734
0.7368874549865723
0.5482103824615479
0.15564727783203125
0.1868908405303955
0.06683683395385742
0.04514503479003906
0.012501001358032227
0.009711742401123047
0.002831697463989258
