1.0956947803497314
0.8375589847564697
0.8471662998199463
0.8491818904876709
0.8637392520904541
0.8712260723114014
0.8688685894012451
0.871849536895752
0.8750557899475098
0.8635163307189941
0.9347190856933594
0.9031805992126465
0.9210798740386963
0.9472675323486328
0.9163858890533447
0.9378030300140381
1.00447416305542
0.971977710723877
1.0206797122955322
1.0164077281951904
1.0121595859527588
1.0113563537597656
1.0843963623046875
1.005516529083252
0.9580395221710205
0.9870941638946533
0.9927852153778076
1.0338497161865234
0.978050947189331
0.9568238258361816
0.9729897975921631
0.9474680423736572
0.9576733112335205
1.0208604335784912
0.9654428958892822
0.9716145992279053
0.9526453018188477
0.9404458999633789
0.9462583065032959
1.0165174007415771
0.9518246650695801
0.935720682144165
0.9297778606414795
0.923466682434082
0.888303279876709
0.9018218517303467
0.8941707611083984
0.8566572666168213
0.8251473903656006
0.8291828632354736
0.8040406703948975
0.7916443347930908
0.7774889469146729
0.7558915615081787
0.7332847118377686
0.2547950744628906
0.07603621482849121
0.025181055068969727
0.007822751998901367
0.0029845237731933594
0.8090775012969971
0.8210089206695557
0.8295598030090332
0.832679271697998
0.8972439765930176
0.8578624725341797
0.8578121662139893
0.8651907444000244
0.8656330108642578
0.8555448055267334
0.8792674541473389
0.8944683074951172
0.9638845920562744
0.9384520053863525
0.9080665111541748
0.9292490482330322
0.9493076801300049
0.9565973281860352
1.0618054866790771
1.006185531616211
1.0029826164245605
0.9766080379486084
0.9636125564575195
0.9725909233093262
1.0432231426239014
0.9628338813781738
0.9843556880950928
0.9562466144561768
0.9603610038757324
1.0293633937835693
0.94339919090271
0.9784820079803467
0.9526288509368896
0.9672267436981201
0.9562029838562012
1.0076382160186768
0.9488089084625244
0.9284803867340088
0.9064757823944092
0.8847196102142334
0.9065408706665039
0.8865137100219727
0.9252932071685791
0.8873140811920166
0.8607327938079834
0.8449630737304688
0.8088552951812744
0.7858421802520752
0.7953312397003174
0.7759180068969727
0.7729432582855225
0.7698996067047119
0.746208667755127
0.7288236618041992
0.43020200729370117
0.10867786407470703
0.05585956573486328
0.010661602020263672
0.007688999176025391
0.002979755401611328
0.8031280040740967
0.864267110824585
0.8230640888214111
0.8247642517089844
0.8258473873138428
0.8217332363128662
0.8221216201782227
0.8185858726501465
0.8153986930847168
0.8168740272521973
0.8375709056854248
0.883018970489502
0.8538556098937988
0.8531043529510498
0.8504164218902588
0.8661081790924072
0.871539831161499
0.8953425884246826
0.886437177658081
0.9341723918914795
0.8915269374847412
0.9017927646636963
0.9097793102264404
0.9740715026855469
0.983466625213623
1.0283095836639404
0.992333173751831
0.991729736328125
1.001521110534668
1.0064496994018555
0.9808666706085205
1.0394933223724365
0.9779598712921143
0.991020917892456
0.9641001224517822
0.9573431015014648
0.9859395027160645
0.9268653392791748
0.9282262325286865
0.9039192199707031
0.9146978855133057
0.906571626663208
0.9084451198577881
0.9461994171142578
0.9042067527770996
0.8828520774841309
0.8697919845581055
0.8352391719818115
0.829540491104126
0.81072998046875
0.7853224277496338
0.7955319881439209
0.7723674774169922
0.7696199417114258
0.8033313751220703
0.7382626533508301
0.43694281578063965
0.23249411582946777
0.045502662658691406
0.023390531539916992
0.00774836540222168
0.0029501914978027344
0.8032286167144775
0.8108291625976562
0.8212087154388428
0.8217048645019531
0.8388121128082275
0.8463971614837646
0.8459553718566895
0.8482673168182373
0.9020962715148926
0.8467235565185547
0.8717637062072754
0.8839635848999023
0.9025440216064453
0.9270443916320801
0.8973433971405029
0.9619994163513184
0.9389214515686035
0.9523801803588867
1.0008773803710938
0.9937613010406494
0.996260404586792
1.0244615077972412
0.9734756946563721
0.9786770343780518
0.960179328918457
0.9677646160125732
0.9241123199462891
0.985487699508667
0.9351913928985596
0.9465780258178711
0.9504544734954834
0.9857916831970215
1.036970853805542
0.9962563514709473
1.0064489841461182
0.9999415874481201
0.9934377670288086
0.9961106777191162
1.0423784255981445
0.9842205047607422
0.9424238204956055
0.9297471046447754
0.9074313640594482
0.9518759250640869
0.875105619430542
0.8695464134216309
0.8283874988555908
0.8072419166564941
0.7859816551208496
0.7890281677246094
0.778613805770874
0.7649974822998047
0.7340385913848877
0.5505905151367188
0.07964110374450684
0.08533835411071777
0.022606849670410156
0.019709348678588867
0.005887746810913086
0.002965688705444336
0.8045549392700195
0.810784101486206
0.8718867301940918
0.8254420757293701
0.8417136669158936
0.8516452312469482
0.8506267070770264
0.8529000282287598
0.8566555976867676
0.8421227931976318
0.8638596534729004
0.9294500350952148
0.9053888320922852
0.9268569946289062
0.8936049938201904
0.9118654727935791
0.9310417175292969
0.9452219009399414
1.0521044731140137
1.001725196838379
1.0015919208526611
0.9739327430725098
0.9567608833312988
1.01883864402771
0.9846477508544922
0.9566690921783447
0.9763717651367188
0.9513742923736572
0.998016357421875
0.9791734218597412
0.9407806396484375
0.9816625118255615
0.9501767158508301
0.972447395324707
1.0035009384155273
0.9576301574707031
0.9415171146392822
0.9221494197845459
0.8989150524139404
0.8760290145874023
0.8993222713470459
0.9383032321929932
0.8760123252868652
0.8607268333435059
0.8184840679168701
0.8343908786773682
0.8210108280181885
0.7989792823791504
0.8065180778503418
0.7898693084716797
0.7866926193237305
0.7604482173919678
0.7563512325286865
0.7947101593017578
0.641197919845581
0.1419966220855713
0.07519888877868652
0.021737337112426758
0.01066136360168457
0.007800102233886719
0.002969980239868164
0.8034741878509521
0.8138258457183838
0.8276469707489014
0.8281772136688232
0.8443131446838379
0.8557758331298828
0.8534350395202637
0.8551735877990723
0.9052138328552246
0.8487255573272705
0.872915506362915
0.8864545822143555
0.9047739505767822
0.9279584884643555
0.8945305347442627
0.963998556137085
0.936577558517456
0.9508123397827148
0.9982256889343262
0.9983847141265869
0.9981329441070557
1.024886131286621
0.9614822864532471
0.9747359752655029
0.989187479019165
0.9621639251708984
1.0339572429656982
0.9594602584838867
0.953782320022583
0.9770798683166504
0.937208890914917
0.9813928604125977
1.0034523010253906
0.9758212566375732
0.9388270378112793
0.9554052352905273
0.945209264755249
0.934544563293457
0.9778609275817871
0.9256777763366699
0.9062228202819824
0.946124792098999
0.9196269512176514
0.9467084407806396
0.9246068000793457
0.9652433395385742
0.8975124359130859
0.8569283485412598
0.852236270904541
0.8111684322357178
0.7753918170928955
0.7736034393310547
0.7525413036346436
0.75162672996521
0.5760016441345215
0.23377084732055664
0.05593276023864746
0.02116107940673828
0.00773310661315918
0.0029747486114501953
0.8024749755859375
0.8135759830474854
0.8740146160125732
0.8291568756103516
0.8454611301422119
0.8540434837341309
0.8542947769165039
0.8557014465332031
0.8578341007232666
0.8485076427459717
0.8706965446472168
0.9291529655456543
0.8971009254455566
0.9230649471282959
0.8909270763397217
0.9148509502410889
0.9318311214447021
0.9944050312042236
0.996870756149292
0.9958865642547607
0.9967150688171387
0.9712538719177246
0.9562506675720215
1.0217437744140625
0.9882280826568604
0.9604535102844238
0.9841041564941406
0.9593253135681152
1.0053417682647705
0.9832339286804199
0.944150447845459
0.9859812259674072
0.9540348052978516
0.9728002548217773
1.0070922374725342
0.9553377628326416
0.9410936832427979
0.9175777435302734
0.8965730667114258
0.8730685710906982
0.9019193649291992
0.9374239444732666
0.8744833469390869
0.8598899841308594
0.8297860622406006
0.8381397724151611
0.8083581924438477
0.7857036590576172
0.7960450649261475
0.7661199569702148
0.7629847526550293
0.7512161731719971
0.7402262687683105
0.7620110511779785
0.3005959987640381
0.06615734100341797
0.07831692695617676
0.02333521842956543
0.010640144348144531
0.00790262222290039
0.002949953079223633
0.8006916046142578
0.8109774589538574
0.821263313293457
0.820573091506958
0.8384027481079102
0.8447890281677246
0.84710693359375
0.847524881362915
0.8515770435333252
0.894967794418335
0.866593599319458
0.8792867660522461
0.8944244384765625
0.9203915596008301
0.8876538276672363
0.9093568325042725
0.9763402938842773
0.9453234672546387
0.9919834136962891
0.9871246814727783
0.9862017631530762
1.0115017890930176
0.9511308670043945
0.96517014503479
0.9788932800292969
0.9511265754699707
0.9769432544708252
0.9988539218902588
0.9497437477111816
0.9692678451538086
0.9306426048278809
0.9711108207702637
0.9880857467651367
0.963045597076416
0.9496803283691406
0.9511754512786865
0.9366860389709473
0.9155216217041016
0.8970034122467041
0.922142505645752
0.8966608047485352
0.876507043838501
0.8670399188995361
0.8719620704650879
0.8451993465423584
0.832921028137207
0.8010001182556152
0.8286211490631104
0.7912726402282715
0.7699599266052246
0.7654414176940918
0.7556428909301758
0.7348933219909668
0.7205178737640381
0.41143155097961426
0.10719871520996094
0.05508565902709961
0.010451555252075195
0.007590532302856445
0.00292205810546875
0.7903990745544434
0.8035318851470947
0.8097198009490967
0.8137249946594238
0.8310186862945557
0.8852276802062988
0.8424038887023926
0.8464605808258057
0.8480665683746338
0.8363916873931885
0.8570399284362793
0.8714373111724854
0.8904383182525635
0.9646997451782227
0.8903305530548096
0.9116024971008301
0.9302101135253906
0.9462339878082275
0.9964289665222168
1.0425691604614258
0.9944183826446533
0.9657621383666992
0.9524054527282715
0.9617555141448975
0.9757535457611084
1.0020606517791748
0.9732308387756348
0.9466958045959473
0.9472410678863525
0.9703586101531982
0.9340362548828125
1.0202791690826416
0.9456710815429688
0.9617757797241211
0.9500315189361572
0.9495775699615479
0.9830605983734131
0.9138853549957275
0.8918807506561279
0.869434118270874
0.8937320709228516
0.8755831718444824
0.8648426532745361
0.8739702701568604
0.8991224765777588
0.8376064300537109
0.8055870532989502
0.7814774513244629
0.7887029647827148
0.7719142436981201
0.7683584690093994
0.7584009170532227
0.7357242107391357
0.7218456268310547
0.4193084239959717
0.10760068893432617
0.055176496505737305
0.010485410690307617
0.0076520442962646484
0.002929210662841797
0.7934556007385254
0.8045847415924072
0.8136274814605713
0.8664307594299316
0.8323764801025391
0.841681957244873
0.84525465965271
0.8483998775482178
0.852790355682373
0.8406012058258057
0.8636126518249512
0.8791821002960205
0.9442782402038574
0.9214587211608887
0.8886208534240723
0.9104161262512207
0.928788423538208
0.9434115886688232
1.0425806045532227
0.9953806400299072
0.9967548847198486
0.9687912464141846
0.9562549591064453
1.0131990909576416
0.9818897247314453
0.9530341625213623
0.9767289161682129
0.9438247680664062
0.942988395690918
1.0217201709747314
0.9370696544647217
0.9750587940216064
0.9467322826385498
0.9644918441772461
0.9980366230010986
0.9511740207672119
0.9329836368560791
0.9128241539001465
0.8929574489593506
0.8687834739685059
0.8964424133300781
0.9289886951446533
0.8715944290161133
0.8820440769195557
0.8542208671569824
0.8369238376617432
0.8047733306884766
0.7814347743988037
0.7918274402618408
0.7720937728881836
0.7659342288970947
0.7581605911254883
0.7367415428161621
0.7227582931518555
0.4258286952972412
0.1084589958190918
0.05546379089355469
0.010538816452026367
0.007687568664550781
0.0028891563415527344
