0.8583660125732422
0.6056044101715088
0.6086292266845703
0.6181368827819824
0.615469217300415
0.6250402927398682
0.6273512840270996
0.6237311363220215
0.6332814693450928
0.6359059810638428
0.6860313415527344
0.6411848068237305
0.6575717926025391
0.6538941860198975
0.6741905212402344
0.6654586791992188
0.6995158195495605
0.7592031955718994
0.7016603946685791
0.6979923248291016
0.6896872520446777
0.6808459758758545
0.6771707534790039
0.6747763156890869
0.7453744411468506
0.6839320659637451
0.7272906303405762
0.733870267868042
0.746938943862915
0.7310576438903809
0.7684040069580078
0.7179214954376221
0.7147214412689209
0.7171359062194824
0.7299511432647705
0.7147917747497559
0.7501220703125
0.711057186126709
0.6849889755249023
0.6695864200592041
0.6729812622070312
0.6774287223815918
0.6911334991455078
0.7493703365325928
0.6855041980743408
0.6742970943450928
0.6487877368927002
0.6442863941192627
0.6282503604888916
0.5930564403533936
0.5711715221405029
0.5462102890014648
0.5315775871276855
0.2841928005218506
0.16759467124938965
0.05688953399658203
0.042449235916137695
0.008154153823852539
0.0059430599212646484
0.002352476119995117
0.583975076675415
0.6495742797851562
0.6016151905059814
0.6108064651489258
0.6085422039031982
0.6168372631072998
0.6177215576171875
0.6212368011474609
0.6288442611694336
0.6320157051086426
0.6786899566650391
0.6360921859741211
0.6556069850921631
0.6530590057373047
0.672492265701294
0.6656060218811035
0.6959381103515625
0.7526483535766602
0.6967854499816895
0.692659854888916
0.7118189334869385
0.7191038131713867
0.7466604709625244
0.771662712097168
0.7605407238006592
0.7259318828582764
0.7441937923431396
0.7672829627990723
0.7726576328277588
0.8230359554290771
0.7484455108642578
0.7366735935211182
0.7230274677276611
0.7150108814239502
0.8073878288269043
0.7183067798614502
0.7461001873016357
0.7065577507019043
0.7080137729644775
0.6942305564880371
0.6654794216156006
0.7195055484771729
0.637127161026001
0.6426591873168945
0.6225676536560059
0.6204795837402344
0.6113789081573486
0.6161544322967529
0.594318151473999
0.5904414653778076
0.5665030479431152
0.5989737510681152
0.5369975566864014
0.5150208473205566
0.4530019760131836
0.12568950653076172
0.03248023986816406
0.021559715270996094
0.004585981369018555
0.0023131370544433594
0.5796468257904053
0.5922503471374512
0.5934643745422363
0.6045470237731934
0.6028504371643066
0.6131801605224609
0.613253116607666
0.6151707172393799
0.6701712608337402
0.624274730682373
0.6268610954284668
0.6305599212646484
0.6502580642700195
0.6501429080963135
0.6632568836212158
0.7020711898803711
0.6908645629882812
0.703209638595581
0.6889379024505615
0.6864829063415527
0.7021872997283936
0.7115654945373535
0.7861816883087158
0.7197399139404297
0.7528519630432129
0.7218492031097412
0.7366201877593994
0.8028647899627686
0.7656106948852539
0.7591338157653809
0.7388405799865723
0.7293369770050049
0.7109284400939941
0.7591464519500732
0.7480580806732178
0.7049846649169922
0.7282941341400146
0.7048234939575195
0.7084648609161377
0.7015600204467773
0.6361000537872314
0.6441521644592285
0.6199100017547607
0.6066310405731201
0.6112303733825684
0.5785422325134277
0.5707530975341797
0.5731983184814453
0.5693295001983643
0.6204383373260498
0.5437729358673096
0.5375099182128906
0.5135650634765625
0.4322381019592285
0.09852790832519531
0.07925057411193848
0.018178701400756836
0.01593947410583496
0.008098125457763672
0.005854368209838867
0.0022792816162109375
0.5724852085113525
0.5841422080993652
0.5871181488037109
0.5971002578735352
0.5958576202392578
0.6036052703857422
0.6072657108306885
0.6565442085266113
0.622816801071167
0.6243686676025391
0.6258690357208252
0.6279854774475098
0.6491806507110596
0.643730878829956
0.6662266254425049
0.7049686908721924
0.6885776519775391
0.6445746421813965
0.6446473598480225
0.6225061416625977
0.6314623355865479
0.6032135486602783
0.6427218914031982
0.6508674621582031
0.6250052452087402
0.6362934112548828
0.6339290142059326
0.6389620304107666
0.6573059558868408
0.6892859935760498
0.7790799140930176
0.7200822830200195
0.7337214946746826
0.6948001384735107
0.6960558891296387
0.6802196502685547
0.6802144050598145
0.7691781520843506
0.712108850479126
0.7136256694793701
0.7074296474456787
0.7121772766113281
0.6991302967071533
0.7240722179412842
0.6541717052459717
0.644019603729248
0.6570603847503662
0.6357684135437012
0.6201033592224121
0.5956392288208008
0.5701279640197754
0.5514416694641113
0.582122802734375
0.5057604312896729
0.37963008880615234
0.10212206840515137
0.037383079528808594
0.01566147804260254
0.0059163570404052734
0.0023424625396728516
0.5766525268554688
0.5892524719238281
0.5916397571563721
0.6006083488464355
0.6003501415252686
0.6070492267608643
0.6099872589111328
0.6080875396728516
0.6175706386566162
0.6701345443725586
0.6244335174560547
0.6272480487823486
0.646904468536377
0.6398711204528809
0.661231517791748
0.6516163349151611
0.7325465679168701
0.7027766704559326
0.6901695728302002
0.6821808815002441
0.6984970569610596
0.7067475318908691
0.7788057327270508
0.7180318832397461
0.7288167476654053
0.7120664119720459
0.7384312152862549
0.7117722034454346
0.7737545967102051
0.7350850105285645
0.7305846214294434
0.7315480709075928
0.7620930671691895
0.7687132358551025
0.8133838176727295
0.7471761703491211
0.7195265293121338
0.7135312557220459
0.6980845928192139
0.6992931365966797
0.7462234497070312
0.6813111305236816
0.6597366333007812
0.6732840538024902
0.6515631675720215
0.6468324661254883
0.6272227764129639
0.671781063079834
0.5955703258514404
0.5869882106781006
0.5722308158874512
0.5591988563537598
0.5385699272155762
0.5147209167480469
0.4437835216522217
0.14798402786254883
0.03443765640258789
0.013025760650634766
0.0058820247650146484
0.0022623538970947266
0.5759603977203369
0.5886259078979492
0.5917222499847412
0.6001245975494385
0.6009199619293213
0.6586296558380127
0.6083006858825684
0.61008620262146
0.6205158233642578
0.6220908164978027
0.6229550838470459
0.6264982223510742
0.6444554328918457
0.6853303909301758
0.6575415134429932
0.6505692005157471
0.6829848289489746
0.6933431625366211
0.6816558837890625
0.6768555641174316
0.7288675308227539
0.672095537185669
0.6703002452850342
0.6682155132293701
0.683143138885498
0.6704533100128174
0.7140672206878662
0.7590601444244385
0.7319064140319824
0.7154784202575684
0.7011680603027344
0.7022538185119629
0.6987514495849609
0.7546775341033936
0.7235634326934814
0.7129042148590088
0.7203481197357178
0.7185838222503662
0.7591466903686523
0.701138973236084
0.6984617710113525
0.6834831237792969
0.6627788543701172
0.6589992046356201
0.6538693904876709
0.6481270790100098
0.6826686859130859
0.627039909362793
0.6051771640777588
0.5972115993499756
0.5733838081359863
0.5359842777252197
0.5108342170715332
0.48167943954467773
0.2213146686553955
0.055504798889160156
0.045180320739746094
0.011341333389282227
0.009185791015625
0.004473447799682617
0.002260446548461914
0.571336030960083
0.5841505527496338
0.5862538814544678
0.5958971977233887
0.6421723365783691
0.6022112369537354
0.605560302734375
0.6092543601989746
0.6187608242034912
0.6217057704925537
0.6202442646026611
0.6224081516265869
0.68798828125
0.641923189163208
0.6585609912872314
0.6841635704040527
0.7179255485534668
0.7192802429199219
0.7108771800994873
0.7566535472869873
0.7286992073059082
0.7110984325408936
0.7436320781707764
0.7164976596832275
0.7867429256439209
0.7171189785003662
0.6865479946136475
0.7342119216918945
0.7422029972076416
0.724473237991333
0.796999454498291
0.72998046875
0.7410812377929688
0.7083072662353516
0.7050807476043701
0.7019472122192383
0.759166955947876
0.7024133205413818
0.7140464782714844
0.6923255920410156
0.6944243907928467
0.700613260269165
0.6942791938781738
0.7286913394927979
0.6645619869232178
0.6490645408630371
0.6421871185302734
0.6375715732574463
0.6041722297668457
0.5951292514801025
0.5629549026489258
0.5468673706054688
0.5142078399658203
0.5406115055084229
0.18411827087402344
0.0824742317199707
0.04591035842895508
0.01150655746459961
0.009220600128173828
0.004536867141723633
0.0023365020751953125
0.5759634971618652
0.5888731479644775
0.5918025970458984
0.5989480018615723
0.5912888050079346
0.600900411605835
0.6012716293334961
0.6057021617889404
0.615891695022583
0.6665849685668945
0.6228609085083008
0.6251974105834961
0.6452987194061279
0.6419029235839844
0.6616635322570801
0.6563317775726318
0.735518217086792
0.7008821964263916
0.6851050853729248
0.6823816299438477
0.6992020606994629
0.7076044082641602
0.7320747375488281
0.7675158977508545
0.7239410877227783
0.7099850177764893
0.7332823276519775
0.7031450271606445
0.763524055480957
0.7302653789520264
0.72902512550354
0.7343497276306152
0.7644450664520264
0.7692058086395264
0.8152673244476318
0.7484321594238281
0.7412779331207275
0.7315690517425537
0.7087254524230957
0.7501676082611084
0.7049126625061035
0.6919934749603271
0.6846601963043213
0.6705160140991211
0.6638479232788086
0.6486847400665283
0.6985974311828613
0.6334011554718018
0.5911703109741211
0.5817975997924805
0.5698666572570801
0.5570783615112305
0.5405726432800293
0.503911018371582
0.2330007553100586
0.05413818359375
0.026766061782836914
0.008007287979125977
0.00583195686340332
0.0022449493408203125
0.5687360763549805
0.583472490310669
0.5832819938659668
0.5950145721435547
0.6419820785522461
0.6049108505249023
0.606177806854248
0.6076779365539551
0.6164686679840088
0.6179037094116211
0.6211588382720947
0.6205587387084961
0.6435246467590332
0.6865200996398926
0.6581120491027832
0.6506643295288086
0.6825683116912842
0.6961038112640381
0.6837034225463867
0.6809062957763672
0.7321805953979492
0.6533160209655762
0.6641957759857178
0.6452434062957764
0.6562001705169678
0.641167163848877
0.6626002788543701
0.7177736759185791
0.6835677623748779
0.6901600360870361
0.6747467517852783
0.681643009185791
0.7018258571624756
0.692845344543457
0.7412734031677246
0.6785366535186768
0.6720714569091797
0.684542179107666
0.6640682220458984
0.6303958892822266
0.6472456455230713
0.6892499923706055
0.6459803581237793
0.634284496307373
0.6201355457305908
0.6104514598846436
0.6131613254547119
0.5994777679443359
0.5804893970489502
0.5751185417175293
0.6032407283782959
0.5319092273712158
0.5166804790496826
0.3128793239593506
0.09664416313171387
0.06540799140930176
0.022246837615966797
0.012876510620117188
0.0045430660247802734
0.0022804737091064453
0.5713458061218262
0.5846025943756104
0.5882346630096436
0.5972979068756104
0.5935335159301758
0.6031882762908936
0.6020340919494629
0.6021218299865723
0.6613073348999023
0.6216533184051514
0.6172950267791748
0.6203486919403076
0.640580415725708
0.6387441158294678
0.6602540016174316
0.6836254596710205
0.7704765796661377
0.7274961471557617
0.7172501087188721
0.7065317630767822
0.7258579730987549
0.7472999095916748
0.662778377532959
0.6524991989135742
0.672269344329834
0.6757800579071045
0.6664478778839111
0.6095938682556152
0.6582465171813965
0.6809935569763184
0.66123366355896
0.6266982555389404
0.6470766067504883
0.6138432025909424
0.6124303340911865
0.6171982288360596
0.644524335861206
0.6693747043609619
0.6428577899932861
0.6407914161682129
0.6450080871582031
0.6499040126800537
0.6460599899291992
0.6368322372436523
0.6182136535644531
0.6584928035736084
0.6001615524291992
0.5987343788146973
0.5833332538604736
0.5653173923492432
0.5423603057861328
0.5366628170013428
0.5158801078796387
0.4094688892364502
0.13595962524414062
0.11007499694824219
0.032074689865112305
0.017773866653442383
0.010119438171386719
0.008051156997680664
0.004488706588745117
0.002274751663208008
