1.2105915546417236
0.9413156509399414
0.966468334197998
0.9646575450897217
1.0289182662963867
0.9961988925933838
1.0168850421905518
1.0178132057189941
1.0243515968322754
1.0518968105316162
1.0309505462646484
1.0639622211456299
1.0407063961029053
1.1244151592254639
1.0979492664337158
1.1105856895446777
1.1151010990142822
1.1927564144134521
1.1341383457183838
1.103851556777954
1.1227257251739502
1.1061811447143555
1.135460615158081
1.1290233135223389
1.0970184803009033
1.1201848983764648
1.0968773365020752
1.104435682296753
1.0835325717926025
1.1234493255615234
0.9952783584594727
1.0883514881134033
1.0781965255737305
1.1117451190948486
1.0842881202697754
1.0766901969909668
1.1040840148925781
1.072606086730957
1.0816831588745117
1.0590453147888184
1.0269222259521484
0.9914102554321289
0.9927630424499512
0.9813752174377441
1.0244503021240234
0.9622335433959961
0.9970548152923584
0.9477221965789795
0.9641416072845459
0.9194014072418213
0.8925609588623047
0.8665523529052734
0.8360662460327148
0.7939269542694092
0.26982665061950684
0.12382698059082031
0.039756059646606445
0.016354799270629883
0.0058476924896240234
0.002936124801635742
0.916588306427002
0.9324507713317871
0.9583196640014648
0.9603967666625977
0.9927630424499512
0.9930291175842285
1.0152392387390137
1.0669529438018799
1.0345754623413086
1.1112589836120605
1.0802843570709229
1.0973632335662842
1.073314905166626
1.057391881942749
1.0655546188354492
1.0976433753967285
1.0740365982055664
1.1246118545532227
1.0606143474578857
1.1023385524749756
1.0675957202911377
1.2019596099853516
1.1007919311523438
1.1562364101409912
1.1663079261779785
1.162905216217041
1.1707501411437988
1.1445069313049316
1.1509864330291748
1.1487376689910889
1.1208224296569824
1.1265738010406494
1.1724193096160889
1.1001601219177246
1.036315679550171
1.128864049911499
1.0560812950134277
1.1008243560791016
1.037358283996582
1.0922846794128418
1.020456314086914
1.07505464553833
1.0457751750946045
1.0551257133483887
0.9845995903015137
1.0021350383758545
1.0288774967193604
0.9741568565368652
0.9303638935089111
0.9000341892242432
0.8955426216125488
0.8629627227783203
0.8455538749694824
0.7911624908447266
0.6776785850524902
0.14622092247009277
0.06824994087219238
0.012639522552490234
0.00991964340209961
0.0029191970825195312
0.9076418876647949
0.9256138801574707
0.9487016201019287
0.9508483409881592
0.9840404987335205
0.9835844039916992
1.003967523574829
1.0033743381500244
1.0100409984588623
1.0373451709747314
1.017408847808838
1.101743459701538
1.029977560043335
1.108147144317627
1.080026388168335
1.0926778316497803
1.0999009609222412
1.118558406829834
1.115161657333374
1.0845003128051758
1.1064062118530273
1.1258175373077393
1.1403932571411133
1.1538572311401367
1.098311424255371
1.0933263301849365
1.11610746383667
1.1386005878448486
1.1057887077331543
1.0874509811401367
1.083751916885376
1.1001996994018555
1.0520341396331787
1.0528409481048584
1.0893194675445557
1.0596957206726074
1.005847454071045
1.0052549839019775
0.9877302646636963
0.9828982353210449
0.9897217750549316
0.9964046478271484
0.9782192707061768
1.036268949508667
0.9896073341369629
0.997291088104248
0.9826247692108154
0.9695463180541992
0.9426019191741943
0.907421350479126
0.8797750473022461
0.8723273277282715
0.8408870697021484
0.7999684810638428
0.5075883865356445
0.1734006404876709
0.042764902114868164
0.012360572814941406
0.005766868591308594
0.002882719039916992
0.9553756713867188
0.9211578369140625
0.9443743228912354
0.9507570266723633
0.9801235198974609
0.9813857078552246
1.003734827041626
1.003638505935669
1.0130784511566162
1.0360496044158936
1.0165400505065918
1.0484814643859863
1.02720046043396
1.1095716953277588
1.0808050632476807
1.1487090587615967
1.0970377922058105
1.1191794872283936
1.113344430923462
1.0858800411224365
1.1047141551971436
1.0851240158081055
1.1144907474517822
1.11301851272583
1.0836601257324219
1.1058018207550049
1.141862392425537
1.0922110080718994
1.0683608055114746
1.0662047863006592
1.0511534214019775
1.0239715576171875
1.0309200286865234
1.054994821548462
1.0274205207824707
1.0255622863769531
1.0190348625183105
1.0344645977020264
1.00486159324646
1.024491786956787
0.9865899085998535
1.0978724956512451
1.001955509185791
1.0201656818389893
0.9489469528198242
1.0130155086517334
0.9441685676574707
0.9504437446594238
0.931429386138916
0.9355354309082031
0.8991265296936035
0.8707356452941895
0.8245820999145508
0.8028488159179688
0.7571592330932617
0.1612234115600586
0.053958892822265625
0.015031576156616211
0.012237071990966797
0.0057086944580078125
0.002900362014770508
0.9042930603027344
0.9229698181152344
0.9454905986785889
0.9532747268676758
0.9837641716003418
0.9829235076904297
1.0563371181488037
1.0056827068328857
1.010190486907959
1.0373592376708984
1.016883373260498
1.0500092506408691
1.0280356407165527
1.1127357482910156
1.0826835632324219
1.0958118438720703
1.1010010242462158
1.1203854084014893
1.1174054145812988
1.146428108215332
1.106811761856079
1.0868425369262695
1.1168889999389648
1.1148979663848877
1.0874109268188477
1.1079893112182617
1.0844488143920898
1.0921862125396729
1.0701401233673096
1.0503442287445068
0.9770548343658447
1.1261463165283203
1.065213680267334
1.1020152568817139
1.075767993927002
1.0642592906951904
1.0898582935333252
1.061708688735962
1.0705499649047852
1.0142755508422852
0.9980688095092773
0.9841334819793701
1.0255146026611328
0.9628372192382812
1.0036523342132568
1.0170514583587646
0.9765381813049316
0.9303629398345947
0.9462380409240723
0.9046738147735596
0.9006257057189941
0.8752007484436035
0.834202766418457
0.7926061153411865
0.3645796775817871
0.18810653686523438
0.0484161376953125
0.025661706924438477
0.009984016418457031
0.0029256343841552734
0.9036028385162354
0.9166808128356934
0.9414322376251221
0.9459428787231445
0.9763445854187012
0.9786806106567383
1.0002045631408691
0.9995667934417725
1.0108647346496582
1.0314140319824219
1.0634346008300781
1.045335292816162
1.0259525775909424
1.1046645641326904
1.0773537158966064
1.0897507667541504
1.09340238571167
1.1068060398101807
1.0856297016143799
1.1550710201263428
1.1406023502349854
1.1532866954803467
1.2149827480316162
1.1068921089172363
1.0409610271453857
1.1729967594146729
1.0506348609924316
1.1433112621307373
1.0803372859954834
1.1106128692626953
1.043199062347412
1.0165736675262451
1.007676601409912
1.0380935668945312
1.0233299732208252
1.0386333465576172
0.9912688732147217
1.0486629009246826
0.9692003726959229
1.0034403800964355
0.9653830528259277
0.9514689445495605
0.9262135028839111
0.9763953685760498
0.9170222282409668
0.9669020175933838
0.9157769680023193
0.8942749500274658
0.8977727890014648
0.8804407119750977
0.8687410354614258
0.8232409954071045
0.810976505279541
0.765740156173706
0.38444089889526367
0.1120305061340332
0.053670406341552734
0.020196914672851562
0.0099029541015625
0.002899646759033203
0.9521334171295166
0.9199087619781494
0.9433820247650146
0.9476625919342041
0.9774377346038818
0.9799041748046875
0.9997649192810059
0.9990763664245605
1.0061793327331543
1.0340526103973389
1.0140352249145508
1.0452220439910889
1.0224390029907227
1.104602575302124
1.0763123035430908
1.1460020542144775
1.0950942039489746
1.1139287948608398
1.1460013389587402
1.1413850784301758
1.1520023345947266
1.1691815853118896
1.1950719356536865
1.1895802021026611
1.1877143383026123
1.2469956874847412
1.1904025077819824
1.1889235973358154
1.1505887508392334
1.1600663661956787
1.1584711074829102
1.1196210384368896
1.1169641017913818
1.0616800785064697
1.0701820850372314
1.0523593425750732
1.025625467300415
1.0912199020385742
1.0025551319122314
1.0512056350708008
0.9982330799102783
1.0137510299682617
1.0052366256713867
1.0246458053588867
1.047896146774292
1.035604476928711
1.020188808441162
1.005448818206787
0.9855647087097168
0.9526686668395996
0.8857913017272949
0.8681020736694336
0.859809160232544
0.809049129486084
0.6701524257659912
0.13884949684143066
0.0821537971496582
0.019612789154052734
0.007602691650390625
0.002966165542602539
0.9535045623779297
0.9177491664886475
0.9422223567962646
0.9467530250549316
0.9779486656188965
0.9786977767944336
1.0001220703125
1.0001916885375977
1.0071783065795898
1.0328223705291748
1.0132384300231934
1.0451040267944336
1.0236492156982422
1.1051807403564453
1.0772602558135986
1.145357608795166
1.0948467254638672
1.1153006553649902
1.11427640914917
1.0827605724334717
1.1036772727966309
1.11460542678833
1.1256332397460938
1.0776829719543457
1.105966567993164
1.1175258159637451
1.1492180824279785
1.21476411819458
1.1819210052490234
1.126570463180542
1.150763988494873
1.132267951965332
1.1254863739013672
1.057610273361206
1.0598554611206055
1.064035177230835
1.0907924175262451
1.1108508110046387
1.1370973587036133
1.0596208572387695
1.0061275959014893
1.0369384288787842
0.9928498268127441
1.0317893028259277
0.9684059619903564
0.9392132759094238
0.903724193572998
0.9169552326202393
0.8745369911193848
0.8442776203155518
0.858966588973999
0.8317084312438965
0.8215205669403076
0.7658255100250244
0.4383080005645752
0.07201457023620605
0.0475316047668457
0.010466575622558594
0.007602691650390625
0.0028603076934814453
0.8971550464630127
0.9157516956329346
0.938859224319458
0.9469680786132812
0.9763178825378418
1.0261070728302002
0.9970319271087646
0.9991347789764404
1.0029346942901611
1.0299804210662842
1.0087292194366455
1.0426223278045654
1.01938796043396
1.1036741733551025
1.0726656913757324
1.0872695446014404
1.0908803939819336
1.11187744140625
1.163383960723877
1.0783562660217285
1.1004970073699951
1.1077139377593994
1.1168410778045654
1.0707530975341797
1.0987765789031982
1.1105022430419922
1.1433656215667725
1.1510064601898193
1.2147104740142822
1.1803255081176758
1.2186424732208252
1.1458992958068848
1.1450655460357666
1.0998682975769043
1.1007893085479736
1.1091020107269287
1.0717003345489502
1.068223476409912
1.0236549377441406
1.0331318378448486
1.0257108211517334
1.0454185009002686
1.1127543449401855
1.0683088302612305
1.0464529991149902
1.0605087280273438
1.0239675045013428
0.9948201179504395
0.9761719703674316
0.9360694885253906
0.8915908336639404
0.8498268127441406
0.8237998485565186
0.7648494243621826
0.241990327835083
0.10996866226196289
0.05300712585449219
0.012668848037719727
0.009859800338745117
0.0028586387634277344
0.8965435028076172
0.9127202033996582
0.9356796741485596
0.9404406547546387
0.9703831672668457
0.9715766906738281
1.0437366962432861
0.9961302280426025
1.000762939453125
1.0286128520965576
1.0076110363006592
1.0393579006195068
1.017413854598999
1.100193977355957
1.0732343196868896
1.0867290496826172
1.090155839920044
1.1105906963348389
1.1427314281463623
1.1972665786743164
1.151890754699707
1.1100924015045166
1.1161549091339111
1.1110682487487793
1.0912041664123535
1.0950250625610352
1.100778579711914
1.1131229400634766
1.1203200817108154
1.0874605178833008
1.0555295944213867
1.1601393222808838
1.0330867767333984
1.0824341773986816
1.0342111587524414
1.0765259265899658
1.006861925125122
1.0445027351379395
0.9729099273681641
1.0599048137664795
0.9832203388214111
1.0527794361114502
0.990588903427124
1.0047130584716797
0.9803080558776855
1.0537850856781006
0.9755804538726807
0.9667065143585205
0.9505228996276855
0.9325833320617676
0.9065144062042236
0.886613130569458
0.8414487838745117
0.8080804347991943
0.7695455551147461
0.2747988700866699
0.04951190948486328
0.01781487464904785
0.007618904113769531
0.0028617382049560547
