1.4051971435546875
1.104414701461792
1.1137590408325195
1.113800287246704
1.1223297119140625
1.1623032093048096
1.1501455307006836
1.160715103149414
1.165461778640747
1.229623556137085
1.1694879531860352
1.1893131732940674
1.1755542755126953
1.1775391101837158
1.1850576400756836
1.1816065311431885
1.2389438152313232
1.191453218460083
1.2160649299621582
1.1937954425811768
1.2250077724456787
1.2060635089874268
1.223299264907837
1.2550804615020752
1.2148704528808594
1.1856577396392822
1.2106199264526367
1.1975769996643066
1.204719066619873
1.21144437789917
1.1854195594787598
1.17401123046875
1.1883859634399414
1.1785163879394531
1.212862253189087
1.2046639919281006
1.2561140060424805
1.2095065116882324
1.1969454288482666
1.1997740268707275
1.1820323467254639
1.1788520812988281
1.1567003726959229
1.191223382949829
1.140531063079834
1.1300909519195557
1.121495246887207
1.1067264080047607
1.0834863185882568
1.0789120197296143
1.0577349662780762
1.0174496173858643
1.014455795288086
0.986793041229248
0.594658613204956
0.09827136993408203
0.10893511772155762
0.029399871826171875
0.025661468505859375
0.007109403610229492
0.0035486221313476562
1.0842173099517822
1.0901238918304443
1.1544315814971924
1.1147501468658447
1.1128394603729248
1.1497712135314941
1.1521563529968262
1.1663742065429688
1.1710789203643799
1.180912733078003
1.2345988750457764
1.1973042488098145
1.2132587432861328
1.1887612342834473
1.2080905437469482
1.1990866661071777
1.2400808334350586
1.2050938606262207
1.2131903171539307
1.1922845840454102
1.2126481533050537
1.1902363300323486
1.2737994194030762
1.1820595264434814
1.225663185119629
1.1681029796600342
1.217808723449707
1.165628433227539
1.2144956588745117
1.2470078468322754
1.2062013149261475
1.1917133331298828
1.2085175514221191
1.1764657497406006
1.172936201095581
1.2163987159729004
1.1619219779968262
1.166520118713379
1.148064374923706
1.172502040863037
1.150825023651123
1.1563851833343506
1.199714183807373
1.1201696395874023
1.119713306427002
1.1020472049713135
1.103482723236084
1.109574794769287
1.0964946746826172
1.0764844417572021
1.0655090808868408
1.0486841201782227
1.0326709747314453
0.9887888431549072
0.5005507469177246
0.3060879707336426
0.060242652893066406
0.022758007049560547
0.007029294967651367
0.0035583972930908203
1.1212782859802246
1.082634449005127
1.0905005931854248
1.0891997814178467
1.0979185104370117
1.1359920501708984
1.1221532821655273
1.1332108974456787
1.1364336013793945
1.2021987438201904
1.1400456428527832
1.1675894260406494
1.1485538482666016
1.1485261917114258
1.1576476097106934
1.1573727130889893
1.21744704246521
1.174198865890503
1.2008967399597168
1.1788160800933838
1.2038555145263672
1.1827671527862549
1.2502126693725586
1.1790978908538818
1.1921422481536865
1.1648623943328857
1.186119794845581
1.1923489570617676
1.2056000232696533
1.2463421821594238
1.1727895736694336
1.1665630340576172
1.1413328647613525
1.1115388870239258
1.1040847301483154
1.1418044567108154
1.1234567165374756
1.1612505912780762
1.1065361499786377
1.107194185256958
1.0946986675262451
1.08636474609375
1.0855810642242432
1.0938067436218262
1.0890130996704102
1.0771803855895996
1.0890209674835205
1.0781371593475342
1.1428205966949463
1.0799193382263184
1.078840732574463
1.06386137008667
1.0333881378173828
1.0140135288238525
0.8063333034515381
0.29496288299560547
0.06483125686645508
0.02754998207092285
0.009546279907226562
0.003511667251586914
1.0692529678344727
1.0760595798492432
1.086120367050171
1.0857372283935547
1.0964906215667725
1.1889245510101318
1.127763271331787
1.1388745307922363
1.132430076599121
1.168760061264038
1.1451101303100586
1.1511006355285645
1.1940100193023682
1.1615135669708252
1.174320936203003
1.1870834827423096
1.188164234161377
1.1894266605377197
1.197622537612915
1.2308216094970703
1.2195188999176025
1.2044634819030762
1.2148656845092773
1.2253563404083252
1.230677604675293
1.2612864971160889
1.2243521213531494
1.2084178924560547
1.221156120300293
1.1818504333496094
1.2621371746063232
1.1880242824554443
1.2197411060333252
1.1810755729675293
1.2233529090881348
1.181652545928955
1.2806429862976074
1.167546272277832
1.217728614807129
1.1589641571044922
1.1922080516815186
1.1267709732055664
1.1486546993255615
1.1259419918060303
1.1961555480957031
1.1024730205535889
1.118224859237671
1.087385892868042
1.089855670928955
1.0740492343902588
1.0551061630249023
1.0395457744598389
1.032721996307373
1.0227713584899902
0.9796102046966553
0.37563133239746094
0.07438325881958008
0.027446985244750977
0.009613990783691406
0.0035295486450195312
1.0651888847351074
1.1231868267059326
1.0870263576507568
1.0848538875579834
1.095644474029541
1.1357874870300293
1.134401798248291
1.159557819366455
1.1553354263305664
1.2129054069519043
1.166555643081665
1.176800012588501
1.187554121017456
1.1726975440979004
1.1899702548980713
1.1841464042663574
1.2240362167358398
1.1877696514129639
1.2029259204864502
1.1801676750183105
1.19984769821167
1.172497272491455
1.2632319927215576
1.1721417903900146
1.2178089618682861
1.1486985683441162
1.1940317153930664
1.1451926231384277
1.242041826248169
1.1750998497009277
1.1956000328063965
1.1800241470336914
1.1979656219482422
1.1649754047393799
1.2108793258666992
1.1600801944732666
1.1515305042266846
1.155388355255127
1.1311821937561035
1.1614434719085693
1.1446678638458252
1.1471951007843018
1.1962075233459473
1.1132030487060547
1.1130521297454834
1.0962097644805908
1.0944018363952637
1.0979902744293213
1.0865859985351562
1.0731163024902344
1.0649652481079102
1.0418992042541504
1.0771527290344238
1.018524169921875
0.9840652942657471
0.26467370986938477
0.05953264236450195
0.022513628005981445
0.006970405578613281
0.0034873485565185547
1.062354564666748
1.0709092617034912
1.0807037353515625
1.079181432723999
1.0902230739593506
1.1285490989685059
1.1315393447875977
1.1997456550598145
1.156949520111084
1.1589767932891846
1.1591770648956299
1.1701607704162598
1.1851122379302979
1.1704692840576172
1.2441716194152832
1.190091609954834
1.1712727546691895
1.1803581714630127
1.1951000690460205
1.17525053024292
1.247891902923584
1.1737918853759766
1.2146258354187012
1.1677908897399902
1.208571195602417
1.1480836868286133
1.2466115951538086
1.154191493988037
1.1966397762298584
1.178466796875
1.1893675327301025
1.1509273052215576
1.1839332580566406
1.197892665863037
1.195695161819458
1.1756057739257812
1.1714329719543457
1.1789047718048096
1.1775355339050293
1.1528222560882568
1.2257883548736572
1.1412441730499268
1.1523644924163818
1.127417802810669
1.157494068145752
1.1222448348999023
1.1155400276184082
1.0882024765014648
1.1484925746917725
1.0853326320648193
1.061075210571289
1.0354993343353271
1.0051536560058594
0.9376928806304932
0.30977749824523926
0.12024211883544922
0.05398702621459961
0.0390324592590332
0.01885223388671875
0.015345335006713867
0.007021427154541016
0.0035157203674316406
1.0649402141571045
1.0734236240386963
1.0832529067993164
1.0792295932769775
1.0901741981506348
1.1280386447906494
1.1848559379577637
1.1554272174835205
1.157780647277832
1.166200876235962
1.1640982627868652
1.180006504058838
1.2435376644134521
1.1807136535644531
1.1990039348602295
1.1919000148773193
1.1766810417175293
1.1917564868927002
1.2553317546844482
1.1854960918426514
1.20522141456604
1.1755352020263672
1.2140507698059082
1.1681506633758545
1.2118070125579834
1.2076196670532227
1.2025275230407715
1.1471607685089111
1.194370985031128
1.1705317497253418
1.196244478225708
1.2314643859863281
1.1919338703155518
1.1798863410949707
1.1624901294708252
1.1684942245483398
1.1417348384857178
1.178466558456421
1.2050411701202393
1.1148710250854492
1.0876014232635498
1.1209664344787598
1.0872371196746826
1.1236441135406494
1.093235969543457
1.0945706367492676
1.0718820095062256
1.1231727600097656
1.0650649070739746
1.0364539623260498
1.0275352001190186
1.0090153217315674
0.9966528415679932
0.9607114791870117
0.47432708740234375
0.12116193771362305
0.0792086124420166
0.01858234405517578
0.015126705169677734
0.006890058517456055
0.0034966468811035156
1.0594911575317383
1.0677356719970703
1.0783066749572754
1.077749252319336
1.0869123935699463
1.180053949356079
1.1330482959747314
1.1496028900146484
1.152165174484253
1.1592836380004883
1.15516996383667
1.1700992584228516
1.236781120300293
1.172935962677002
1.1761019229888916
1.1752378940582275
1.1839337348937988
1.1891796588897705
1.249110221862793
1.2002828121185303
1.1938631534576416
1.1815922260284424
1.1728143692016602
1.1579973697662354
1.1832616329193115
1.226870059967041
1.171922206878662
1.1694698333740234
1.1749958992004395
1.1527292728424072
1.162604570388794
1.2172582149505615
1.186408519744873
1.1750547885894775
1.1874442100524902
1.1693520545959473
1.199007272720337
1.209383487701416
1.1909515857696533
1.1443965435028076
1.1699104309082031
1.1359443664550781
1.157972812652588
1.1331512928009033
1.1292145252227783
1.1662611961364746
1.0924944877624512
1.0912578105926514
1.0885112285614014
1.062821865081787
1.0573439598083496
1.0278546810150146
1.018932819366455
0.8059396743774414
0.4207150936126709
0.050889015197753906
0.047609567642211914
0.012897014617919922
0.009448528289794922
0.0034809112548828125
1.0553719997406006
1.0622646808624268
1.1200923919677734
1.073601245880127
1.083756446838379
1.120971918106079
1.1235198974609375
1.142806053161621
1.1452226638793945
1.1530427932739258
1.2036075592041016
1.1635386943817139
1.1799914836883545
1.1643130779266357
1.1837563514709473
1.1769251823425293
1.2126808166503906
1.177492380142212
1.1903975009918213
1.1704485416412354
1.1903221607208252
1.1608498096466064
1.2496099472045898
1.165741205215454
1.2108855247497559
1.1478044986724854
1.1965084075927734
1.1459605693817139
1.1881935596466064
1.2220344543457031
1.192312479019165
1.179328441619873
1.1918938159942627
1.1613457202911377
1.1608726978302002
1.20243501663208
1.1459856033325195
1.1474123001098633
1.1236417293548584
1.1610636711120605
1.1408917903900146
1.1477336883544922
1.187589406967163
1.108621597290039
1.0930039882659912
1.1034839153289795
1.0899617671966553
1.0898737907409668
1.0743873119354248
1.0755763053894043
1.0564806461334229
1.038120985031128
1.0186128616333008
0.9758245944976807
0.7180700302124023
0.24791383743286133
0.24428558349609375
0.09445595741271973
0.09086751937866211
0.028235673904418945
0.025182723999023438
0.009372234344482422
0.0034770965576171875
1.107813835144043
1.0696313381195068
1.0800440311431885
1.0791022777557373
1.0881683826446533
1.1286070346832275
1.1301264762878418
1.1502776145935059
1.152808427810669
1.209094524383545
1.1578030586242676
1.1625590324401855
1.1440329551696777
1.1499953269958496
1.1655499935150146
1.1982836723327637
1.149611473083496
1.1449546813964844
1.1459596157073975
1.1354281902313232
1.1747496128082275
1.1747448444366455
1.2511873245239258
1.1780238151550293
1.185636043548584
1.156468391418457
1.175555944442749
1.1969058513641357
1.230774164199829
1.1888558864593506
1.1779839992523193
1.1568882465362549
1.175356388092041
1.1285738945007324
1.17417573928833
1.1876554489135742
1.1620244979858398
1.1297290325164795
1.1724522113800049
1.134840488433838
1.1866474151611328
1.1308186054229736
1.2058699131011963
1.1237621307373047
1.1360540390014648
1.0997695922851562
1.092552900314331
1.0741848945617676
1.0876636505126953
1.0732784271240234
1.049257516860962
1.0369274616241455
1.0149636268615723
1.0400440692901611
0.578270673751831
0.22584867477416992
0.10011577606201172
0.022687435150146484
0.012257814407348633
0.006807088851928711
0.0034341812133789062
