1.0363435745239258
0.7516360282897949
0.7483994960784912
0.7749128341674805
0.7743821144104004
0.7748253345489502
0.7893199920654297
0.7930757999420166
0.8098089694976807
0.8411133289337158
0.8161284923553467
0.8034114837646484
0.8092494010925293
0.8156933784484863
0.8436439037322998
0.8397748470306396
0.8680562973022461
0.812187910079956
0.7983362674713135
0.8067448139190674
0.7956671714782715
0.7938938140869141
0.8051455020904541
0.7902991771697998
0.8497474193572998
0.7973992824554443
0.7976806163787842
0.7788152694702148
0.7713077068328857
0.7735097408294678
0.793811559677124
0.7759904861450195
0.8601648807525635
0.8051624298095703
0.8108270168304443
0.7941324710845947
0.7997479438781738
0.7814173698425293
0.7648046016693115
0.7523641586303711
0.738471269607544
0.7257082462310791
0.8139524459838867
0.7226219177246094
0.7628145217895508
0.743276834487915
0.7299439907073975
0.7214109897613525
0.7204389572143555
0.7198107242584229
0.6934056282043457
0.690934419631958
0.6750898361206055
0.6632978916168213
0.61635422706604
0.2441389560699463
0.06114315986633301
0.02070331573486328
0.007059335708618164
0.002785921096801758
0.7271466255187988
0.791388988494873
0.743037223815918
0.7676610946655273
0.7636573314666748
0.7684926986694336
0.7826907634735107
0.7910580635070801
0.7971343994140625
0.845008373260498
0.8012123107910156
0.8059210777282715
0.7900686264038086
0.797612190246582
0.7935993671417236
0.8131382465362549
0.7882013320922852
0.8494558334350586
0.792327880859375
0.7694559097290039
0.8143138885498047
0.8052768707275391
0.8096113204956055
0.8116211891174316
0.8879320621490479
0.8561587333679199
0.8097784519195557
0.8009839057922363
0.7818269729614258
0.7887246608734131
0.7630863189697266
0.7611072063446045
0.7725257873535156
0.8215129375457764
0.766488790512085
0.7648110389709473
0.7476541996002197
0.7575290203094482
0.7474424839019775
0.7327802181243896
0.7347884178161621
0.743030309677124
0.7237014770507812
0.7792539596557617
0.7237820625305176
0.7220306396484375
0.7023868560791016
0.6964190006256104
0.7019650936126709
0.691603422164917
0.6787199974060059
0.6790611743927002
0.6727190017700195
0.627791166305542
0.15403008460998535
0.1605212688446045
0.02628183364868164
0.025342226028442383
0.005224466323852539
0.0027070045471191406
0.7163379192352295
0.731682538986206
0.7320473194122314
0.812089204788208
0.7618355751037598
0.766303539276123
0.7773861885070801
0.7866251468658447
0.7978193759918213
0.7881927490234375
0.7975037097930908
0.8557920455932617
0.7910349369049072
0.7905173301696777
0.7924175262451172
0.8142185211181641
0.786196231842041
0.7894744873046875
0.8345646858215332
0.7677326202392578
0.8152964115142822
0.8083691596984863
0.7995634078979492
0.804032564163208
0.8294227123260498
0.8909931182861328
0.7985358238220215
0.7894370555877686
0.773796558380127
0.7763004302978516
0.7506747245788574
0.7485489845275879
0.761648416519165
0.7606344223022461
0.8175318241119385
0.7570304870605469
0.7452676296234131
0.7570436000823975
0.7458791732788086
0.7308743000030518
0.7317473888397217
0.7396178245544434
0.7201516628265381
0.7256805896759033
0.7200522422790527
0.7198078632354736
0.7503037452697754
0.697700023651123
0.7062904834747314
0.6872982978820801
0.6790473461151123
0.6789891719818115
0.6724812984466553
0.6306495666503906
0.15387392044067383
0.1661360263824463
0.026288509368896484
0.0252685546875
0.00523829460144043
0.002666950225830078
0.7130837440490723
0.7288475036621094
0.7300004959106445
0.7541310787200928
0.8001158237457275
0.7590658664703369
0.7699182033538818
0.7790815830230713
0.7886555194854736
0.7848496437072754
0.7929267883300781
0.8050038814544678
0.8413143157958984
0.7892982959747314
0.7892625331878662
0.8085618019104004
0.7822847366333008
0.7871553897857666
0.7841267585754395
0.7652525901794434
0.8396568298339844
0.8203322887420654
0.8522012233734131
0.8924305438995361
0.8723912239074707
0.8715312480926514
0.9191591739654541
0.8717520236968994
0.8748295307159424
0.8666589260101318
0.8407309055328369
0.8543546199798584
0.9143421649932861
0.8534066677093506
0.8424434661865234
0.817033052444458
0.8240420818328857
0.8152182102203369
0.8558681011199951
0.8241491317749023
0.8531930446624756
0.8253998756408691
0.8052258491516113
0.774930477142334
0.7487008571624756
0.748070240020752
0.8080391883850098
0.7672083377838135
0.7553591728210449
0.755338191986084
0.7090325355529785
0.6916086673736572
0.6735947132110596
0.6419088840484619
0.3374950885772705
0.10873866081237793
0.03964495658874512
0.012126684188842773
0.009502649307250977
0.0052869319915771484
0.0026183128356933594
0.71604323387146
0.7325460910797119
0.729257345199585
0.8043415546417236
0.7573707103729248
0.7601869106292725
0.7738800048828125
0.7824556827545166
0.7888169288635254
0.7867200374603271
0.7965044975280762
0.8556945323944092
0.7887282371520996
0.7899224758148193
0.7885713577270508
0.8048028945922852
0.7796781063079834
0.7836401462554932
0.7778210639953613
0.8154363632202148
0.8129940032958984
0.8040828704833984
0.8044037818908691
0.8087596893310547
0.8315460681915283
0.8393573760986328
0.8469443321228027
0.7913541793823242
0.7718803882598877
0.7794218063354492
0.7552576065063477
0.7524604797363281
0.7646856307983398
0.7587110996246338
0.7610235214233398
0.8072206974029541
0.792142391204834
0.7906689643859863
0.7828395366668701
0.7586894035339355
0.7502024173736572
0.748300313949585
0.737598180770874
0.7329740524291992
0.7148215770721436
0.7750306129455566
0.7243258953094482
0.7177526950836182
0.7064573764801025
0.7011508941650391
0.6900477409362793
0.6801760196685791
0.6601173877716064
0.6504769325256348
0.2844431400299072
0.16687774658203125
0.03446197509765625
0.02533698081970215
0.005396604537963867
0.0026764869689941406
0.7168314456939697
0.7332656383514404
0.7326440811157227
0.7603504657745361
0.8078124523162842
0.7625806331634521
0.7742583751678467
0.7803225517272949
0.7850627899169922
0.7829675674438477
0.7954938411712646
0.805814266204834
0.8380289077758789
0.7856934070587158
0.7866885662078857
0.8054919242858887
0.7844891548156738
0.7682864665985107
0.8207950592041016
0.8081822395324707
0.7757775783538818
0.7625291347503662
0.7830309867858887
0.7619924545288086
0.7688009738922119
0.7596819400787354
0.7523252964019775
0.7758705615997314
0.7940242290496826
0.7437129020690918
0.7622642517089844
0.7597119808197021
0.7885918617248535
0.7934248447418213
0.8040814399719238
0.7878808975219727
0.8510429859161377
0.7947146892547607
0.7958650588989258
0.8036453723907471
0.8184964656829834
0.8012375831604004
0.8169503211975098
0.8045840263366699
0.8368806838989258
0.7821736335754395
0.7478139400482178
0.7396225929260254
0.7391691207885742
0.7306606769561768
0.7022135257720947
0.6860294342041016
0.6696314811706543
0.6505250930786133
0.29813623428344727
0.17386770248413086
0.03381609916687012
0.020533084869384766
0.006860256195068359
0.002631664276123047
0.711381196975708
0.7810616493225098
0.7320799827575684
0.7563965320587158
0.751718282699585
0.7544450759887695
0.7664873600006104
0.7750968933105469
0.782264232635498
0.8697395324707031
0.8290035724639893
0.8339316844940186
0.8398985862731934
0.835599422454834
0.8092057704925537
0.7989060878753662
0.8597846031188965
0.8155229091644287
0.7925434112548828
0.7987155914306641
0.7828159332275391
0.7909646034240723
0.8133330345153809
0.9142827987670898
0.8605175018310547
0.8696465492248535
0.8562214374542236
0.8675796985626221
0.8472988605499268
0.9064466953277588
0.9013903141021729
0.8722150325775146
0.8751018047332764
0.8461813926696777
0.8298332691192627
0.8650593757629395
0.832439661026001
0.8049569129943848
0.8111677169799805
0.7962312698364258
0.7738950252532959
0.7715332508087158
0.7804133892059326
0.8312199115753174
0.7791237831115723
0.7753221988677979
0.7902934551239014
0.7417411804199219
0.7076563835144043
0.6977543830871582
0.6873311996459961
0.6637892723083496
0.6558334827423096
0.6410930156707764
0.5088183879852295
0.18544363975524902
0.05229806900024414
0.015798568725585938
0.005270719528198242
0.002675294876098633
0.712744951248169
0.7835240364074707
0.7337079048156738
0.7579936981201172
0.7550244331359863
0.7543644905090332
0.7677690982818604
0.7763416767120361
0.7826435565948486
0.8695065975189209
0.8327198028564453
0.836754560470581
0.8440041542053223
0.8368082046508789
0.8462300300598145
0.8901104927062988
0.859825849533081
0.8322787284851074
0.8293085098266602
0.8252756595611572
0.8441481590270996
0.8356738090515137
0.8776199817657471
0.8335967063903809
0.8184995651245117
0.8211319446563721
0.8663702011108398
0.8618299961090088
0.957573413848877
0.8875722885131836
0.8751547336578369
0.8254013061523438
0.8332116603851318
0.7965893745422363
0.8624730110168457
0.7783617973327637
0.8203384876251221
0.8036613464355469
0.7984762191772461
0.7946686744689941
0.7963771820068359
0.8502938747406006
0.8060252666473389
0.7996587753295898
0.7929785251617432
0.779496431350708
0.7614648342132568
0.7554118633270264
0.7299764156341553
0.7196497917175293
0.6946430206298828
0.7101340293884277
0.6438813209533691
0.5972878932952881
0.27939796447753906
0.07511448860168457
0.04365253448486328
0.013499975204467773
0.010981082916259766
0.00519561767578125
0.0026082992553710938
0.7156970500946045
0.7306129932403564
0.7317657470703125
0.7561564445495605
0.7558000087738037
0.7555882930755615
0.7707386016845703
0.7749269008636475
0.8371601104736328
0.7706096172332764
0.7927110195159912
0.7811386585235596
0.7915534973144531
0.8001198768615723
0.8274221420288086
0.8756654262542725
0.807074785232544
0.8004000186920166
0.7793240547180176
0.77614426612854
0.7811141014099121
0.7785778045654297
0.8330228328704834
0.7836439609527588
0.7872557640075684
0.8265781402587891
0.8016843795776367
0.7928571701049805
0.8266358375549316
0.7907702922821045
0.8891992568969727
0.8234283924102783
0.799790620803833
0.7915871143341064
0.7917373180389404
0.7816257476806641
0.7796008586883545
0.8180913925170898
0.7638568878173828
0.7392992973327637
0.7410449981689453
0.7321715354919434
0.7342429161071777
0.7260630130767822
0.7159874439239502
0.7163057327270508
0.7125403881072998
0.7115259170532227
0.7038369178771973
0.7532579898834229
0.6803874969482422
0.6683211326599121
0.47014808654785156
0.4094364643096924
0.0691061019897461
0.0886678695678711
0.02903604507446289
0.018818378448486328
0.005294084548950195
0.0026454925537109375
0.7156345844268799
0.7279171943664551
0.7281601428985596
0.752971887588501
0.7509016990661621
0.7559566497802734
0.7664508819580078
0.8263485431671143
0.7882523536682129
0.8245410919189453
0.829660177230835
0.8336458206176758
0.83949875831604
0.8836193084716797
0.8147332668304443
0.8052577972412109
0.8117532730102539
0.8107712268829346
0.7860503196716309
0.7938907146453857
0.7825841903686523
0.8451378345489502
0.8158087730407715
0.8621444702148438
0.8542013168334961
0.8623242378234863
0.8512194156646729
0.913313627243042
0.8477487564086914
0.853546142578125
0.9018888473510742
0.8719823360443115
0.9236776828765869
0.8473985195159912
0.839928150177002
0.8181226253509521
0.831531286239624
0.8073394298553467
0.8150765895843506
0.852287769317627
0.7775218486785889
0.7759337425231934
0.7719993591308594
0.781651496887207
0.7987446784973145
0.7896883487701416
0.7705307006835938
0.8268775939941406
0.7463788986206055
0.7331454753875732
0.7103466987609863
0.7033400535583496
0.6780998706817627
0.6551413536071777
0.3991818428039551
0.16719865798950195
0.04629707336425781
0.015842914581298828
0.006989002227783203
0.002680540084838867
